<?xml version="1.0" encoding="UTF-8"?>
<coverage generated="1760715592913" clover="3.2.0">
  <project timestamp="1760715592913" name="All files">
    <metrics statements="987" coveredstatements="78" conditionals="519" coveredconditionals="36" methods="146" coveredmethods="12" elements="1652" coveredelements="126" complexity="0" loc="987" ncloc="987" packages="2" files="2" classes="2"/>
    <package name="NewpROJEKTAI">
      <metrics statements="874" coveredstatements="0" conditionals="448" coveredconditionals="0" methods="131" coveredmethods="0"/>
      <file name="server.js" path="C:\NewpROJEKTAI\server.js">
        <metrics statements="874" coveredstatements="0" conditionals="448" coveredconditionals="0" methods="131" coveredmethods="0"/>
        <line num="1" count="0" type="stmt"/>
        <line num="2" count="0" type="stmt"/>
        <line num="3" count="0" type="stmt"/>
        <line num="4" count="0" type="stmt"/>
        <line num="5" count="0" type="stmt"/>
        <line num="6" count="0" type="stmt"/>
        <line num="7" count="0" type="stmt"/>
        <line num="8" count="0" type="stmt"/>
        <line num="9" count="0" type="stmt"/>
        <line num="10" count="0" type="stmt"/>
        <line num="11" count="0" type="stmt"/>
        <line num="12" count="0" type="stmt"/>
        <line num="13" count="0" type="stmt"/>
        <line num="14" count="0" type="stmt"/>
        <line num="15" count="0" type="stmt"/>
        <line num="16" count="0" type="stmt"/>
        <line num="17" count="0" type="stmt"/>
        <line num="19" count="0" type="stmt"/>
        <line num="20" count="0" type="stmt"/>
        <line num="21" count="0" type="stmt"/>
        <line num="24" count="0" type="stmt"/>
        <line num="25" count="0" type="stmt"/>
        <line num="29" count="0" type="stmt"/>
        <line num="30" count="0" type="stmt"/>
        <line num="31" count="0" type="stmt"/>
        <line num="32" count="0" type="stmt"/>
        <line num="33" count="0" type="stmt"/>
        <line num="36" count="0" type="cond" truecount="0" falsecount="2"/>
        <line num="37" count="0" type="stmt"/>
        <line num="41" count="0" type="stmt"/>
        <line num="42" count="0" type="stmt"/>
        <line num="43" count="0" type="cond" truecount="0" falsecount="2"/>
        <line num="44" count="0" type="stmt"/>
        <line num="49" count="0" type="cond" truecount="0" falsecount="2"/>
        <line num="50" count="0" type="stmt"/>
        <line num="53" count="0" type="stmt"/>
        <line num="56" count="0" type="cond" truecount="0" falsecount="2"/>
        <line num="57" count="0" type="stmt"/>
        <line num="71" count="0" type="stmt"/>
        <line num="73" count="0" type="stmt"/>
        <line num="74" count="0" type="cond" truecount="0" falsecount="4"/>
        <line num="75" count="0" type="stmt"/>
        <line num="84" count="0" type="stmt"/>
        <line num="86" count="0" type="stmt"/>
        <line num="90" count="0" type="stmt"/>
        <line num="96" count="0" type="cond" truecount="0" falsecount="2"/>
        <line num="99" count="0" type="stmt"/>
        <line num="109" count="0" type="stmt"/>
        <line num="119" count="0" type="stmt"/>
        <line num="138" count="0" type="stmt"/>
        <line num="141" count="0" type="stmt"/>
        <line num="144" count="0" type="cond" truecount="0" falsecount="2"/>
        <line num="146" count="0" type="stmt"/>
        <line num="156" count="0" type="stmt"/>
        <line num="157" count="0" type="cond" truecount="0" falsecount="2"/>
        <line num="158" count="0" type="cond" truecount="0" falsecount="2"/>
        <line num="159" count="0" type="stmt"/>
        <line num="162" count="0" type="cond" truecount="0" falsecount="2"/>
        <line num="163" count="0" type="stmt"/>
        <line num="165" count="0" type="stmt"/>
        <line num="166" count="0" type="stmt"/>
        <line num="167" count="0" type="stmt"/>
        <line num="175" count="0" type="stmt"/>
        <line num="176" count="0" type="stmt"/>
        <line num="177" count="0" type="stmt"/>
        <line num="178" count="0" type="stmt"/>
        <line num="181" count="0" type="stmt"/>
        <line num="184" count="0" type="stmt"/>
        <line num="185" count="0" type="stmt"/>
        <line num="186" count="0" type="stmt"/>
        <line num="190" count="0" type="stmt"/>
        <line num="193" count="0" type="stmt"/>
        <line num="197" count="0" type="stmt"/>
        <line num="198" count="0" type="stmt"/>
        <line num="199" count="0" type="stmt"/>
        <line num="202" count="0" type="stmt"/>
        <line num="203" count="0" type="stmt"/>
        <line num="206" count="0" type="cond" truecount="0" falsecount="2"/>
        <line num="207" count="0" type="stmt"/>
        <line num="208" count="0" type="cond" truecount="0" falsecount="2"/>
        <line num="209" count="0" type="stmt"/>
        <line num="210" count="0" type="stmt"/>
        <line num="211" count="0" type="stmt"/>
        <line num="212" count="0" type="stmt"/>
        <line num="219" count="0" type="stmt"/>
        <line num="225" count="0" type="stmt"/>
        <line num="230" count="0" type="stmt"/>
        <line num="237" count="0" type="stmt"/>
        <line num="244" count="0" type="stmt"/>
        <line num="259" count="0" type="stmt"/>
        <line num="260" count="0" type="stmt"/>
        <line num="261" count="0" type="stmt"/>
        <line num="263" count="0" type="stmt"/>
        <line num="265" count="0" type="stmt"/>
        <line num="267" count="0" type="stmt"/>
        <line num="271" count="0" type="stmt"/>
        <line num="272" count="0" type="stmt"/>
        <line num="273" count="0" type="stmt"/>
        <line num="274" count="0" type="stmt"/>
        <line num="277" count="0" type="stmt"/>
        <line num="278" count="0" type="stmt"/>
        <line num="285" count="0" type="cond" truecount="0" falsecount="4"/>
        <line num="286" count="0" type="stmt"/>
        <line num="289" count="0" type="cond" truecount="0" falsecount="4"/>
        <line num="290" count="0" type="stmt"/>
        <line num="291" count="0" type="cond" truecount="0" falsecount="2"/>
        <line num="292" count="0" type="cond" truecount="0" falsecount="2"/>
        <line num="295" count="0" type="stmt"/>
        <line num="301" count="0" type="stmt"/>
        <line num="302" count="0" type="stmt"/>
        <line num="309" count="0" type="stmt"/>
        <line num="313" count="0" type="cond" truecount="0" falsecount="2"/>
        <line num="314" count="0" type="cond" truecount="0" falsecount="3"/>
        <line num="316" count="0" type="stmt"/>
        <line num="317" count="0" type="stmt"/>
        <line num="318" count="0" type="stmt"/>
        <line num="323" count="0" type="stmt"/>
        <line num="325" count="0" type="stmt"/>
        <line num="327" count="0" type="stmt"/>
        <line num="328" count="0" type="stmt"/>
        <line num="330" count="0" type="stmt"/>
        <line num="331" count="0" type="stmt"/>
        <line num="336" count="0" type="stmt"/>
        <line num="338" count="0" type="cond" truecount="0" falsecount="2"/>
        <line num="342" count="0" type="cond" truecount="0" falsecount="4"/>
        <line num="343" count="0" type="stmt"/>
        <line num="345" count="0" type="stmt"/>
        <line num="351" count="0" type="stmt"/>
        <line num="352" count="0" type="stmt"/>
        <line num="359" count="0" type="stmt"/>
        <line num="363" count="0" type="cond" truecount="0" falsecount="4"/>
        <line num="364" count="0" type="cond" truecount="0" falsecount="3"/>
        <line num="366" count="0" type="stmt"/>
        <line num="367" count="0" type="stmt"/>
        <line num="369" count="0" type="stmt"/>
        <line num="370" count="0" type="stmt"/>
        <line num="372" count="0" type="stmt"/>
        <line num="373" count="0" type="stmt"/>
        <line num="377" count="0" type="stmt"/>
        <line num="378" count="0" type="stmt"/>
        <line num="384" count="0" type="stmt"/>
        <line num="401" count="0" type="stmt"/>
        <line num="402" count="0" type="cond" truecount="0" falsecount="2"/>
        <line num="404" count="0" type="stmt"/>
        <line num="405" count="0" type="stmt"/>
        <line num="411" count="0" type="stmt"/>
        <line num="412" count="0" type="stmt"/>
        <line num="416" count="0" type="stmt"/>
        <line num="418" count="0" type="stmt"/>
        <line num="433" count="0" type="stmt"/>
        <line num="434" count="0" type="stmt"/>
        <line num="435" count="0" type="stmt"/>
        <line num="440" count="0" type="stmt"/>
        <line num="442" count="0" type="stmt"/>
        <line num="449" count="0" type="stmt"/>
        <line num="450" count="0" type="stmt"/>
        <line num="459" count="0" type="stmt"/>
        <line num="460" count="0" type="stmt"/>
        <line num="461" count="0" type="stmt"/>
        <line num="463" count="0" type="cond" truecount="0" falsecount="2"/>
        <line num="464" count="0" type="stmt"/>
        <line num="471" count="0" type="stmt"/>
        <line num="477" count="0" type="stmt"/>
        <line num="478" count="0" type="stmt"/>
        <line num="487" count="0" type="stmt"/>
        <line num="488" count="0" type="stmt"/>
        <line num="489" count="0" type="stmt"/>
        <line num="491" count="0" type="cond" truecount="0" falsecount="5"/>
        <line num="492" count="0" type="stmt"/>
        <line num="499" count="0" type="stmt"/>
        <line num="509" count="0" type="stmt"/>
        <line num="511" count="0" type="stmt"/>
        <line num="518" count="0" type="stmt"/>
        <line num="519" count="0" type="stmt"/>
        <line num="528" count="0" type="stmt"/>
        <line num="529" count="0" type="stmt"/>
        <line num="530" count="0" type="stmt"/>
        <line num="531" count="0" type="stmt"/>
        <line num="533" count="0" type="cond" truecount="0" falsecount="2"/>
        <line num="534" count="0" type="stmt"/>
        <line num="541" count="0" type="stmt"/>
        <line num="548" count="0" type="stmt"/>
        <line num="549" count="0" type="stmt"/>
        <line num="558" count="0" type="stmt"/>
        <line num="559" count="0" type="stmt"/>
        <line num="560" count="0" type="stmt"/>
        <line num="562" count="0" type="cond" truecount="0" falsecount="2"/>
        <line num="563" count="0" type="stmt"/>
        <line num="570" count="0" type="stmt"/>
        <line num="576" count="0" type="stmt"/>
        <line num="577" count="0" type="stmt"/>
        <line num="588" count="0" type="stmt"/>
        <line num="589" count="0" type="stmt"/>
        <line num="590" count="0" type="stmt"/>
        <line num="591" count="0" type="stmt"/>
        <line num="594" count="0" type="stmt"/>
        <line num="611" count="0" type="stmt"/>
        <line num="613" count="0" type="stmt"/>
        <line num="614" count="0" type="stmt"/>
        <line num="625" count="0" type="cond" truecount="0" falsecount="2"/>
        <line num="626" count="0" type="stmt"/>
        <line num="629" count="0" type="stmt"/>
        <line num="636" count="0" type="stmt"/>
        <line num="644" count="0" type="stmt"/>
        <line num="646" count="0" type="cond" truecount="0" falsecount="4"/>
        <line num="647" count="0" type="stmt"/>
        <line num="654" count="0" type="stmt"/>
        <line num="656" count="0" type="stmt"/>
        <line num="657" count="0" type="stmt"/>
        <line num="658" count="0" type="stmt"/>
        <line num="659" count="0" type="stmt"/>
        <line num="661" count="0" type="stmt"/>
        <line num="671" count="0" type="stmt"/>
        <line num="673" count="0" type="cond" truecount="0" falsecount="2"/>
        <line num="674" count="0" type="stmt"/>
        <line num="681" count="0" type="stmt"/>
        <line num="683" count="0" type="cond" truecount="0" falsecount="2"/>
        <line num="684" count="0" type="stmt"/>
        <line num="692" count="0" type="stmt"/>
        <line num="693" count="0" type="stmt"/>
        <line num="695" count="0" type="cond" truecount="0" falsecount="2"/>
        <line num="696" count="0" type="stmt"/>
        <line num="702" count="0" type="stmt"/>
        <line num="705" count="0" type="cond" truecount="0" falsecount="2"/>
        <line num="706" count="0" type="stmt"/>
        <line num="707" count="0" type="stmt"/>
        <line num="711" count="0" type="cond" truecount="0" falsecount="2"/>
        <line num="712" count="0" type="stmt"/>
        <line num="713" count="0" type="stmt"/>
        <line num="723" count="0" type="stmt"/>
        <line num="724" count="0" type="stmt"/>
        <line num="727" count="0" type="stmt"/>
        <line num="728" count="0" type="stmt"/>
        <line num="729" count="0" type="stmt"/>
        <line num="731" count="0" type="stmt"/>
        <line num="737" count="0" type="stmt"/>
        <line num="738" count="0" type="stmt"/>
        <line num="739" count="0" type="cond" truecount="0" falsecount="1"/>
        <line num="742" count="0" type="cond" truecount="0" falsecount="4"/>
        <line num="743" count="0" type="stmt"/>
        <line num="750" count="0" type="stmt"/>
        <line num="751" count="0" type="cond" truecount="0" falsecount="2"/>
        <line num="752" count="0" type="stmt"/>
        <line num="759" count="0" type="stmt"/>
        <line num="762" count="0" type="stmt"/>
        <line num="763" count="0" type="stmt"/>
        <line num="773" count="0" type="stmt"/>
        <line num="776" count="0" type="stmt"/>
        <line num="777" count="0" type="stmt"/>
        <line num="785" count="0" type="stmt"/>
        <line num="788" count="0" type="stmt"/>
        <line num="794" count="0" type="stmt"/>
        <line num="808" count="0" type="stmt"/>
        <line num="811" count="0" type="stmt"/>
        <line num="812" count="0" type="stmt"/>
        <line num="821" count="0" type="stmt"/>
        <line num="822" count="0" type="stmt"/>
        <line num="823" count="0" type="stmt"/>
        <line num="825" count="0" type="cond" truecount="0" falsecount="4"/>
        <line num="826" count="0" type="stmt"/>
        <line num="833" count="0" type="stmt"/>
        <line num="834" count="0" type="cond" truecount="0" falsecount="2"/>
        <line num="835" count="0" type="stmt"/>
        <line num="842" count="0" type="stmt"/>
        <line num="843" count="0" type="cond" truecount="0" falsecount="2"/>
        <line num="844" count="0" type="stmt"/>
        <line num="851" count="0" type="stmt"/>
        <line num="858" count="0" type="stmt"/>
        <line num="859" count="0" type="stmt"/>
        <line num="860" count="0" type="stmt"/>
        <line num="867" count="0" type="stmt"/>
        <line num="882" count="0" type="stmt"/>
        <line num="883" count="0" type="stmt"/>
        <line num="892" count="0" type="stmt"/>
        <line num="893" count="0" type="stmt"/>
        <line num="894" count="0" type="stmt"/>
        <line num="896" count="0" type="cond" truecount="0" falsecount="2"/>
        <line num="897" count="0" type="stmt"/>
        <line num="904" count="0" type="stmt"/>
        <line num="905" count="0" type="stmt"/>
        <line num="906" count="0" type="stmt"/>
        <line num="914" count="0" type="stmt"/>
        <line num="928" count="0" type="stmt"/>
        <line num="937" count="0" type="stmt"/>
        <line num="938" count="0" type="stmt"/>
        <line num="939" count="0" type="cond" truecount="0" falsecount="1"/>
        <line num="940" count="0" type="stmt"/>
        <line num="942" count="0" type="cond" truecount="0" falsecount="2"/>
        <line num="943" count="0" type="stmt"/>
        <line num="950" count="0" type="stmt"/>
        <line num="951" count="0" type="stmt"/>
        <line num="959" count="0" type="stmt"/>
        <line num="961" count="0" type="stmt"/>
        <line num="973" count="0" type="stmt"/>
        <line num="982" count="0" type="stmt"/>
        <line num="983" count="0" type="stmt"/>
        <line num="984" count="0" type="stmt"/>
        <line num="985" count="0" type="stmt"/>
        <line num="987" count="0" type="cond" truecount="0" falsecount="2"/>
        <line num="988" count="0" type="cond" truecount="0" falsecount="2"/>
        <line num="989" count="0" type="stmt"/>
        <line num="991" count="0" type="stmt"/>
        <line num="1006" count="0" type="stmt"/>
        <line num="1018" count="0" type="stmt"/>
        <line num="1026" count="0" type="stmt"/>
        <line num="1027" count="0" type="stmt"/>
        <line num="1035" count="0" type="stmt"/>
        <line num="1036" count="0" type="stmt"/>
        <line num="1054" count="0" type="stmt"/>
        <line num="1057" count="0" type="stmt"/>
        <line num="1058" count="0" type="stmt"/>
        <line num="1059" count="0" type="stmt"/>
        <line num="1079" count="0" type="stmt"/>
        <line num="1081" count="0" type="stmt"/>
        <line num="1082" count="0" type="stmt"/>
        <line num="1091" count="0" type="stmt"/>
        <line num="1092" count="0" type="stmt"/>
        <line num="1093" count="0" type="cond" truecount="0" falsecount="3"/>
        <line num="1096" count="0" type="stmt"/>
        <line num="1097" count="0" type="stmt"/>
        <line num="1098" count="0" type="stmt"/>
        <line num="1101" count="0" type="stmt"/>
        <line num="1106" count="0" type="stmt"/>
        <line num="1121" count="0" type="stmt"/>
        <line num="1123" count="0" type="stmt"/>
        <line num="1124" count="0" type="stmt"/>
        <line num="1133" count="0" type="stmt"/>
        <line num="1134" count="0" type="stmt"/>
        <line num="1135" count="0" type="stmt"/>
        <line num="1136" count="0" type="stmt"/>
        <line num="1138" count="0" type="cond" truecount="0" falsecount="2"/>
        <line num="1139" count="0" type="stmt"/>
        <line num="1147" count="0" type="stmt"/>
        <line num="1148" count="0" type="stmt"/>
        <line num="1149" count="0" type="stmt"/>
        <line num="1151" count="0" type="stmt"/>
        <line num="1175" count="0" type="stmt"/>
        <line num="1177" count="0" type="stmt"/>
        <line num="1178" count="0" type="stmt"/>
        <line num="1187" count="0" type="stmt"/>
        <line num="1188" count="0" type="stmt"/>
        <line num="1189" count="0" type="stmt"/>
        <line num="1191" count="0" type="cond" truecount="0" falsecount="6"/>
        <line num="1192" count="0" type="stmt"/>
        <line num="1200" count="0" type="stmt"/>
        <line num="1211" count="0" type="stmt"/>
        <line num="1214" count="0" type="stmt"/>
        <line num="1215" count="0" type="stmt"/>
        <line num="1216" count="0" type="cond" truecount="0" falsecount="2"/>
        <line num="1217" count="0" type="stmt"/>
        <line num="1218" count="0" type="stmt"/>
        <line num="1220" count="0" type="cond" truecount="0" falsecount="2"/>
        <line num="1221" count="0" type="stmt"/>
        <line num="1222" count="0" type="stmt"/>
        <line num="1223" count="0" type="stmt"/>
        <line num="1224" count="0" type="cond" truecount="0" falsecount="2"/>
        <line num="1225" count="0" type="stmt"/>
        <line num="1228" count="0" type="stmt"/>
        <line num="1229" count="0" type="stmt"/>
        <line num="1230" count="0" type="stmt"/>
        <line num="1233" count="0" type="stmt"/>
        <line num="1237" count="0" type="stmt"/>
        <line num="1245" count="0" type="stmt"/>
        <line num="1246" count="0" type="stmt"/>
        <line num="1257" count="0" type="stmt"/>
        <line num="1258" count="0" type="stmt"/>
        <line num="1262" count="0" type="stmt"/>
        <line num="1267" count="0" type="stmt"/>
        <line num="1272" count="0" type="cond" truecount="0" falsecount="4"/>
        <line num="1274" count="0" type="stmt"/>
        <line num="1275" count="0" type="stmt"/>
        <line num="1276" count="0" type="stmt"/>
        <line num="1283" count="0" type="stmt"/>
        <line num="1285" count="0" type="stmt"/>
        <line num="1294" count="0" type="stmt"/>
        <line num="1295" count="0" type="stmt"/>
        <line num="1298" count="0" type="stmt"/>
        <line num="1299" count="0" type="cond" truecount="0" falsecount="3"/>
        <line num="1303" count="0" type="stmt"/>
        <line num="1305" count="0" type="stmt"/>
        <line num="1306" count="0" type="cond" truecount="0" falsecount="2"/>
        <line num="1309" count="0" type="stmt"/>
        <line num="1310" count="0" type="cond" truecount="0" falsecount="2"/>
        <line num="1315" count="0" type="cond" truecount="0" falsecount="2"/>
        <line num="1316" count="0" type="stmt"/>
        <line num="1317" count="0" type="stmt"/>
        <line num="1319" count="0" type="stmt"/>
        <line num="1326" count="0" type="stmt"/>
        <line num="1330" count="0" type="stmt"/>
        <line num="1335" count="0" type="stmt"/>
        <line num="1336" count="0" type="cond" truecount="0" falsecount="4"/>
        <line num="1337" count="0" type="stmt"/>
        <line num="1348" count="0" type="stmt"/>
        <line num="1349" count="0" type="cond" truecount="0" falsecount="2"/>
        <line num="1351" count="0" type="stmt"/>
        <line num="1352" count="0" type="stmt"/>
        <line num="1357" count="0" type="stmt"/>
        <line num="1358" count="0" type="stmt"/>
        <line num="1359" count="0" type="stmt"/>
        <line num="1362" count="0" type="cond" truecount="0" falsecount="5"/>
        <line num="1363" count="0" type="stmt"/>
        <line num="1371" count="0" type="stmt"/>
        <line num="1372" count="0" type="cond" truecount="0" falsecount="2"/>
        <line num="1373" count="0" type="stmt"/>
        <line num="1381" count="0" type="stmt"/>
        <line num="1382" count="0" type="cond" truecount="0" falsecount="2"/>
        <line num="1383" count="0" type="stmt"/>
        <line num="1391" count="0" type="stmt"/>
        <line num="1392" count="0" type="stmt"/>
        <line num="1415" count="0" type="stmt"/>
        <line num="1417" count="0" type="stmt"/>
        <line num="1419" count="0" type="stmt"/>
        <line num="1434" count="0" type="stmt"/>
        <line num="1435" count="0" type="stmt"/>
        <line num="1444" count="0" type="stmt"/>
        <line num="1445" count="0" type="stmt"/>
        <line num="1446" count="0" type="stmt"/>
        <line num="1449" count="0" type="stmt"/>
        <line num="1451" count="0" type="cond" truecount="0" falsecount="2"/>
        <line num="1452" count="0" type="stmt"/>
        <line num="1454" count="0" type="cond" truecount="0" falsecount="2"/>
        <line num="1455" count="0" type="stmt"/>
        <line num="1457" count="0" type="cond" truecount="0" falsecount="2"/>
        <line num="1458" count="0" type="stmt"/>
        <line num="1462" count="0" type="stmt"/>
        <line num="1469" count="0" type="stmt"/>
        <line num="1473" count="0" type="stmt"/>
        <line num="1483" count="0" type="stmt"/>
        <line num="1484" count="0" type="stmt"/>
        <line num="1493" count="0" type="stmt"/>
        <line num="1494" count="0" type="stmt"/>
        <line num="1495" count="0" type="stmt"/>
        <line num="1496" count="0" type="stmt"/>
        <line num="1498" count="0" type="stmt"/>
        <line num="1499" count="0" type="cond" truecount="0" falsecount="2"/>
        <line num="1500" count="0" type="stmt"/>
        <line num="1508" count="0" type="cond" truecount="0" falsecount="2"/>
        <line num="1509" count="0" type="cond" truecount="0" falsecount="2"/>
        <line num="1510" count="0" type="stmt"/>
        <line num="1518" count="0" type="cond" truecount="0" falsecount="2"/>
        <line num="1519" count="0" type="stmt"/>
        <line num="1527" count="0" type="cond" truecount="0" falsecount="2"/>
        <line num="1528" count="0" type="stmt"/>
        <line num="1536" count="0" type="stmt"/>
        <line num="1545" count="0" type="stmt"/>
        <line num="1548" count="0" type="cond" truecount="0" falsecount="2"/>
        <line num="1549" count="0" type="stmt"/>
        <line num="1553" count="0" type="stmt"/>
        <line num="1560" count="0" type="stmt"/>
        <line num="1562" count="0" type="cond" truecount="0" falsecount="2"/>
        <line num="1563" count="0" type="cond" truecount="0" falsecount="2"/>
        <line num="1564" count="0" type="stmt"/>
        <line num="1571" count="0" type="stmt"/>
        <line num="1572" count="0" type="cond" truecount="0" falsecount="2"/>
        <line num="1573" count="0" type="stmt"/>
        <line num="1580" count="0" type="stmt"/>
        <line num="1583" count="0" type="cond" truecount="0" falsecount="2"/>
        <line num="1584" count="0" type="stmt"/>
        <line num="1585" count="0" type="stmt"/>
        <line num="1593" count="0" type="cond" truecount="0" falsecount="4"/>
        <line num="1594" count="0" type="stmt"/>
        <line num="1597" count="0" type="stmt"/>
        <line num="1603" count="0" type="cond" truecount="0" falsecount="2"/>
        <line num="1604" count="0" type="cond" truecount="0" falsecount="2"/>
        <line num="1605" count="0" type="stmt"/>
        <line num="1612" count="0" type="stmt"/>
        <line num="1613" count="0" type="cond" truecount="0" falsecount="2"/>
        <line num="1614" count="0" type="stmt"/>
        <line num="1621" count="0" type="stmt"/>
        <line num="1623" count="0" type="cond" truecount="0" falsecount="4"/>
        <line num="1624" count="0" type="stmt"/>
        <line num="1626" count="0" type="cond" truecount="0" falsecount="4"/>
        <line num="1627" count="0" type="stmt"/>
        <line num="1630" count="0" type="stmt"/>
        <line num="1636" count="0" type="stmt"/>
        <line num="1643" count="0" type="stmt"/>
        <line num="1657" count="0" type="stmt"/>
        <line num="1658" count="0" type="stmt"/>
        <line num="1667" count="0" type="stmt"/>
        <line num="1668" count="0" type="stmt"/>
        <line num="1669" count="0" type="stmt"/>
        <line num="1671" count="0" type="stmt"/>
        <line num="1672" count="0" type="cond" truecount="0" falsecount="2"/>
        <line num="1673" count="0" type="stmt"/>
        <line num="1681" count="0" type="stmt"/>
        <line num="1686" count="0" type="stmt"/>
        <line num="1688" count="0" type="stmt"/>
        <line num="1690" count="0" type="stmt"/>
        <line num="1700" count="0" type="stmt"/>
        <line num="1701" count="0" type="stmt"/>
        <line num="1710" count="0" type="stmt"/>
        <line num="1711" count="0" type="stmt"/>
        <line num="1712" count="0" type="stmt"/>
        <line num="1715" count="0" type="cond" truecount="0" falsecount="5"/>
        <line num="1716" count="0" type="stmt"/>
        <line num="1724" count="0" type="cond" truecount="0" falsecount="2"/>
        <line num="1725" count="0" type="stmt"/>
        <line num="1726" count="0" type="stmt"/>
        <line num="1738" count="0" type="stmt"/>
        <line num="1739" count="0" type="stmt"/>
        <line num="1750" count="0" type="stmt"/>
        <line num="1753" count="0" type="stmt"/>
        <line num="1754" count="0" type="cond" truecount="0" falsecount="2"/>
        <line num="1755" count="0" type="stmt"/>
        <line num="1757" count="0" type="stmt"/>
        <line num="1758" count="0" type="stmt"/>
        <line num="1760" count="0" type="stmt"/>
        <line num="1762" count="0" type="stmt"/>
        <line num="1777" count="0" type="stmt"/>
        <line num="1778" count="0" type="stmt"/>
        <line num="1787" count="0" type="stmt"/>
        <line num="1788" count="0" type="stmt"/>
        <line num="1789" count="0" type="stmt"/>
        <line num="1791" count="0" type="cond" truecount="0" falsecount="2"/>
        <line num="1792" count="0" type="stmt"/>
        <line num="1799" count="0" type="stmt"/>
        <line num="1800" count="0" type="cond" truecount="0" falsecount="2"/>
        <line num="1801" count="0" type="stmt"/>
        <line num="1808" count="0" type="stmt"/>
        <line num="1809" count="0" type="stmt"/>
        <line num="1811" count="0" type="stmt"/>
        <line num="1813" count="0" type="stmt"/>
        <line num="1823" count="0" type="stmt"/>
        <line num="1824" count="0" type="stmt"/>
        <line num="1833" count="0" type="stmt"/>
        <line num="1834" count="0" type="stmt"/>
        <line num="1835" count="0" type="stmt"/>
        <line num="1837" count="0" type="stmt"/>
        <line num="1839" count="0" type="stmt"/>
        <line num="1840" count="0" type="stmt"/>
        <line num="1841" count="0" type="stmt"/>
        <line num="1843" count="0" type="stmt"/>
        <line num="1845" count="0" type="stmt"/>
        <line num="1846" count="0" type="stmt"/>
        <line num="1851" count="0" type="stmt"/>
        <line num="1867" count="0" type="stmt"/>
        <line num="1870" count="0" type="stmt"/>
        <line num="1871" count="0" type="stmt"/>
        <line num="1882" count="0" type="stmt"/>
        <line num="1885" count="0" type="stmt"/>
        <line num="1886" count="0" type="stmt"/>
        <line num="1893" count="0" type="cond" truecount="0" falsecount="4"/>
        <line num="1894" count="0" type="cond" truecount="0" falsecount="3"/>
        <line num="1896" count="0" type="cond" truecount="0" falsecount="5"/>
        <line num="1898" count="0" type="cond" truecount="0" falsecount="4"/>
        <line num="1899" count="0" type="cond" truecount="0" falsecount="2"/>
        <line num="1900" count="0" type="stmt"/>
        <line num="1901" count="0" type="stmt"/>
        <line num="1903" count="0" type="stmt"/>
        <line num="1904" count="0" type="cond" truecount="0" falsecount="4"/>
        <line num="1905" count="0" type="cond" truecount="0" falsecount="4"/>
        <line num="1906" count="0" type="stmt"/>
        <line num="1907" count="0" type="stmt"/>
        <line num="1915" count="0" type="stmt"/>
        <line num="1918" count="0" type="stmt"/>
        <line num="1919" count="0" type="stmt"/>
        <line num="1920" count="0" type="stmt"/>
        <line num="1921" count="0" type="stmt"/>
        <line num="1922" count="0" type="stmt"/>
        <line num="1923" count="0" type="cond" truecount="0" falsecount="2"/>
        <line num="1925" count="0" type="stmt"/>
        <line num="1929" count="0" type="cond" truecount="0" falsecount="3"/>
        <line num="1930" count="0" type="cond" truecount="0" falsecount="2"/>
        <line num="1931" count="0" type="stmt"/>
        <line num="1932" count="0" type="stmt"/>
        <line num="1935" count="0" type="stmt"/>
        <line num="1936" count="0" type="stmt"/>
        <line num="1937" count="0" type="stmt"/>
        <line num="1941" count="0" type="stmt"/>
        <line num="1946" count="0" type="cond" truecount="0" falsecount="2"/>
        <line num="1947" count="0" type="stmt"/>
        <line num="1948" count="0" type="stmt"/>
        <line num="1950" count="0" type="cond" truecount="0" falsecount="2"/>
        <line num="1951" count="0" type="stmt"/>
        <line num="1952" count="0" type="cond" truecount="0" falsecount="2"/>
        <line num="1953" count="0" type="stmt"/>
        <line num="1955" count="0" type="stmt"/>
        <line num="1957" count="0" type="stmt"/>
        <line num="1965" count="0" type="stmt"/>
        <line num="1972" count="0" type="stmt"/>
        <line num="1973" count="0" type="stmt"/>
        <line num="1974" count="0" type="stmt"/>
        <line num="1975" count="0" type="stmt"/>
        <line num="1977" count="0" type="stmt"/>
        <line num="1979" count="0" type="cond" truecount="0" falsecount="5"/>
        <line num="1981" count="0" type="stmt"/>
        <line num="1982" count="0" type="stmt"/>
        <line num="1986" count="0" type="cond" truecount="0" falsecount="2"/>
        <line num="1987" count="0" type="stmt"/>
        <line num="1992" count="0" type="stmt"/>
        <line num="1993" count="0" type="stmt"/>
        <line num="1994" count="0" type="stmt"/>
        <line num="1995" count="0" type="stmt"/>
        <line num="1997" count="0" type="stmt"/>
        <line num="1998" count="0" type="cond" truecount="0" falsecount="2"/>
        <line num="1999" count="0" type="stmt"/>
        <line num="2000" count="0" type="stmt"/>
        <line num="2002" count="0" type="stmt"/>
        <line num="2010" count="0" type="cond" truecount="0" falsecount="2"/>
        <line num="2011" count="0" type="stmt"/>
        <line num="2018" count="0" type="stmt"/>
        <line num="2019" count="0" type="stmt"/>
        <line num="2020" count="0" type="stmt"/>
        <line num="2023" count="0" type="cond" truecount="0" falsecount="6"/>
        <line num="2024" count="0" type="stmt"/>
        <line num="2031" count="0" type="cond" truecount="0" falsecount="2"/>
        <line num="2035" count="0" type="cond" truecount="0" falsecount="2"/>
        <line num="2036" count="0" type="stmt"/>
        <line num="2042" count="0" type="stmt"/>
        <line num="2053" count="0" type="stmt"/>
        <line num="2055" count="0" type="stmt"/>
        <line num="2056" count="0" type="stmt"/>
        <line num="2064" count="0" type="stmt"/>
        <line num="2065" count="0" type="stmt"/>
        <line num="2066" count="0" type="stmt"/>
        <line num="2067" count="0" type="stmt"/>
        <line num="2070" count="0" type="cond" truecount="0" falsecount="2"/>
        <line num="2072" count="0" type="cond" truecount="0" falsecount="4"/>
        <line num="2073" count="0" type="stmt"/>
        <line num="2079" count="0" type="stmt"/>
        <line num="2084" count="0" type="stmt"/>
        <line num="2086" count="0" type="stmt"/>
        <line num="2087" count="0" type="stmt"/>
        <line num="2095" count="0" type="stmt"/>
        <line num="2096" count="0" type="stmt"/>
        <line num="2097" count="0" type="stmt"/>
        <line num="2098" count="0" type="stmt"/>
        <line num="2099" count="0" type="stmt"/>
        <line num="2101" count="0" type="stmt"/>
        <line num="2102" count="0" type="stmt"/>
        <line num="2110" count="0" type="stmt"/>
        <line num="2111" count="0" type="stmt"/>
        <line num="2112" count="0" type="stmt"/>
        <line num="2114" count="0" type="cond" truecount="0" falsecount="2"/>
        <line num="2115" count="0" type="stmt"/>
        <line num="2121" count="0" type="stmt"/>
        <line num="2126" count="0" type="stmt"/>
        <line num="2127" count="0" type="stmt"/>
        <line num="2135" count="0" type="stmt"/>
        <line num="2136" count="0" type="stmt"/>
        <line num="2137" count="0" type="stmt"/>
        <line num="2141" count="0" type="stmt"/>
        <line num="2147" count="0" type="stmt"/>
        <line num="2148" count="0" type="stmt"/>
        <line num="2156" count="0" type="stmt"/>
        <line num="2157" count="0" type="stmt"/>
        <line num="2164" count="0" type="stmt"/>
        <line num="2165" count="0" type="stmt"/>
        <line num="2172" count="0" type="stmt"/>
        <line num="2173" count="0" type="stmt"/>
        <line num="2175" count="0" type="cond" truecount="0" falsecount="4"/>
        <line num="2176" count="0" type="stmt"/>
        <line num="2182" count="0" type="stmt"/>
        <line num="2189" count="0" type="stmt"/>
        <line num="2190" count="0" type="stmt"/>
        <line num="2192" count="0" type="cond" truecount="0" falsecount="4"/>
        <line num="2193" count="0" type="stmt"/>
        <line num="2199" count="0" type="stmt"/>
        <line num="2200" count="0" type="stmt"/>
        <line num="2201" count="0" type="stmt"/>
        <line num="2203" count="0" type="stmt"/>
        <line num="2204" count="0" type="stmt"/>
        <line num="2214" count="0" type="stmt"/>
        <line num="2215" count="0" type="stmt"/>
        <line num="2216" count="0" type="stmt"/>
        <line num="2221" count="0" type="stmt"/>
        <line num="2223" count="0" type="stmt"/>
        <line num="2230" count="0" type="stmt"/>
        <line num="2231" count="0" type="stmt"/>
        <line num="2240" count="0" type="stmt"/>
        <line num="2241" count="0" type="stmt"/>
        <line num="2242" count="0" type="stmt"/>
        <line num="2244" count="0" type="cond" truecount="0" falsecount="2"/>
        <line num="2245" count="0" type="stmt"/>
        <line num="2252" count="0" type="stmt"/>
        <line num="2258" count="0" type="stmt"/>
        <line num="2259" count="0" type="stmt"/>
        <line num="2268" count="0" type="stmt"/>
        <line num="2269" count="0" type="stmt"/>
        <line num="2270" count="0" type="stmt"/>
        <line num="2272" count="0" type="cond" truecount="0" falsecount="5"/>
        <line num="2273" count="0" type="stmt"/>
        <line num="2280" count="0" type="stmt"/>
        <line num="2288" count="0" type="stmt"/>
        <line num="2290" count="0" type="stmt"/>
        <line num="2297" count="0" type="stmt"/>
        <line num="2298" count="0" type="stmt"/>
        <line num="2307" count="0" type="stmt"/>
        <line num="2308" count="0" type="stmt"/>
        <line num="2309" count="0" type="stmt"/>
        <line num="2311" count="0" type="cond" truecount="0" falsecount="2"/>
        <line num="2312" count="0" type="stmt"/>
        <line num="2319" count="0" type="stmt"/>
        <line num="2326" count="0" type="stmt"/>
        <line num="2327" count="0" type="stmt"/>
        <line num="2336" count="0" type="stmt"/>
        <line num="2337" count="0" type="stmt"/>
        <line num="2338" count="0" type="stmt"/>
        <line num="2340" count="0" type="cond" truecount="0" falsecount="2"/>
        <line num="2341" count="0" type="stmt"/>
        <line num="2348" count="0" type="stmt"/>
        <line num="2354" count="0" type="stmt"/>
        <line num="2355" count="0" type="stmt"/>
        <line num="2365" count="0" type="stmt"/>
        <line num="2366" count="0" type="stmt"/>
        <line num="2367" count="0" type="stmt"/>
        <line num="2368" count="0" type="stmt"/>
        <line num="2370" count="0" type="stmt"/>
        <line num="2384" count="0" type="stmt"/>
        <line num="2385" count="0" type="stmt"/>
        <line num="2393" count="0" type="stmt"/>
        <line num="2394" count="0" type="stmt"/>
        <line num="2395" count="0" type="stmt"/>
        <line num="2398" count="0" type="stmt"/>
        <line num="2404" count="0" type="stmt"/>
        <line num="2411" count="0" type="stmt"/>
        <line num="2412" count="0" type="stmt"/>
        <line num="2423" count="0" type="stmt"/>
        <line num="2424" count="0" type="stmt"/>
        <line num="2425" count="0" type="stmt"/>
        <line num="2426" count="0" type="stmt"/>
        <line num="2427" count="0" type="stmt"/>
        <line num="2429" count="0" type="stmt"/>
        <line num="2440" count="0" type="stmt"/>
        <line num="2441" count="0" type="stmt"/>
        <line num="2450" count="0" type="stmt"/>
        <line num="2451" count="0" type="stmt"/>
        <line num="2452" count="0" type="stmt"/>
        <line num="2455" count="0" type="stmt"/>
        <line num="2463" count="0" type="cond" truecount="0" falsecount="2"/>
        <line num="2464" count="0" type="stmt"/>
        <line num="2466" count="0" type="stmt"/>
        <line num="2473" count="0" type="stmt"/>
        <line num="2475" count="0" type="stmt"/>
        <line num="2482" count="0" type="stmt"/>
        <line num="2483" count="0" type="stmt"/>
        <line num="2492" count="0" type="stmt"/>
        <line num="2493" count="0" type="cond" truecount="0" falsecount="4"/>
        <line num="2494" count="0" type="cond" truecount="0" falsecount="2"/>
        <line num="2495" count="0" type="cond" truecount="0" falsecount="2"/>
        <line num="2496" count="0" type="stmt"/>
        <line num="2500" count="0" type="stmt"/>
        <line num="2501" count="0" type="stmt"/>
        <line num="2504" count="0" type="stmt"/>
        <line num="2508" count="0" type="stmt"/>
        <line num="2511" count="0" type="stmt"/>
        <line num="2512" count="0" type="stmt"/>
        <line num="2515" count="0" type="cond" truecount="0" falsecount="4"/>
        <line num="2516" count="0" type="stmt"/>
        <line num="2517" count="0" type="stmt"/>
        <line num="2520" count="0" type="cond" truecount="0" falsecount="2"/>
        <line num="2521" count="0" type="stmt"/>
        <line num="2524" count="0" type="stmt"/>
        <line num="2527" count="0" type="cond" truecount="0" falsecount="2"/>
        <line num="2528" count="0" type="stmt"/>
        <line num="2535" count="0" type="stmt"/>
        <line num="2538" count="0" type="cond" truecount="0" falsecount="2"/>
        <line num="2539" count="0" type="stmt"/>
        <line num="2543" count="0" type="stmt"/>
        <line num="2546" count="0" type="cond" truecount="0" falsecount="2"/>
        <line num="2547" count="0" type="stmt"/>
        <line num="2552" count="0" type="stmt"/>
        <line num="2555" count="0" type="cond" truecount="0" falsecount="2"/>
        <line num="2556" count="0" type="cond" truecount="0" falsecount="2"/>
        <line num="2557" count="0" type="stmt"/>
        <line num="2559" count="0" type="stmt"/>
        <line num="2560" count="0" type="cond" truecount="0" falsecount="2"/>
        <line num="2561" count="0" type="stmt"/>
        <line num="2563" count="0" type="stmt"/>
        <line num="2564" count="0" type="cond" truecount="0" falsecount="2"/>
        <line num="2565" count="0" type="stmt"/>
        <line num="2566" count="0" type="stmt"/>
        <line num="2568" count="0" type="stmt"/>
        <line num="2569" count="0" type="stmt"/>
        <line num="2573" count="0" type="cond" truecount="0" falsecount="2"/>
        <line num="2574" count="0" type="stmt"/>
        <line num="2575" count="0" type="stmt"/>
        <line num="2579" count="0" type="stmt"/>
        <line num="2580" count="0" type="stmt"/>
        <line num="2584" count="0" type="stmt"/>
        <line num="2585" count="0" type="stmt"/>
        <line num="2586" count="0" type="stmt"/>
        <line num="2599" count="0" type="stmt"/>
        <line num="2600" count="0" type="stmt"/>
        <line num="2608" count="0" type="stmt"/>
        <line num="2609" count="0" type="stmt"/>
        <line num="2617" count="0" type="stmt"/>
        <line num="2618" count="0" type="stmt"/>
        <line num="2626" count="0" type="stmt"/>
        <line num="2627" count="0" type="stmt"/>
        <line num="2629" count="0" type="cond" truecount="0" falsecount="2"/>
        <line num="2630" count="0" type="stmt"/>
        <line num="2636" count="0" type="stmt"/>
        <line num="2638" count="0" type="stmt"/>
        <line num="2646" count="0" type="stmt"/>
        <line num="2647" count="0" type="stmt"/>
        <line num="2649" count="0" type="cond" truecount="0" falsecount="4"/>
        <line num="2650" count="0" type="stmt"/>
        <line num="2656" count="0" type="stmt"/>
        <line num="2658" count="0" type="stmt"/>
        <line num="2666" count="0" type="stmt"/>
        <line num="2667" count="0" type="stmt"/>
        <line num="2669" count="0" type="stmt"/>
        <line num="2671" count="0" type="stmt"/>
        <line num="2681" count="0" type="stmt"/>
        <line num="2682" count="0" type="stmt"/>
        <line num="2683" count="0" type="stmt"/>
        <line num="2692" count="0" type="stmt"/>
        <line num="2695" count="0" type="stmt"/>
        <line num="2697" count="0" type="stmt"/>
        <line num="2704" count="0" type="stmt"/>
        <line num="2705" count="0" type="stmt"/>
        <line num="2714" count="0" type="stmt"/>
        <line num="2715" count="0" type="stmt"/>
        <line num="2716" count="0" type="stmt"/>
        <line num="2721" count="0" type="stmt"/>
        <line num="2723" count="0" type="stmt"/>
        <line num="2730" count="0" type="stmt"/>
        <line num="2731" count="0" type="stmt"/>
        <line num="2740" count="0" type="stmt"/>
        <line num="2741" count="0" type="stmt"/>
        <line num="2742" count="0" type="stmt"/>
        <line num="2744" count="0" type="cond" truecount="0" falsecount="2"/>
        <line num="2745" count="0" type="stmt"/>
        <line num="2752" count="0" type="stmt"/>
        <line num="2759" count="0" type="stmt"/>
        <line num="2760" count="0" type="stmt"/>
        <line num="2769" count="0" type="stmt"/>
        <line num="2770" count="0" type="stmt"/>
        <line num="2771" count="0" type="stmt"/>
        <line num="2780" count="0" type="stmt"/>
        <line num="2781" count="0" type="stmt"/>
        <line num="2784" count="0" type="stmt"/>
        <line num="2791" count="0" type="stmt"/>
        <line num="2801" count="0" type="stmt"/>
        <line num="2802" count="0" type="stmt"/>
        <line num="2805" count="0" type="stmt"/>
        <line num="2816" count="0" type="stmt"/>
        <line num="2817" count="0" type="cond" truecount="0" falsecount="2"/>
        <line num="2818" count="0" type="stmt"/>
        <line num="2819" count="0" type="stmt"/>
        <line num="2821" count="0" type="stmt"/>
        <line num="2822" count="0" type="stmt"/>
        <line num="2824" count="0" type="cond" truecount="0" falsecount="2"/>
        <line num="2825" count="0" type="stmt"/>
        <line num="2826" count="0" type="stmt"/>
        <line num="2827" count="0" type="stmt"/>
        <line num="2829" count="0" type="stmt"/>
        <line num="2830" count="0" type="stmt"/>
        <line num="2833" count="0" type="stmt"/>
        <line num="2834" count="0" type="stmt"/>
        <line num="2835" count="0" type="stmt"/>
        <line num="2836" count="0" type="stmt"/>
        <line num="2838" count="0" type="cond" truecount="0" falsecount="2"/>
        <line num="2839" count="0" type="stmt"/>
        <line num="2840" count="0" type="stmt"/>
        <line num="2841" count="0" type="stmt"/>
        <line num="2842" count="0" type="stmt"/>
        <line num="2844" count="0" type="stmt"/>
        <line num="2845" count="0" type="stmt"/>
        <line num="2846" count="0" type="stmt"/>
        <line num="2852" count="0" type="stmt"/>
        <line num="2859" count="0" type="stmt"/>
        <line num="2860" count="0" type="stmt"/>
        <line num="2862" count="0" type="cond" truecount="0" falsecount="2"/>
        <line num="2863" count="0" type="stmt"/>
        <line num="2864" count="0" type="stmt"/>
        <line num="2867" count="0" type="stmt"/>
        <line num="2868" count="0" type="stmt"/>
        <line num="2869" count="0" type="stmt"/>
        <line num="2870" count="0" type="stmt"/>
        <line num="2874" count="0" type="stmt"/>
        <line num="2875" count="0" type="stmt"/>
        <line num="2877" count="0" type="stmt"/>
      </file>
    </package>
    <package name="NewpROJEKTAI.api">
      <metrics statements="113" coveredstatements="78" conditionals="71" coveredconditionals="36" methods="15" coveredmethods="12"/>
      <file name="index.js" path="C:\NewpROJEKTAI\api\index.js">
        <metrics statements="113" coveredstatements="78" conditionals="71" coveredconditionals="36" methods="15" coveredmethods="12"/>
        <line num="2" count="1" type="stmt"/>
        <line num="3" count="1" type="stmt"/>
        <line num="4" count="1" type="stmt"/>
        <line num="6" count="1" type="stmt"/>
        <line num="9" count="1" type="stmt"/>
        <line num="12" count="1" type="stmt"/>
        <line num="13" count="1" type="stmt"/>
        <line num="14" count="1" type="stmt"/>
        <line num="17" count="1" type="cond" truecount="2" falsecount="0"/>
        <line num="25" count="1" type="cond" truecount="2" falsecount="0"/>
        <line num="27" count="1" type="stmt"/>
        <line num="28" count="2" type="stmt"/>
        <line num="29" count="2" type="stmt"/>
        <line num="30" count="2" type="cond" truecount="1" falsecount="1"/>
        <line num="31" count="0" type="stmt"/>
        <line num="32" count="0" type="stmt"/>
        <line num="33" count="0" type="stmt"/>
        <line num="38" count="1" type="stmt"/>
        <line num="39" count="1" type="stmt"/>
        <line num="52" count="1" type="stmt"/>
        <line num="53" count="1" type="stmt"/>
        <line num="84" count="1" type="stmt"/>
        <line num="85" count="1" type="stmt"/>
        <line num="86" count="1" type="stmt"/>
        <line num="100" count="1" type="stmt"/>
        <line num="101" count="1" type="stmt"/>
        <line num="116" count="1" type="stmt"/>
        <line num="117" count="1" type="stmt"/>
        <line num="118" count="1" type="stmt"/>
        <line num="120" count="1" type="cond" truecount="2" falsecount="0"/>
        <line num="121" count="1" type="cond" truecount="1" falsecount="1"/>
        <line num="122" count="0" type="stmt"/>
        <line num="125" count="1" type="stmt"/>
        <line num="137" count="1" type="stmt"/>
        <line num="138" count="1" type="stmt"/>
        <line num="153" count="1" type="stmt"/>
        <line num="154" count="1" type="stmt"/>
        <line num="155" count="1" type="stmt"/>
        <line num="156" count="1" type="stmt"/>
        <line num="158" count="1" type="cond" truecount="1" falsecount="2"/>
        <line num="159" count="1" type="cond" truecount="1" falsecount="1"/>
        <line num="160" count="1" type="stmt"/>
        <line num="163" count="1" type="stmt"/>
        <line num="176" count="1" type="stmt"/>
        <line num="177" count="1" type="stmt"/>
        <line num="178" count="1" type="stmt"/>
        <line num="189" count="1" type="stmt"/>
        <line num="192" count="1" type="cond" truecount="1" falsecount="1"/>
        <line num="193" count="0" type="stmt"/>
        <line num="196" count="1" type="stmt"/>
        <line num="205" count="1" type="stmt"/>
        <line num="206" count="1" type="cond" truecount="1" falsecount="2"/>
        <line num="208" count="1" type="cond" truecount="1" falsecount="1"/>
        <line num="209" count="0" type="stmt"/>
        <line num="215" count="1" type="stmt"/>
        <line num="216" count="1" type="stmt"/>
        <line num="217" count="1" type="stmt"/>
        <line num="220" count="1" type="cond" truecount="2" falsecount="2"/>
        <line num="221" count="1" type="stmt"/>
        <line num="222" count="1" type="stmt"/>
        <line num="223" count="0" type="cond" truecount="0" falsecount="2"/>
        <line num="224" count="0" type="stmt"/>
        <line num="225" count="0" type="stmt"/>
        <line num="226" count="0" type="cond" truecount="0" falsecount="2"/>
        <line num="227" count="0" type="stmt"/>
        <line num="228" count="0" type="stmt"/>
        <line num="229" count="0" type="cond" truecount="0" falsecount="2"/>
        <line num="230" count="0" type="stmt"/>
        <line num="231" count="0" type="stmt"/>
        <line num="233" count="0" type="stmt"/>
        <line num="234" count="0" type="stmt"/>
        <line num="237" count="1" type="stmt"/>
        <line num="247" count="1" type="stmt"/>
        <line num="248" count="1" type="cond" truecount="1" falsecount="2"/>
        <line num="250" count="1" type="cond" truecount="1" falsecount="1"/>
        <line num="251" count="0" type="stmt"/>
        <line num="258" count="1" type="stmt"/>
        <line num="259" count="1" type="stmt"/>
        <line num="260" count="1" type="stmt"/>
        <line num="261" count="1" type="stmt"/>
        <line num="263" count="1" type="cond" truecount="1" falsecount="1"/>
        <line num="264" count="0" type="stmt"/>
        <line num="265" count="0" type="stmt"/>
        <line num="278" count="0" type="stmt"/>
        <line num="279" count="1" type="cond" truecount="1" falsecount="1"/>
        <line num="280" count="0" type="stmt"/>
        <line num="281" count="0" type="stmt"/>
        <line num="297" count="0" type="stmt"/>
        <line num="298" count="1" type="cond" truecount="1" falsecount="1"/>
        <line num="299" count="1" type="stmt"/>
        <line num="300" count="1" type="stmt"/>
        <line num="318" count="1" type="stmt"/>
        <line num="320" count="0" type="stmt"/>
        <line num="328" count="0" type="stmt"/>
        <line num="331" count="1" type="stmt"/>
        <line num="343" count="1" type="stmt"/>
        <line num="344" count="1" type="cond" truecount="2" falsecount="0"/>
        <line num="346" count="1" type="stmt"/>
        <line num="413" count="1" type="cond" truecount="2" falsecount="0"/>
        <line num="415" count="1" type="stmt"/>
        <line num="425" count="1" type="stmt"/>
        <line num="426" count="0" type="stmt"/>
        <line num="428" count="0" type="cond" truecount="0" falsecount="2"/>
        <line num="429" count="0" type="stmt"/>
        <line num="437" count="0" type="stmt"/>
        <line num="449" count="1" type="stmt"/>
        <line num="450" count="0" type="stmt"/>
        <line num="452" count="0" type="cond" truecount="0" falsecount="4"/>
        <line num="453" count="0" type="stmt"/>
        <line num="460" count="0" type="stmt"/>
        <line num="479" count="1" type="stmt"/>
        <line num="480" count="0" type="stmt"/>
        <line num="504" count="1" type="stmt"/>
      </file>
    </package>
  </project>
</coverage>
