{"C:\\NewpROJEKTAI\\server.js": {"path":"C:\\NewpROJEKTAI\\server.js","statementMap":{"0":{"start":{"line":1,"column":16},"end":{"line":1,"column":34}},"1":{"start":{"line":2,"column":13},"end":{"line":2,"column":28}},"2":{"start":{"line":3,"column":19},"end":{"line":3,"column":41}},"3":{"start":{"line":4,"column":15},"end":{"line":4,"column":32}},"4":{"start":{"line":5,"column":13},"end":{"line":5,"column":28}},"5":{"start":{"line":6,"column":13},"end":{"line":6,"column":28}},"6":{"start":{"line":7,"column":18},"end":{"line":7,"column":31}},"7":{"start":{"line":8,"column":18},"end":{"line":8,"column":47}},"8":{"start":{"line":9,"column":20},"end":{"line":9,"column":42}},"9":{"start":{"line":10,"column":15},"end":{"line":10,"column":32}},"10":{"start":{"line":11,"column":15},"end":{"line":11,"column":32}},"11":{"start":{"line":12,"column":12},"end":{"line":12,"column":35}},"12":{"start":{"line":13,"column":15},"end":{"line":13,"column":32}},"13":{"start":{"line":14,"column":23},"end":{"line":14,"column":38}},"14":{"start":{"line":15,"column":18},"end":{"line":15,"column":41}},"15":{"start":{"line":16,"column":11},"end":{"line":16,"column":32}},"16":{"start":{"line":17,"column":23},"end":{"line":17,"column":51}},"17":{"start":{"line":19,"column":12},"end":{"line":19,"column":21}},"18":{"start":{"line":20,"column":15},"end":{"line":20,"column":37}},"19":{"start":{"line":21,"column":12},"end":{"line":21,"column":44}},"20":{"start":{"line":24,"column":0},"end":{"line":26,"column":3}},"21":{"start":{"line":25,"column":4},"end":{"line":25,"column":67}},"22":{"start":{"line":29,"column":0},"end":{"line":68,"column":11}},"23":{"start":{"line":30,"column":21},"end":{"line":30,"column":42}},"24":{"start":{"line":31,"column":23},"end":{"line":31,"column":66}},"25":{"start":{"line":32,"column":24},"end":{"line":32,"column":68}},"26":{"start":{"line":33,"column":24},"end":{"line":33,"column":82}},"27":{"start":{"line":36,"column":4},"end":{"line":38,"column":5}},"28":{"start":{"line":37,"column":8},"end":{"line":37,"column":55}},"29":{"start":{"line":41,"column":29},"end":{"line":41,"column":58}},"30":{"start":{"line":42,"column":4},"end":{"line":46,"column":7}},"31":{"start":{"line":43,"column":8},"end":{"line":45,"column":9}},"32":{"start":{"line":44,"column":12},"end":{"line":44,"column":43}},"33":{"start":{"line":49,"column":4},"end":{"line":67,"column":5}},"34":{"start":{"line":50,"column":8},"end":{"line":50,"column":97}},"35":{"start":{"line":53,"column":8},"end":{"line":53,"column":55}},"36":{"start":{"line":56,"column":8},"end":{"line":58,"column":9}},"37":{"start":{"line":57,"column":12},"end":{"line":57,"column":24}},"38":{"start":{"line":71,"column":0},"end":{"line":81,"column":3}},"39":{"start":{"line":73,"column":4},"end":{"line":80,"column":7}},"40":{"start":{"line":74,"column":8},"end":{"line":79,"column":9}},"41":{"start":{"line":75,"column":12},"end":{"line":78,"column":16}},"42":{"start":{"line":84,"column":0},"end":{"line":87,"column":3}},"43":{"start":{"line":86,"column":4},"end":{"line":86,"column":52}},"44":{"start":{"line":90,"column":21},"end":{"line":93,"column":1}},"45":{"start":{"line":96,"column":13},"end":{"line":96,"column":37}},"46":{"start":{"line":99,"column":16},"end":{"line":106,"column":1}},"47":{"start":{"line":109,"column":16},"end":{"line":116,"column":2}},"48":{"start":{"line":119,"column":0},"end":{"line":136,"column":4}},"49":{"start":{"line":138,"column":0},"end":{"line":138,"column":23}},"50":{"start":{"line":141,"column":20},"end":{"line":173,"column":1}},"51":{"start":{"line":144,"column":8},"end":{"line":144,"column":49}},"52":{"start":{"line":144,"column":21},"end":{"line":144,"column":49}},"53":{"start":{"line":146,"column":31},"end":{"line":154,"column":9}},"54":{"start":{"line":156,"column":26},"end":{"line":160,"column":10}},"55":{"start":{"line":157,"column":12},"end":{"line":157,"column":71}},"56":{"start":{"line":157,"column":45},"end":{"line":157,"column":71}},"57":{"start":{"line":158,"column":12},"end":{"line":158,"column":71}},"58":{"start":{"line":158,"column":43},"end":{"line":158,"column":71}},"59":{"start":{"line":159,"column":12},"end":{"line":159,"column":25}},"60":{"start":{"line":162,"column":8},"end":{"line":168,"column":9}},"61":{"start":{"line":163,"column":12},"end":{"line":163,"column":33}},"62":{"start":{"line":165,"column":12},"end":{"line":165,"column":62}},"63":{"start":{"line":166,"column":12},"end":{"line":166,"column":103}},"64":{"start":{"line":167,"column":12},"end":{"line":167,"column":33}},"65":{"start":{"line":175,"column":0},"end":{"line":175,"column":27}},"66":{"start":{"line":176,"column":0},"end":{"line":176,"column":44}},"67":{"start":{"line":177,"column":0},"end":{"line":177,"column":66}},"68":{"start":{"line":178,"column":0},"end":{"line":178,"column":17}},"69":{"start":{"line":181,"column":0},"end":{"line":181,"column":56}},"70":{"start":{"line":184,"column":0},"end":{"line":187,"column":3}},"71":{"start":{"line":185,"column":4},"end":{"line":185,"column":87}},"72":{"start":{"line":186,"column":4},"end":{"line":186,"column":11}},"73":{"start":{"line":190,"column":0},"end":{"line":194,"column":3}},"74":{"start":{"line":193,"column":4},"end":{"line":193,"column":26}},"75":{"start":{"line":197,"column":0},"end":{"line":280,"column":3}},"76":{"start":{"line":198,"column":4},"end":{"line":198,"column":79}},"77":{"start":{"line":199,"column":4},"end":{"line":199,"column":28}},"78":{"start":{"line":202,"column":16},"end":{"line":202,"column":62}},"79":{"start":{"line":203,"column":24},"end":{"line":203,"column":53}},"80":{"start":{"line":206,"column":4},"end":{"line":227,"column":5}},"81":{"start":{"line":207,"column":8},"end":{"line":226,"column":11}},"82":{"start":{"line":208,"column":12},"end":{"line":223,"column":13}},"83":{"start":{"line":209,"column":16},"end":{"line":209,"column":37}},"84":{"start":{"line":210,"column":16},"end":{"line":210,"column":42}},"85":{"start":{"line":211,"column":16},"end":{"line":211,"column":85}},"86":{"start":{"line":212,"column":16},"end":{"line":217,"column":20}},"87":{"start":{"line":219,"column":16},"end":{"line":222,"column":20}},"88":{"start":{"line":225,"column":12},"end":{"line":225,"column":54}},"89":{"start":{"line":230,"column":4},"end":{"line":234,"column":8}},"90":{"start":{"line":237,"column":4},"end":{"line":241,"column":8}},"91":{"start":{"line":244,"column":4},"end":{"line":257,"column":8}},"92":{"start":{"line":259,"column":4},"end":{"line":269,"column":7}},"93":{"start":{"line":260,"column":8},"end":{"line":268,"column":9}},"94":{"start":{"line":261,"column":25},"end":{"line":261,"column":44}},"95":{"start":{"line":263,"column":12},"end":{"line":263,"column":43}},"96":{"start":{"line":265,"column":12},"end":{"line":265,"column":44}},"97":{"start":{"line":267,"column":12},"end":{"line":267,"column":71}},"98":{"start":{"line":271,"column":4},"end":{"line":275,"column":7}},"99":{"start":{"line":272,"column":8},"end":{"line":272,"column":49}},"100":{"start":{"line":273,"column":8},"end":{"line":273,"column":71}},"101":{"start":{"line":274,"column":8},"end":{"line":274,"column":35}},"102":{"start":{"line":277,"column":4},"end":{"line":279,"column":7}},"103":{"start":{"line":278,"column":8},"end":{"line":278,"column":51}},"104":{"start":{"line":285,"column":4},"end":{"line":287,"column":5}},"105":{"start":{"line":286,"column":8},"end":{"line":286,"column":15}},"106":{"start":{"line":289,"column":4},"end":{"line":339,"column":5}},"107":{"start":{"line":290,"column":24},"end":{"line":290,"column":36}},"108":{"start":{"line":291,"column":26},"end":{"line":291,"column":56}},"109":{"start":{"line":292,"column":26},"end":{"line":292,"column":44}},"110":{"start":{"line":295,"column":8},"end":{"line":298,"column":11}},"111":{"start":{"line":301,"column":8},"end":{"line":310,"column":9}},"112":{"start":{"line":302,"column":12},"end":{"line":307,"column":15}},"113":{"start":{"line":309,"column":12},"end":{"line":309,"column":71}},"114":{"start":{"line":313,"column":8},"end":{"line":333,"column":9}},"115":{"start":{"line":314,"column":12},"end":{"line":332,"column":13}},"116":{"start":{"line":316,"column":20},"end":{"line":316,"column":42}},"117":{"start":{"line":317,"column":20},"end":{"line":324,"column":21}},"118":{"start":{"line":318,"column":24},"end":{"line":321,"column":27}},"119":{"start":{"line":323,"column":24},"end":{"line":323,"column":77}},"120":{"start":{"line":325,"column":20},"end":{"line":325,"column":26}},"121":{"start":{"line":327,"column":20},"end":{"line":327,"column":45}},"122":{"start":{"line":328,"column":20},"end":{"line":328,"column":26}},"123":{"start":{"line":330,"column":20},"end":{"line":330,"column":42}},"124":{"start":{"line":331,"column":20},"end":{"line":331,"column":26}},"125":{"start":{"line":336,"column":8},"end":{"line":336,"column":35}},"126":{"start":{"line":338,"column":8},"end":{"line":338,"column":103}},"127":{"start":{"line":342,"column":4},"end":{"line":379,"column":5}},"128":{"start":{"line":343,"column":22},"end":{"line":343,"column":32}},"129":{"start":{"line":345,"column":8},"end":{"line":348,"column":11}},"130":{"start":{"line":351,"column":8},"end":{"line":360,"column":9}},"131":{"start":{"line":352,"column":12},"end":{"line":357,"column":15}},"132":{"start":{"line":359,"column":12},"end":{"line":359,"column":68}},"133":{"start":{"line":363,"column":8},"end":{"line":375,"column":9}},"134":{"start":{"line":364,"column":12},"end":{"line":374,"column":13}},"135":{"start":{"line":366,"column":20},"end":{"line":366,"column":42}},"136":{"start":{"line":367,"column":20},"end":{"line":367,"column":26}},"137":{"start":{"line":369,"column":20},"end":{"line":369,"column":45}},"138":{"start":{"line":370,"column":20},"end":{"line":370,"column":26}},"139":{"start":{"line":372,"column":20},"end":{"line":372,"column":42}},"140":{"start":{"line":373,"column":20},"end":{"line":373,"column":26}},"141":{"start":{"line":377,"column":8},"end":{"line":377,"column":35}},"142":{"start":{"line":378,"column":8},"end":{"line":378,"column":98}},"143":{"start":{"line":384,"column":23},"end":{"line":399,"column":5}},"144":{"start":{"line":401,"column":4},"end":{"line":407,"column":7}},"145":{"start":{"line":402,"column":8},"end":{"line":406,"column":9}},"146":{"start":{"line":404,"column":12},"end":{"line":404,"column":111}},"147":{"start":{"line":405,"column":12},"end":{"line":405,"column":52}},"148":{"start":{"line":411,"column":0},"end":{"line":413,"column":3}},"149":{"start":{"line":412,"column":4},"end":{"line":412,"column":63}},"150":{"start":{"line":416,"column":0},"end":{"line":428,"column":3}},"151":{"start":{"line":418,"column":4},"end":{"line":427,"column":7}},"152":{"start":{"line":433,"column":0},"end":{"line":456,"column":3}},"153":{"start":{"line":434,"column":4},"end":{"line":455,"column":5}},"154":{"start":{"line":435,"column":24},"end":{"line":438,"column":9}},"155":{"start":{"line":440,"column":26},"end":{"line":440,"column":59}},"156":{"start":{"line":442,"column":8},"end":{"line":447,"column":11}},"157":{"start":{"line":449,"column":8},"end":{"line":449,"column":58}},"158":{"start":{"line":450,"column":8},"end":{"line":454,"column":11}},"159":{"start":{"line":459,"column":0},"end":{"line":484,"column":3}},"160":{"start":{"line":460,"column":4},"end":{"line":483,"column":5}},"161":{"start":{"line":461,"column":25},"end":{"line":461,"column":64}},"162":{"start":{"line":463,"column":8},"end":{"line":469,"column":9}},"163":{"start":{"line":464,"column":12},"end":{"line":468,"column":15}},"164":{"start":{"line":471,"column":8},"end":{"line":475,"column":11}},"165":{"start":{"line":477,"column":8},"end":{"line":477,"column":57}},"166":{"start":{"line":478,"column":8},"end":{"line":482,"column":11}},"167":{"start":{"line":487,"column":0},"end":{"line":525,"column":3}},"168":{"start":{"line":488,"column":4},"end":{"line":524,"column":5}},"169":{"start":{"line":489,"column":81},"end":{"line":489,"column":89}},"170":{"start":{"line":491,"column":8},"end":{"line":497,"column":9}},"171":{"start":{"line":492,"column":12},"end":{"line":496,"column":15}},"172":{"start":{"line":499,"column":29},"end":{"line":507,"column":9}},"173":{"start":{"line":509,"column":28},"end":{"line":509,"column":65}},"174":{"start":{"line":511,"column":8},"end":{"line":516,"column":11}},"175":{"start":{"line":518,"column":8},"end":{"line":518,"column":57}},"176":{"start":{"line":519,"column":8},"end":{"line":523,"column":11}},"177":{"start":{"line":528,"column":0},"end":{"line":555,"column":3}},"178":{"start":{"line":529,"column":4},"end":{"line":554,"column":5}},"179":{"start":{"line":530,"column":24},"end":{"line":530,"column":32}},"180":{"start":{"line":531,"column":32},"end":{"line":531,"column":79}},"181":{"start":{"line":533,"column":8},"end":{"line":539,"column":9}},"182":{"start":{"line":534,"column":12},"end":{"line":538,"column":15}},"183":{"start":{"line":541,"column":8},"end":{"line":546,"column":11}},"184":{"start":{"line":548,"column":8},"end":{"line":548,"column":57}},"185":{"start":{"line":549,"column":8},"end":{"line":553,"column":11}},"186":{"start":{"line":558,"column":0},"end":{"line":583,"column":3}},"187":{"start":{"line":559,"column":4},"end":{"line":582,"column":5}},"188":{"start":{"line":560,"column":24},"end":{"line":560,"column":62}},"189":{"start":{"line":562,"column":8},"end":{"line":568,"column":9}},"190":{"start":{"line":563,"column":12},"end":{"line":567,"column":15}},"191":{"start":{"line":570,"column":8},"end":{"line":574,"column":11}},"192":{"start":{"line":576,"column":8},"end":{"line":576,"column":57}},"193":{"start":{"line":577,"column":8},"end":{"line":581,"column":11}},"194":{"start":{"line":588,"column":0},"end":{"line":620,"column":3}},"195":{"start":{"line":589,"column":4},"end":{"line":619,"column":5}},"196":{"start":{"line":590,"column":24},"end":{"line":590,"column":51}},"197":{"start":{"line":591,"column":31},"end":{"line":591,"column":77}},"198":{"start":{"line":591,"column":68},"end":{"line":591,"column":76}},"199":{"start":{"line":594,"column":22},"end":{"line":609,"column":9}},"200":{"start":{"line":611,"column":8},"end":{"line":611,"column":24}},"201":{"start":{"line":613,"column":8},"end":{"line":613,"column":54}},"202":{"start":{"line":614,"column":8},"end":{"line":618,"column":11}},"203":{"start":{"line":625,"column":19},"end":{"line":625,"column":94}},"204":{"start":{"line":626,"column":23},"end":{"line":626,"column":28}},"205":{"start":{"line":629,"column":17},"end":{"line":633,"column":1}},"206":{"start":{"line":636,"column":20},"end":{"line":640,"column":1}},"207":{"start":{"line":644,"column":23},"end":{"line":644,"column":48}},"208":{"start":{"line":646,"column":4},"end":{"line":652,"column":5}},"209":{"start":{"line":647,"column":8},"end":{"line":651,"column":11}},"210":{"start":{"line":654,"column":18},"end":{"line":654,"column":41}},"211":{"start":{"line":656,"column":4},"end":{"line":666,"column":5}},"212":{"start":{"line":657,"column":24},"end":{"line":657,"column":53}},"213":{"start":{"line":658,"column":8},"end":{"line":658,"column":27}},"214":{"start":{"line":659,"column":8},"end":{"line":659,"column":15}},"215":{"start":{"line":661,"column":8},"end":{"line":665,"column":11}},"216":{"start":{"line":671,"column":19},"end":{"line":671,"column":43}},"217":{"start":{"line":673,"column":4},"end":{"line":679,"column":5}},"218":{"start":{"line":674,"column":8},"end":{"line":678,"column":11}},"219":{"start":{"line":681,"column":20},"end":{"line":681,"column":48}},"220":{"start":{"line":683,"column":4},"end":{"line":689,"column":5}},"221":{"start":{"line":684,"column":8},"end":{"line":688,"column":11}},"222":{"start":{"line":692,"column":17},"end":{"line":692,"column":29}},"223":{"start":{"line":693,"column":18},"end":{"line":693,"column":35}},"224":{"start":{"line":695,"column":4},"end":{"line":700,"column":5}},"225":{"start":{"line":696,"column":8},"end":{"line":699,"column":11}},"226":{"start":{"line":702,"column":18},"end":{"line":702,"column":44}},"227":{"start":{"line":705,"column":4},"end":{"line":708,"column":5}},"228":{"start":{"line":706,"column":8},"end":{"line":706,"column":27}},"229":{"start":{"line":707,"column":8},"end":{"line":707,"column":50}},"230":{"start":{"line":711,"column":4},"end":{"line":720,"column":5}},"231":{"start":{"line":712,"column":24},"end":{"line":712,"column":75}},"232":{"start":{"line":713,"column":8},"end":{"line":719,"column":11}},"233":{"start":{"line":723,"column":4},"end":{"line":723,"column":21}},"234":{"start":{"line":724,"column":4},"end":{"line":724,"column":48}},"235":{"start":{"line":727,"column":4},"end":{"line":727,"column":24}},"236":{"start":{"line":728,"column":4},"end":{"line":728,"column":29}},"237":{"start":{"line":729,"column":4},"end":{"line":729,"column":50}},"238":{"start":{"line":731,"column":4},"end":{"line":731,"column":11}},"239":{"start":{"line":737,"column":0},"end":{"line":818,"column":3}},"240":{"start":{"line":738,"column":4},"end":{"line":817,"column":5}},"241":{"start":{"line":739,"column":57},"end":{"line":739,"column":65}},"242":{"start":{"line":742,"column":8},"end":{"line":747,"column":9}},"243":{"start":{"line":743,"column":12},"end":{"line":746,"column":15}},"244":{"start":{"line":750,"column":29},"end":{"line":750,"column":93}},"245":{"start":{"line":750,"column":75},"end":{"line":750,"column":92}},"246":{"start":{"line":751,"column":8},"end":{"line":756,"column":9}},"247":{"start":{"line":752,"column":12},"end":{"line":755,"column":15}},"248":{"start":{"line":759,"column":29},"end":{"line":759,"column":60}},"249":{"start":{"line":762,"column":23},"end":{"line":762,"column":31}},"250":{"start":{"line":763,"column":21},"end":{"line":771,"column":9}},"251":{"start":{"line":773,"column":8},"end":{"line":773,"column":41}},"252":{"start":{"line":776,"column":23},"end":{"line":776,"column":76}},"253":{"start":{"line":777,"column":8},"end":{"line":783,"column":11}},"254":{"start":{"line":785,"column":8},"end":{"line":785,"column":30}},"255":{"start":{"line":788,"column":22},"end":{"line":792,"column":9}},"256":{"start":{"line":794,"column":8},"end":{"line":806,"column":11}},"257":{"start":{"line":808,"column":8},"end":{"line":808,"column":80}},"258":{"start":{"line":811,"column":8},"end":{"line":811,"column":52}},"259":{"start":{"line":812,"column":8},"end":{"line":816,"column":11}},"260":{"start":{"line":821,"column":0},"end":{"line":889,"column":3}},"261":{"start":{"line":822,"column":4},"end":{"line":888,"column":5}},"262":{"start":{"line":823,"column":36},"end":{"line":823,"column":44}},"263":{"start":{"line":825,"column":8},"end":{"line":830,"column":9}},"264":{"start":{"line":826,"column":12},"end":{"line":829,"column":15}},"265":{"start":{"line":833,"column":21},"end":{"line":833,"column":85}},"266":{"start":{"line":833,"column":67},"end":{"line":833,"column":84}},"267":{"start":{"line":834,"column":8},"end":{"line":839,"column":9}},"268":{"start":{"line":835,"column":12},"end":{"line":838,"column":15}},"269":{"start":{"line":842,"column":30},"end":{"line":842,"column":79}},"270":{"start":{"line":843,"column":8},"end":{"line":848,"column":9}},"271":{"start":{"line":844,"column":12},"end":{"line":847,"column":15}},"272":{"start":{"line":851,"column":22},"end":{"line":855,"column":9}},"273":{"start":{"line":858,"column":28},"end":{"line":865,"column":15}},"274":{"start":{"line":859,"column":35},"end":{"line":859,"column":58}},"275":{"start":{"line":860,"column":35},"end":{"line":865,"column":13}},"276":{"start":{"line":867,"column":8},"end":{"line":879,"column":11}},"277":{"start":{"line":882,"column":8},"end":{"line":882,"column":45}},"278":{"start":{"line":883,"column":8},"end":{"line":887,"column":11}},"279":{"start":{"line":892,"column":0},"end":{"line":934,"column":3}},"280":{"start":{"line":893,"column":4},"end":{"line":933,"column":5}},"281":{"start":{"line":894,"column":21},"end":{"line":894,"column":56}},"282":{"start":{"line":896,"column":8},"end":{"line":901,"column":9}},"283":{"start":{"line":897,"column":12},"end":{"line":900,"column":15}},"284":{"start":{"line":904,"column":28},"end":{"line":912,"column":15}},"285":{"start":{"line":905,"column":35},"end":{"line":905,"column":58}},"286":{"start":{"line":906,"column":35},"end":{"line":912,"column":13}},"287":{"start":{"line":914,"column":8},"end":{"line":925,"column":11}},"288":{"start":{"line":928,"column":8},"end":{"line":932,"column":11}},"289":{"start":{"line":937,"column":0},"end":{"line":979,"column":3}},"290":{"start":{"line":938,"column":4},"end":{"line":978,"column":5}},"291":{"start":{"line":939,"column":37},"end":{"line":939,"column":45}},"292":{"start":{"line":940,"column":21},"end":{"line":940,"column":56}},"293":{"start":{"line":942,"column":8},"end":{"line":947,"column":9}},"294":{"start":{"line":943,"column":12},"end":{"line":946,"column":15}},"295":{"start":{"line":950,"column":23},"end":{"line":950,"column":76}},"296":{"start":{"line":951,"column":8},"end":{"line":957,"column":11}},"297":{"start":{"line":959,"column":8},"end":{"line":959,"column":28}},"298":{"start":{"line":961,"column":8},"end":{"line":970,"column":11}},"299":{"start":{"line":973,"column":8},"end":{"line":977,"column":11}},"300":{"start":{"line":982,"column":0},"end":{"line":1012,"column":3}},"301":{"start":{"line":983,"column":4},"end":{"line":1011,"column":5}},"302":{"start":{"line":984,"column":22},"end":{"line":984,"column":52}},"303":{"start":{"line":985,"column":22},"end":{"line":985,"column":54}},"304":{"start":{"line":987,"column":26},"end":{"line":987,"column":78}},"305":{"start":{"line":988,"column":24},"end":{"line":988,"column":67}},"306":{"start":{"line":989,"column":24},"end":{"line":989,"column":69}},"307":{"start":{"line":991,"column":8},"end":{"line":1003,"column":11}},"308":{"start":{"line":1006,"column":8},"end":{"line":1010,"column":11}},"309":{"start":{"line":1018,"column":19},"end":{"line":1023,"column":1}},"310":{"start":{"line":1026,"column":24},"end":{"line":1052,"column":1}},"311":{"start":{"line":1027,"column":24},"end":{"line":1033,"column":5}},"312":{"start":{"line":1035,"column":4},"end":{"line":1051,"column":7}},"313":{"start":{"line":1036,"column":8},"end":{"line":1050,"column":11}},"314":{"start":{"line":1054,"column":0},"end":{"line":1054,"column":18}},"315":{"start":{"line":1057,"column":0},"end":{"line":1088,"column":3}},"316":{"start":{"line":1058,"column":4},"end":{"line":1087,"column":5}},"317":{"start":{"line":1059,"column":22},"end":{"line":1077,"column":9}},"318":{"start":{"line":1079,"column":8},"end":{"line":1079,"column":24}},"319":{"start":{"line":1081,"column":8},"end":{"line":1081,"column":60}},"320":{"start":{"line":1082,"column":8},"end":{"line":1086,"column":11}},"321":{"start":{"line":1091,"column":0},"end":{"line":1130,"column":3}},"322":{"start":{"line":1092,"column":4},"end":{"line":1129,"column":5}},"323":{"start":{"line":1093,"column":68},"end":{"line":1093,"column":77}},"324":{"start":{"line":1096,"column":24},"end":{"line":1096,"column":63}},"325":{"start":{"line":1097,"column":30},"end":{"line":1099,"column":38}},"326":{"start":{"line":1098,"column":28},"end":{"line":1098,"column":45}},"327":{"start":{"line":1101,"column":28},"end":{"line":1119,"column":9}},"328":{"start":{"line":1106,"column":59},"end":{"line":1118,"column":13}},"329":{"start":{"line":1121,"column":8},"end":{"line":1121,"column":30}},"330":{"start":{"line":1123,"column":8},"end":{"line":1123,"column":60}},"331":{"start":{"line":1124,"column":8},"end":{"line":1128,"column":11}},"332":{"start":{"line":1133,"column":0},"end":{"line":1184,"column":3}},"333":{"start":{"line":1134,"column":4},"end":{"line":1183,"column":5}},"334":{"start":{"line":1135,"column":23},"end":{"line":1135,"column":33}},"335":{"start":{"line":1136,"column":23},"end":{"line":1136,"column":49}},"336":{"start":{"line":1138,"column":8},"end":{"line":1144,"column":9}},"337":{"start":{"line":1139,"column":12},"end":{"line":1143,"column":15}},"338":{"start":{"line":1147,"column":27},"end":{"line":1147,"column":66}},"339":{"start":{"line":1148,"column":30},"end":{"line":1148,"column":74}},"340":{"start":{"line":1148,"column":56},"end":{"line":1148,"column":73}},"341":{"start":{"line":1149,"column":27},"end":{"line":1149,"column":72}},"342":{"start":{"line":1149,"column":56},"end":{"line":1149,"column":67}},"343":{"start":{"line":1151,"column":27},"end":{"line":1173,"column":9}},"344":{"start":{"line":1175,"column":8},"end":{"line":1175,"column":29}},"345":{"start":{"line":1177,"column":8},"end":{"line":1177,"column":55}},"346":{"start":{"line":1178,"column":8},"end":{"line":1182,"column":11}},"347":{"start":{"line":1187,"column":0},"end":{"line":1252,"column":3}},"348":{"start":{"line":1188,"column":4},"end":{"line":1251,"column":5}},"349":{"start":{"line":1189,"column":64},"end":{"line":1189,"column":72}},"350":{"start":{"line":1191,"column":8},"end":{"line":1197,"column":9}},"351":{"start":{"line":1192,"column":12},"end":{"line":1196,"column":15}},"352":{"start":{"line":1200,"column":22},"end":{"line":1209,"column":9}},"353":{"start":{"line":1211,"column":8},"end":{"line":1211,"column":39}},"354":{"start":{"line":1214,"column":8},"end":{"line":1235,"column":9}},"355":{"start":{"line":1215,"column":27},"end":{"line":1215,"column":59}},"356":{"start":{"line":1216,"column":12},"end":{"line":1234,"column":13}},"357":{"start":{"line":1217,"column":16},"end":{"line":1217,"column":37}},"358":{"start":{"line":1218,"column":16},"end":{"line":1218,"column":47}},"359":{"start":{"line":1220,"column":16},"end":{"line":1231,"column":17}},"360":{"start":{"line":1221,"column":20},"end":{"line":1221,"column":34}},"361":{"start":{"line":1222,"column":20},"end":{"line":1222,"column":36}},"362":{"start":{"line":1223,"column":20},"end":{"line":1223,"column":39}},"363":{"start":{"line":1224,"column":20},"end":{"line":1226,"column":21}},"364":{"start":{"line":1225,"column":24},"end":{"line":1225,"column":61}},"365":{"start":{"line":1228,"column":20},"end":{"line":1228,"column":36}},"366":{"start":{"line":1229,"column":20},"end":{"line":1229,"column":38}},"367":{"start":{"line":1230,"column":20},"end":{"line":1230,"column":66}},"368":{"start":{"line":1233,"column":16},"end":{"line":1233,"column":87}},"369":{"start":{"line":1237,"column":8},"end":{"line":1243,"column":11}},"370":{"start":{"line":1245,"column":8},"end":{"line":1245,"column":55}},"371":{"start":{"line":1246,"column":8},"end":{"line":1250,"column":11}},"372":{"start":{"line":1257,"column":16},"end":{"line":1257,"column":25}},"373":{"start":{"line":1258,"column":25},"end":{"line":1258,"column":34}},"374":{"start":{"line":1262,"column":4},"end":{"line":1262,"column":74}},"375":{"start":{"line":1267,"column":4},"end":{"line":1267,"column":74}},"376":{"start":{"line":1272,"column":4},"end":{"line":1272,"column":51}},"377":{"start":{"line":1272,"column":42},"end":{"line":1272,"column":51}},"378":{"start":{"line":1274,"column":17},"end":{"line":1274,"column":40}},"379":{"start":{"line":1274,"column":34},"end":{"line":1274,"column":39}},"380":{"start":{"line":1275,"column":19},"end":{"line":1275,"column":72}},"381":{"start":{"line":1275,"column":45},"end":{"line":1275,"column":54}},"382":{"start":{"line":1276,"column":21},"end":{"line":1276,"column":58}},"383":{"start":{"line":1283,"column":20},"end":{"line":1283,"column":47}},"384":{"start":{"line":1285,"column":4},"end":{"line":1289,"column":6}},"385":{"start":{"line":1294,"column":20},"end":{"line":1294,"column":22}},"386":{"start":{"line":1295,"column":22},"end":{"line":1295,"column":31}},"387":{"start":{"line":1298,"column":26},"end":{"line":1300,"column":5}},"388":{"start":{"line":1299,"column":8},"end":{"line":1299,"column":96}},"389":{"start":{"line":1303,"column":4},"end":{"line":1303,"column":58}},"390":{"start":{"line":1303,"column":33},"end":{"line":1303,"column":56}},"391":{"start":{"line":1305,"column":4},"end":{"line":1328,"column":5}},"392":{"start":{"line":1306,"column":8},"end":{"line":1306,"column":53}},"393":{"start":{"line":1306,"column":44},"end":{"line":1306,"column":53}},"394":{"start":{"line":1309,"column":34},"end":{"line":1312,"column":9}},"395":{"start":{"line":1310,"column":12},"end":{"line":1311,"column":47}},"396":{"start":{"line":1315,"column":8},"end":{"line":1327,"column":9}},"397":{"start":{"line":1316,"column":33},"end":{"line":1316,"column":63}},"398":{"start":{"line":1317,"column":28},"end":{"line":1317,"column":63}},"399":{"start":{"line":1319,"column":12},"end":{"line":1324,"column":15}},"400":{"start":{"line":1326,"column":12},"end":{"line":1326,"column":65}},"401":{"start":{"line":1326,"column":38},"end":{"line":1326,"column":63}},"402":{"start":{"line":1330,"column":4},"end":{"line":1330,"column":19}},"403":{"start":{"line":1335,"column":4},"end":{"line":1343,"column":7}},"404":{"start":{"line":1336,"column":8},"end":{"line":1342,"column":9}},"405":{"start":{"line":1337,"column":12},"end":{"line":1341,"column":16}},"406":{"start":{"line":1348,"column":18},"end":{"line":1348,"column":38}},"407":{"start":{"line":1349,"column":4},"end":{"line":1349,"column":23}},"408":{"start":{"line":1349,"column":16},"end":{"line":1349,"column":23}},"409":{"start":{"line":1351,"column":4},"end":{"line":1353,"column":7}},"410":{"start":{"line":1352,"column":8},"end":{"line":1352,"column":55}},"411":{"start":{"line":1357,"column":0},"end":{"line":1441,"column":3}},"412":{"start":{"line":1358,"column":4},"end":{"line":1440,"column":5}},"413":{"start":{"line":1359,"column":86},"end":{"line":1359,"column":94}},"414":{"start":{"line":1362,"column":8},"end":{"line":1368,"column":9}},"415":{"start":{"line":1363,"column":12},"end":{"line":1367,"column":15}},"416":{"start":{"line":1371,"column":31},"end":{"line":1371,"column":75}},"417":{"start":{"line":1372,"column":8},"end":{"line":1378,"column":9}},"418":{"start":{"line":1373,"column":12},"end":{"line":1377,"column":15}},"419":{"start":{"line":1381,"column":29},"end":{"line":1381,"column":106}},"420":{"start":{"line":1382,"column":8},"end":{"line":1388,"column":9}},"421":{"start":{"line":1383,"column":12},"end":{"line":1387,"column":15}},"422":{"start":{"line":1391,"column":24},"end":{"line":1391,"column":41}},"423":{"start":{"line":1392,"column":22},"end":{"line":1413,"column":9}},"424":{"start":{"line":1415,"column":8},"end":{"line":1415,"column":36}},"425":{"start":{"line":1417,"column":8},"end":{"line":1417,"column":75}},"426":{"start":{"line":1419,"column":8},"end":{"line":1432,"column":11}},"427":{"start":{"line":1434,"column":8},"end":{"line":1434,"column":54}},"428":{"start":{"line":1435,"column":8},"end":{"line":1439,"column":11}},"429":{"start":{"line":1444,"column":0},"end":{"line":1490,"column":3}},"430":{"start":{"line":1445,"column":4},"end":{"line":1489,"column":5}},"431":{"start":{"line":1446,"column":45},"end":{"line":1446,"column":54}},"432":{"start":{"line":1449,"column":30},"end":{"line":1449,"column":58}},"433":{"start":{"line":1451,"column":8},"end":{"line":1453,"column":9}},"434":{"start":{"line":1452,"column":12},"end":{"line":1452,"column":83}},"435":{"start":{"line":1452,"column":58},"end":{"line":1452,"column":81}},"436":{"start":{"line":1454,"column":8},"end":{"line":1456,"column":9}},"437":{"start":{"line":1455,"column":12},"end":{"line":1455,"column":79}},"438":{"start":{"line":1455,"column":58},"end":{"line":1455,"column":77}},"439":{"start":{"line":1457,"column":8},"end":{"line":1459,"column":9}},"440":{"start":{"line":1458,"column":12},"end":{"line":1458,"column":79}},"441":{"start":{"line":1458,"column":58},"end":{"line":1458,"column":77}},"442":{"start":{"line":1462,"column":26},"end":{"line":1471,"column":11}},"443":{"start":{"line":1462,"column":56},"end":{"line":1471,"column":9}},"444":{"start":{"line":1469,"column":68},"end":{"line":1469,"column":79}},"445":{"start":{"line":1473,"column":8},"end":{"line":1481,"column":11}},"446":{"start":{"line":1483,"column":8},"end":{"line":1483,"column":55}},"447":{"start":{"line":1484,"column":8},"end":{"line":1488,"column":11}},"448":{"start":{"line":1493,"column":0},"end":{"line":1664,"column":3}},"449":{"start":{"line":1494,"column":4},"end":{"line":1663,"column":5}},"450":{"start":{"line":1495,"column":23},"end":{"line":1495,"column":33}},"451":{"start":{"line":1496,"column":60},"end":{"line":1496,"column":68}},"452":{"start":{"line":1498,"column":22},"end":{"line":1498,"column":37}},"453":{"start":{"line":1499,"column":8},"end":{"line":1505,"column":9}},"454":{"start":{"line":1500,"column":12},"end":{"line":1504,"column":15}},"455":{"start":{"line":1508,"column":8},"end":{"line":1641,"column":9}},"456":{"start":{"line":1509,"column":12},"end":{"line":1515,"column":13}},"457":{"start":{"line":1510,"column":16},"end":{"line":1514,"column":19}},"458":{"start":{"line":1518,"column":12},"end":{"line":1524,"column":13}},"459":{"start":{"line":1519,"column":16},"end":{"line":1523,"column":19}},"460":{"start":{"line":1527,"column":12},"end":{"line":1533,"column":13}},"461":{"start":{"line":1527,"column":40},"end":{"line":1527,"column":63}},"462":{"start":{"line":1528,"column":16},"end":{"line":1532,"column":19}},"463":{"start":{"line":1536,"column":30},"end":{"line":1543,"column":13}},"464":{"start":{"line":1545,"column":12},"end":{"line":1545,"column":42}},"465":{"start":{"line":1548,"column":12},"end":{"line":1550,"column":13}},"466":{"start":{"line":1549,"column":16},"end":{"line":1549,"column":38}},"467":{"start":{"line":1553,"column":12},"end":{"line":1558,"column":15}},"468":{"start":{"line":1560,"column":12},"end":{"line":1560,"column":67}},"469":{"start":{"line":1562,"column":15},"end":{"line":1641,"column":9}},"470":{"start":{"line":1563,"column":12},"end":{"line":1569,"column":13}},"471":{"start":{"line":1564,"column":16},"end":{"line":1568,"column":19}},"472":{"start":{"line":1571,"column":32},"end":{"line":1571,"column":85}},"473":{"start":{"line":1571,"column":61},"end":{"line":1571,"column":84}},"474":{"start":{"line":1572,"column":12},"end":{"line":1578,"column":13}},"475":{"start":{"line":1573,"column":16},"end":{"line":1577,"column":19}},"476":{"start":{"line":1580,"column":12},"end":{"line":1580,"column":49}},"477":{"start":{"line":1583,"column":12},"end":{"line":1590,"column":13}},"478":{"start":{"line":1584,"column":16},"end":{"line":1584,"column":35}},"479":{"start":{"line":1585,"column":16},"end":{"line":1589,"column":19}},"480":{"start":{"line":1593,"column":12},"end":{"line":1595,"column":13}},"481":{"start":{"line":1594,"column":16},"end":{"line":1594,"column":41}},"482":{"start":{"line":1597,"column":12},"end":{"line":1601,"column":15}},"483":{"start":{"line":1603,"column":15},"end":{"line":1641,"column":9}},"484":{"start":{"line":1604,"column":12},"end":{"line":1610,"column":13}},"485":{"start":{"line":1605,"column":16},"end":{"line":1609,"column":19}},"486":{"start":{"line":1612,"column":34},"end":{"line":1612,"column":81}},"487":{"start":{"line":1613,"column":12},"end":{"line":1619,"column":13}},"488":{"start":{"line":1614,"column":16},"end":{"line":1618,"column":19}},"489":{"start":{"line":1621,"column":12},"end":{"line":1621,"column":34}},"490":{"start":{"line":1623,"column":12},"end":{"line":1625,"column":13}},"491":{"start":{"line":1624,"column":16},"end":{"line":1624,"column":45}},"492":{"start":{"line":1626,"column":12},"end":{"line":1628,"column":13}},"493":{"start":{"line":1627,"column":16},"end":{"line":1627,"column":47}},"494":{"start":{"line":1630,"column":12},"end":{"line":1633,"column":15}},"495":{"start":{"line":1636,"column":12},"end":{"line":1640,"column":15}},"496":{"start":{"line":1643,"column":8},"end":{"line":1655,"column":11}},"497":{"start":{"line":1657,"column":8},"end":{"line":1657,"column":54}},"498":{"start":{"line":1658,"column":8},"end":{"line":1662,"column":11}},"499":{"start":{"line":1667,"column":0},"end":{"line":1707,"column":3}},"500":{"start":{"line":1668,"column":4},"end":{"line":1706,"column":5}},"501":{"start":{"line":1669,"column":23},"end":{"line":1669,"column":33}},"502":{"start":{"line":1671,"column":22},"end":{"line":1671,"column":37}},"503":{"start":{"line":1672,"column":8},"end":{"line":1678,"column":9}},"504":{"start":{"line":1673,"column":12},"end":{"line":1677,"column":15}},"505":{"start":{"line":1681,"column":8},"end":{"line":1684,"column":11}},"506":{"start":{"line":1686,"column":8},"end":{"line":1686,"column":27}},"507":{"start":{"line":1688,"column":8},"end":{"line":1688,"column":44}},"508":{"start":{"line":1690,"column":8},"end":{"line":1698,"column":11}},"509":{"start":{"line":1700,"column":8},"end":{"line":1700,"column":53}},"510":{"start":{"line":1701,"column":8},"end":{"line":1705,"column":11}},"511":{"start":{"line":1710,"column":0},"end":{"line":1784,"column":3}},"512":{"start":{"line":1711,"column":4},"end":{"line":1783,"column":5}},"513":{"start":{"line":1712,"column":62},"end":{"line":1712,"column":70}},"514":{"start":{"line":1715,"column":8},"end":{"line":1721,"column":9}},"515":{"start":{"line":1716,"column":12},"end":{"line":1720,"column":15}},"516":{"start":{"line":1724,"column":8},"end":{"line":1735,"column":9}},"517":{"start":{"line":1725,"column":34},"end":{"line":1725,"column":64}},"518":{"start":{"line":1726,"column":12},"end":{"line":1734,"column":15}},"519":{"start":{"line":1738,"column":24},"end":{"line":1738,"column":41}},"520":{"start":{"line":1739,"column":27},"end":{"line":1748,"column":9}},"521":{"start":{"line":1750,"column":8},"end":{"line":1750,"column":51}},"522":{"start":{"line":1753,"column":26},"end":{"line":1755,"column":52}},"523":{"start":{"line":1754,"column":25},"end":{"line":1754,"column":71}},"524":{"start":{"line":1755,"column":28},"end":{"line":1755,"column":51}},"525":{"start":{"line":1757,"column":25},"end":{"line":1757,"column":78}},"526":{"start":{"line":1757,"column":50},"end":{"line":1757,"column":73}},"527":{"start":{"line":1758,"column":34},"end":{"line":1758,"column":72}},"528":{"start":{"line":1760,"column":8},"end":{"line":1760,"column":82}},"529":{"start":{"line":1762,"column":8},"end":{"line":1775,"column":11}},"530":{"start":{"line":1777,"column":8},"end":{"line":1777,"column":53}},"531":{"start":{"line":1778,"column":8},"end":{"line":1782,"column":11}},"532":{"start":{"line":1787,"column":0},"end":{"line":1830,"column":3}},"533":{"start":{"line":1788,"column":4},"end":{"line":1829,"column":5}},"534":{"start":{"line":1789,"column":29},"end":{"line":1789,"column":38}},"535":{"start":{"line":1791,"column":8},"end":{"line":1797,"column":9}},"536":{"start":{"line":1792,"column":12},"end":{"line":1796,"column":15}},"537":{"start":{"line":1799,"column":27},"end":{"line":1799,"column":57}},"538":{"start":{"line":1800,"column":8},"end":{"line":1806,"column":9}},"539":{"start":{"line":1801,"column":12},"end":{"line":1805,"column":15}},"540":{"start":{"line":1808,"column":28},"end":{"line":1808,"column":60}},"541":{"start":{"line":1809,"column":8},"end":{"line":1809,"column":42}},"542":{"start":{"line":1811,"column":8},"end":{"line":1811,"column":55}},"543":{"start":{"line":1813,"column":8},"end":{"line":1821,"column":11}},"544":{"start":{"line":1823,"column":8},"end":{"line":1823,"column":53}},"545":{"start":{"line":1824,"column":8},"end":{"line":1828,"column":11}},"546":{"start":{"line":1833,"column":0},"end":{"line":1969,"column":9}},"547":{"start":{"line":1834,"column":22},"end":{"line":1834,"column":66}},"548":{"start":{"line":1835,"column":20},"end":{"line":1835,"column":97}},"549":{"start":{"line":1837,"column":25},"end":{"line":1837,"column":26}},"550":{"start":{"line":1839,"column":4},"end":{"line":1889,"column":5}},"551":{"start":{"line":1840,"column":8},"end":{"line":1888,"column":9}},"552":{"start":{"line":1841,"column":28},"end":{"line":1841,"column":57}},"553":{"start":{"line":1843,"column":12},"end":{"line":1887,"column":13}},"554":{"start":{"line":1845,"column":32},"end":{"line":1845,"column":49}},"555":{"start":{"line":1846,"column":30},"end":{"line":1865,"column":17}},"556":{"start":{"line":1851,"column":62},"end":{"line":1858,"column":21}},"557":{"start":{"line":1867,"column":16},"end":{"line":1867,"column":44}},"558":{"start":{"line":1870,"column":16},"end":{"line":1883,"column":19}},"559":{"start":{"line":1871,"column":20},"end":{"line":1879,"column":23}},"560":{"start":{"line":1882,"column":20},"end":{"line":1882,"column":61}},"561":{"start":{"line":1885,"column":16},"end":{"line":1885,"column":33}},"562":{"start":{"line":1886,"column":16},"end":{"line":1886,"column":124}},"563":{"start":{"line":1893,"column":8},"end":{"line":1893,"column":54}},"564":{"start":{"line":1893,"column":47},"end":{"line":1893,"column":54}},"565":{"start":{"line":1894,"column":21},"end":{"line":1894,"column":50}},"566":{"start":{"line":1896,"column":8},"end":{"line":1942,"column":9}},"567":{"start":{"line":1898,"column":33},"end":{"line":1898,"column":104}},"568":{"start":{"line":1899,"column":16},"end":{"line":1902,"column":17}},"569":{"start":{"line":1900,"column":20},"end":{"line":1900,"column":130}},"570":{"start":{"line":1900,"column":26},"end":{"line":1900,"column":119}},"571":{"start":{"line":1901,"column":20},"end":{"line":1901,"column":27}},"572":{"start":{"line":1903,"column":16},"end":{"line":1903,"column":39}},"573":{"start":{"line":1904,"column":16},"end":{"line":1904,"column":95}},"574":{"start":{"line":1905,"column":16},"end":{"line":1905,"column":89}},"575":{"start":{"line":1906,"column":16},"end":{"line":1914,"column":26}},"576":{"start":{"line":1907,"column":20},"end":{"line":1913,"column":24}},"577":{"start":{"line":1915,"column":16},"end":{"line":1915,"column":22}},"578":{"start":{"line":1918,"column":28},"end":{"line":1918,"column":39}},"579":{"start":{"line":1919,"column":16},"end":{"line":1919,"column":40}},"580":{"start":{"line":1920,"column":16},"end":{"line":1920,"column":40}},"581":{"start":{"line":1921,"column":16},"end":{"line":1921,"column":38}},"582":{"start":{"line":1922,"column":16},"end":{"line":1924,"column":26}},"583":{"start":{"line":1923,"column":20},"end":{"line":1923,"column":120}},"584":{"start":{"line":1925,"column":16},"end":{"line":1925,"column":22}},"585":{"start":{"line":1929,"column":32},"end":{"line":1929,"column":86}},"586":{"start":{"line":1930,"column":16},"end":{"line":1930,"column":45}},"587":{"start":{"line":1931,"column":16},"end":{"line":1931,"column":119}},"588":{"start":{"line":1931,"column":22},"end":{"line":1931,"column":108}},"589":{"start":{"line":1932,"column":16},"end":{"line":1932,"column":22}},"590":{"start":{"line":1935,"column":16},"end":{"line":1935,"column":39}},"591":{"start":{"line":1936,"column":16},"end":{"line":1936,"column":112}},"592":{"start":{"line":1936,"column":22},"end":{"line":1936,"column":101}},"593":{"start":{"line":1937,"column":16},"end":{"line":1937,"column":22}},"594":{"start":{"line":1941,"column":16},"end":{"line":1941,"column":22}},"595":{"start":{"line":1946,"column":4},"end":{"line":1968,"column":5}},"596":{"start":{"line":1947,"column":20},"end":{"line":1947,"column":30}},"597":{"start":{"line":1948,"column":8},"end":{"line":1967,"column":9}},"598":{"start":{"line":1950,"column":12},"end":{"line":1966,"column":13}},"599":{"start":{"line":1951,"column":34},"end":{"line":1953,"column":60}},"600":{"start":{"line":1952,"column":33},"end":{"line":1952,"column":91}},"601":{"start":{"line":1953,"column":36},"end":{"line":1953,"column":59}},"602":{"start":{"line":1955,"column":33},"end":{"line":1955,"column":86}},"603":{"start":{"line":1955,"column":58},"end":{"line":1955,"column":81}},"604":{"start":{"line":1957,"column":16},"end":{"line":1963,"column":19}},"605":{"start":{"line":1965,"column":16},"end":{"line":1965,"column":39}},"606":{"start":{"line":1972,"column":0},"end":{"line":1989,"column":10}},"607":{"start":{"line":1973,"column":16},"end":{"line":1973,"column":26}},"608":{"start":{"line":1974,"column":20},"end":{"line":1974,"column":34}},"609":{"start":{"line":1975,"column":18},"end":{"line":1975,"column":19}},"610":{"start":{"line":1977,"column":4},"end":{"line":1984,"column":5}},"611":{"start":{"line":1979,"column":8},"end":{"line":1983,"column":9}},"612":{"start":{"line":1981,"column":12},"end":{"line":1981,"column":36}},"613":{"start":{"line":1982,"column":12},"end":{"line":1982,"column":22}},"614":{"start":{"line":1986,"column":4},"end":{"line":1988,"column":5}},"615":{"start":{"line":1987,"column":8},"end":{"line":1987,"column":62}},"616":{"start":{"line":1992,"column":0},"end":{"line":2013,"column":10}},"617":{"start":{"line":1993,"column":16},"end":{"line":1993,"column":26}},"618":{"start":{"line":1994,"column":20},"end":{"line":1994,"column":34}},"619":{"start":{"line":1995,"column":18},"end":{"line":1995,"column":19}},"620":{"start":{"line":1997,"column":4},"end":{"line":2008,"column":5}},"621":{"start":{"line":1998,"column":8},"end":{"line":2007,"column":9}},"622":{"start":{"line":1999,"column":12},"end":{"line":1999,"column":46}},"623":{"start":{"line":2000,"column":12},"end":{"line":2000,"column":22}},"624":{"start":{"line":2002,"column":12},"end":{"line":2006,"column":15}},"625":{"start":{"line":2010,"column":4},"end":{"line":2012,"column":5}},"626":{"start":{"line":2011,"column":8},"end":{"line":2011,"column":74}},"627":{"start":{"line":2018,"column":0},"end":{"line":2061,"column":3}},"628":{"start":{"line":2019,"column":4},"end":{"line":2060,"column":5}},"629":{"start":{"line":2020,"column":64},"end":{"line":2020,"column":72}},"630":{"start":{"line":2023,"column":8},"end":{"line":2028,"column":9}},"631":{"start":{"line":2024,"column":12},"end":{"line":2027,"column":15}},"632":{"start":{"line":2031,"column":21},"end":{"line":2033,"column":45}},"633":{"start":{"line":2035,"column":8},"end":{"line":2040,"column":9}},"634":{"start":{"line":2036,"column":12},"end":{"line":2039,"column":15}},"635":{"start":{"line":2042,"column":23},"end":{"line":2051,"column":10}},"636":{"start":{"line":2053,"column":8},"end":{"line":2053,"column":25}},"637":{"start":{"line":2055,"column":8},"end":{"line":2055,"column":54}},"638":{"start":{"line":2056,"column":8},"end":{"line":2059,"column":11}},"639":{"start":{"line":2064,"column":0},"end":{"line":2092,"column":3}},"640":{"start":{"line":2065,"column":4},"end":{"line":2091,"column":5}},"641":{"start":{"line":2066,"column":26},"end":{"line":2066,"column":36}},"642":{"start":{"line":2067,"column":38},"end":{"line":2067,"column":46}},"643":{"start":{"line":2070,"column":24},"end":{"line":2070,"column":97}},"644":{"start":{"line":2072,"column":8},"end":{"line":2077,"column":9}},"645":{"start":{"line":2073,"column":12},"end":{"line":2076,"column":15}},"646":{"start":{"line":2079,"column":23},"end":{"line":2082,"column":10}},"647":{"start":{"line":2084,"column":8},"end":{"line":2084,"column":25}},"648":{"start":{"line":2086,"column":8},"end":{"line":2086,"column":60}},"649":{"start":{"line":2087,"column":8},"end":{"line":2090,"column":11}},"650":{"start":{"line":2095,"column":0},"end":{"line":2107,"column":3}},"651":{"start":{"line":2096,"column":4},"end":{"line":2106,"column":5}},"652":{"start":{"line":2097,"column":30},"end":{"line":2097,"column":40}},"653":{"start":{"line":2098,"column":23},"end":{"line":2098,"column":75}},"654":{"start":{"line":2099,"column":8},"end":{"line":2099,"column":25}},"655":{"start":{"line":2101,"column":8},"end":{"line":2101,"column":52}},"656":{"start":{"line":2102,"column":8},"end":{"line":2105,"column":11}},"657":{"start":{"line":2110,"column":0},"end":{"line":2132,"column":3}},"658":{"start":{"line":2111,"column":4},"end":{"line":2131,"column":5}},"659":{"start":{"line":2112,"column":22},"end":{"line":2112,"column":65}},"660":{"start":{"line":2114,"column":8},"end":{"line":2119,"column":9}},"661":{"start":{"line":2115,"column":12},"end":{"line":2118,"column":15}},"662":{"start":{"line":2121,"column":8},"end":{"line":2124,"column":11}},"663":{"start":{"line":2126,"column":8},"end":{"line":2126,"column":52}},"664":{"start":{"line":2127,"column":8},"end":{"line":2130,"column":11}},"665":{"start":{"line":2135,"column":0},"end":{"line":2153,"column":3}},"666":{"start":{"line":2136,"column":4},"end":{"line":2152,"column":5}},"667":{"start":{"line":2137,"column":24},"end":{"line":2137,"column":34}},"668":{"start":{"line":2141,"column":8},"end":{"line":2145,"column":11}},"669":{"start":{"line":2147,"column":8},"end":{"line":2147,"column":48}},"670":{"start":{"line":2148,"column":8},"end":{"line":2151,"column":11}},"671":{"start":{"line":2156,"column":0},"end":{"line":2161,"column":3}},"672":{"start":{"line":2157,"column":4},"end":{"line":2160,"column":7}},"673":{"start":{"line":2164,"column":0},"end":{"line":2169,"column":3}},"674":{"start":{"line":2165,"column":4},"end":{"line":2168,"column":7}},"675":{"start":{"line":2172,"column":0},"end":{"line":2186,"column":3}},"676":{"start":{"line":2173,"column":23},"end":{"line":2173,"column":32}},"677":{"start":{"line":2175,"column":4},"end":{"line":2180,"column":5}},"678":{"start":{"line":2176,"column":8},"end":{"line":2179,"column":11}},"679":{"start":{"line":2182,"column":4},"end":{"line":2185,"column":7}},"680":{"start":{"line":2189,"column":0},"end":{"line":2209,"column":3}},"681":{"start":{"line":2190,"column":30},"end":{"line":2190,"column":38}},"682":{"start":{"line":2192,"column":4},"end":{"line":2197,"column":5}},"683":{"start":{"line":2193,"column":8},"end":{"line":2196,"column":11}},"684":{"start":{"line":2199,"column":4},"end":{"line":2208,"column":5}},"685":{"start":{"line":2200,"column":23},"end":{"line":2200,"column":83}},"686":{"start":{"line":2201,"column":8},"end":{"line":2201,"column":25}},"687":{"start":{"line":2203,"column":8},"end":{"line":2203,"column":59}},"688":{"start":{"line":2204,"column":8},"end":{"line":2207,"column":11}},"689":{"start":{"line":2214,"column":0},"end":{"line":2237,"column":3}},"690":{"start":{"line":2215,"column":4},"end":{"line":2236,"column":5}},"691":{"start":{"line":2216,"column":24},"end":{"line":2219,"column":9}},"692":{"start":{"line":2221,"column":24},"end":{"line":2221,"column":55}},"693":{"start":{"line":2223,"column":8},"end":{"line":2228,"column":11}},"694":{"start":{"line":2230,"column":8},"end":{"line":2230,"column":56}},"695":{"start":{"line":2231,"column":8},"end":{"line":2235,"column":11}},"696":{"start":{"line":2240,"column":0},"end":{"line":2265,"column":3}},"697":{"start":{"line":2241,"column":4},"end":{"line":2264,"column":5}},"698":{"start":{"line":2242,"column":23},"end":{"line":2242,"column":60}},"699":{"start":{"line":2244,"column":8},"end":{"line":2250,"column":9}},"700":{"start":{"line":2245,"column":12},"end":{"line":2249,"column":15}},"701":{"start":{"line":2252,"column":8},"end":{"line":2256,"column":11}},"702":{"start":{"line":2258,"column":8},"end":{"line":2258,"column":55}},"703":{"start":{"line":2259,"column":8},"end":{"line":2263,"column":11}},"704":{"start":{"line":2268,"column":0},"end":{"line":2304,"column":3}},"705":{"start":{"line":2269,"column":4},"end":{"line":2303,"column":5}},"706":{"start":{"line":2270,"column":58},"end":{"line":2270,"column":66}},"707":{"start":{"line":2272,"column":8},"end":{"line":2278,"column":9}},"708":{"start":{"line":2273,"column":12},"end":{"line":2277,"column":15}},"709":{"start":{"line":2280,"column":27},"end":{"line":2286,"column":9}},"710":{"start":{"line":2288,"column":26},"end":{"line":2288,"column":59}},"711":{"start":{"line":2290,"column":8},"end":{"line":2295,"column":11}},"712":{"start":{"line":2297,"column":8},"end":{"line":2297,"column":55}},"713":{"start":{"line":2298,"column":8},"end":{"line":2302,"column":11}},"714":{"start":{"line":2307,"column":0},"end":{"line":2333,"column":3}},"715":{"start":{"line":2308,"column":4},"end":{"line":2332,"column":5}},"716":{"start":{"line":2309,"column":31},"end":{"line":2309,"column":68}},"717":{"start":{"line":2311,"column":8},"end":{"line":2317,"column":9}},"718":{"start":{"line":2312,"column":12},"end":{"line":2316,"column":15}},"719":{"start":{"line":2319,"column":8},"end":{"line":2324,"column":11}},"720":{"start":{"line":2326,"column":8},"end":{"line":2326,"column":56}},"721":{"start":{"line":2327,"column":8},"end":{"line":2331,"column":11}},"722":{"start":{"line":2336,"column":0},"end":{"line":2361,"column":3}},"723":{"start":{"line":2337,"column":4},"end":{"line":2360,"column":5}},"724":{"start":{"line":2338,"column":24},"end":{"line":2338,"column":60}},"725":{"start":{"line":2340,"column":8},"end":{"line":2346,"column":9}},"726":{"start":{"line":2341,"column":12},"end":{"line":2345,"column":15}},"727":{"start":{"line":2348,"column":8},"end":{"line":2352,"column":11}},"728":{"start":{"line":2354,"column":8},"end":{"line":2354,"column":55}},"729":{"start":{"line":2355,"column":8},"end":{"line":2359,"column":11}},"730":{"start":{"line":2365,"column":0},"end":{"line":2391,"column":3}},"731":{"start":{"line":2366,"column":4},"end":{"line":2390,"column":5}},"732":{"start":{"line":2367,"column":30},"end":{"line":2367,"column":53}},"733":{"start":{"line":2368,"column":31},"end":{"line":2368,"column":63}},"734":{"start":{"line":2370,"column":8},"end":{"line":2382,"column":11}},"735":{"start":{"line":2384,"column":8},"end":{"line":2384,"column":58}},"736":{"start":{"line":2385,"column":8},"end":{"line":2389,"column":11}},"737":{"start":{"line":2393,"column":0},"end":{"line":2418,"column":3}},"738":{"start":{"line":2394,"column":4},"end":{"line":2417,"column":5}},"739":{"start":{"line":2395,"column":22},"end":{"line":2395,"column":30}},"740":{"start":{"line":2398,"column":27},"end":{"line":2402,"column":10}},"741":{"start":{"line":2404,"column":8},"end":{"line":2409,"column":11}},"742":{"start":{"line":2411,"column":8},"end":{"line":2411,"column":54}},"743":{"start":{"line":2412,"column":8},"end":{"line":2416,"column":11}},"744":{"start":{"line":2423,"column":0},"end":{"line":2447,"column":3}},"745":{"start":{"line":2424,"column":4},"end":{"line":2446,"column":5}},"746":{"start":{"line":2425,"column":30},"end":{"line":2425,"column":53}},"747":{"start":{"line":2426,"column":31},"end":{"line":2426,"column":63}},"748":{"start":{"line":2427,"column":24},"end":{"line":2427,"column":51}},"749":{"start":{"line":2429,"column":8},"end":{"line":2438,"column":11}},"750":{"start":{"line":2440,"column":8},"end":{"line":2440,"column":54}},"751":{"start":{"line":2441,"column":8},"end":{"line":2445,"column":11}},"752":{"start":{"line":2450,"column":0},"end":{"line":2489,"column":3}},"753":{"start":{"line":2451,"column":4},"end":{"line":2488,"column":5}},"754":{"start":{"line":2452,"column":47},"end":{"line":2452,"column":55}},"755":{"start":{"line":2455,"column":30},"end":{"line":2460,"column":10}},"756":{"start":{"line":2463,"column":8},"end":{"line":2470,"column":9}},"757":{"start":{"line":2464,"column":12},"end":{"line":2464,"column":54}},"758":{"start":{"line":2466,"column":12},"end":{"line":2469,"column":15}},"759":{"start":{"line":2473,"column":8},"end":{"line":2473,"column":35}},"760":{"start":{"line":2475,"column":8},"end":{"line":2480,"column":11}},"761":{"start":{"line":2482,"column":8},"end":{"line":2482,"column":58}},"762":{"start":{"line":2483,"column":8},"end":{"line":2487,"column":11}},"763":{"start":{"line":2492,"column":0},"end":{"line":2594,"column":3}},"764":{"start":{"line":2493,"column":16},"end":{"line":2493,"column":73}},"765":{"start":{"line":2494,"column":20},"end":{"line":2494,"column":44}},"766":{"start":{"line":2495,"column":4},"end":{"line":2497,"column":5}},"767":{"start":{"line":2496,"column":8},"end":{"line":2496,"column":86}},"768":{"start":{"line":2500,"column":14},"end":{"line":2500,"column":35}},"769":{"start":{"line":2501,"column":16},"end":{"line":2501,"column":40}},"770":{"start":{"line":2504,"column":8},"end":{"line":2504,"column":68}},"771":{"start":{"line":2508,"column":8},"end":{"line":2508,"column":61}},"772":{"start":{"line":2511,"column":16},"end":{"line":2511,"column":18}},"773":{"start":{"line":2512,"column":24},"end":{"line":2512,"column":26}},"774":{"start":{"line":2515,"column":4},"end":{"line":2581,"column":5}},"775":{"start":{"line":2516,"column":8},"end":{"line":2516,"column":165}},"776":{"start":{"line":2517,"column":8},"end":{"line":2517,"column":98}},"777":{"start":{"line":2520,"column":9},"end":{"line":2581,"column":5}},"778":{"start":{"line":2521,"column":8},"end":{"line":2523,"column":102}},"779":{"start":{"line":2524,"column":8},"end":{"line":2524,"column":97}},"780":{"start":{"line":2527,"column":9},"end":{"line":2581,"column":5}},"781":{"start":{"line":2528,"column":8},"end":{"line":2534,"column":21}},"782":{"start":{"line":2535,"column":8},"end":{"line":2535,"column":95}},"783":{"start":{"line":2538,"column":9},"end":{"line":2581,"column":5}},"784":{"start":{"line":2539,"column":8},"end":{"line":2542,"column":149}},"785":{"start":{"line":2543,"column":8},"end":{"line":2543,"column":109}},"786":{"start":{"line":2546,"column":9},"end":{"line":2581,"column":5}},"787":{"start":{"line":2547,"column":8},"end":{"line":2551,"column":88}},"788":{"start":{"line":2552,"column":8},"end":{"line":2552,"column":93}},"789":{"start":{"line":2555,"column":9},"end":{"line":2581,"column":5}},"790":{"start":{"line":2556,"column":8},"end":{"line":2570,"column":9}},"791":{"start":{"line":2557,"column":12},"end":{"line":2558,"column":80}},"792":{"start":{"line":2559,"column":12},"end":{"line":2559,"column":100}},"793":{"start":{"line":2560,"column":15},"end":{"line":2570,"column":9}},"794":{"start":{"line":2561,"column":12},"end":{"line":2562,"column":83}},"795":{"start":{"line":2563,"column":12},"end":{"line":2563,"column":92}},"796":{"start":{"line":2564,"column":15},"end":{"line":2570,"column":9}},"797":{"start":{"line":2565,"column":12},"end":{"line":2565,"column":140}},"798":{"start":{"line":2566,"column":12},"end":{"line":2566,"column":94}},"799":{"start":{"line":2568,"column":12},"end":{"line":2568,"column":173}},"800":{"start":{"line":2569,"column":12},"end":{"line":2569,"column":87}},"801":{"start":{"line":2573,"column":9},"end":{"line":2581,"column":5}},"802":{"start":{"line":2574,"column":8},"end":{"line":2574,"column":106}},"803":{"start":{"line":2575,"column":8},"end":{"line":2575,"column":94}},"804":{"start":{"line":2579,"column":8},"end":{"line":2579,"column":180}},"805":{"start":{"line":2580,"column":8},"end":{"line":2580,"column":92}},"806":{"start":{"line":2584,"column":18},"end":{"line":2584,"column":55}},"807":{"start":{"line":2585,"column":4},"end":{"line":2593,"column":14}},"808":{"start":{"line":2586,"column":8},"end":{"line":2592,"column":11}},"809":{"start":{"line":2599,"column":0},"end":{"line":2605,"column":3}},"810":{"start":{"line":2600,"column":4},"end":{"line":2604,"column":7}},"811":{"start":{"line":2608,"column":0},"end":{"line":2614,"column":3}},"812":{"start":{"line":2609,"column":4},"end":{"line":2613,"column":7}},"813":{"start":{"line":2617,"column":0},"end":{"line":2623,"column":3}},"814":{"start":{"line":2618,"column":4},"end":{"line":2622,"column":7}},"815":{"start":{"line":2626,"column":0},"end":{"line":2643,"column":3}},"816":{"start":{"line":2627,"column":34},"end":{"line":2627,"column":42}},"817":{"start":{"line":2629,"column":4},"end":{"line":2634,"column":5}},"818":{"start":{"line":2630,"column":8},"end":{"line":2633,"column":11}},"819":{"start":{"line":2636,"column":4},"end":{"line":2636,"column":45}},"820":{"start":{"line":2638,"column":4},"end":{"line":2642,"column":7}},"821":{"start":{"line":2646,"column":0},"end":{"line":2663,"column":3}},"822":{"start":{"line":2647,"column":36},"end":{"line":2647,"column":44}},"823":{"start":{"line":2649,"column":4},"end":{"line":2654,"column":5}},"824":{"start":{"line":2650,"column":8},"end":{"line":2653,"column":11}},"825":{"start":{"line":2656,"column":4},"end":{"line":2656,"column":48}},"826":{"start":{"line":2658,"column":4},"end":{"line":2662,"column":7}},"827":{"start":{"line":2666,"column":0},"end":{"line":2676,"column":3}},"828":{"start":{"line":2667,"column":27},"end":{"line":2667,"column":35}},"829":{"start":{"line":2669,"column":4},"end":{"line":2669,"column":52}},"830":{"start":{"line":2671,"column":4},"end":{"line":2675,"column":7}},"831":{"start":{"line":2681,"column":0},"end":{"line":2711,"column":3}},"832":{"start":{"line":2682,"column":4},"end":{"line":2710,"column":5}},"833":{"start":{"line":2683,"column":26},"end":{"line":2690,"column":9}},"834":{"start":{"line":2692,"column":28},"end":{"line":2692,"column":56}},"835":{"start":{"line":2695,"column":8},"end":{"line":2695,"column":95}},"836":{"start":{"line":2697,"column":8},"end":{"line":2702,"column":11}},"837":{"start":{"line":2704,"column":8},"end":{"line":2704,"column":53}},"838":{"start":{"line":2705,"column":8},"end":{"line":2709,"column":11}},"839":{"start":{"line":2714,"column":0},"end":{"line":2737,"column":3}},"840":{"start":{"line":2715,"column":4},"end":{"line":2736,"column":5}},"841":{"start":{"line":2716,"column":24},"end":{"line":2719,"column":9}},"842":{"start":{"line":2721,"column":23},"end":{"line":2721,"column":53}},"843":{"start":{"line":2723,"column":8},"end":{"line":2728,"column":11}},"844":{"start":{"line":2730,"column":8},"end":{"line":2730,"column":55}},"845":{"start":{"line":2731,"column":8},"end":{"line":2735,"column":11}},"846":{"start":{"line":2740,"column":0},"end":{"line":2766,"column":3}},"847":{"start":{"line":2741,"column":4},"end":{"line":2765,"column":5}},"848":{"start":{"line":2742,"column":30},"end":{"line":2742,"column":71}},"849":{"start":{"line":2744,"column":8},"end":{"line":2750,"column":9}},"850":{"start":{"line":2745,"column":12},"end":{"line":2749,"column":15}},"851":{"start":{"line":2752,"column":8},"end":{"line":2757,"column":11}},"852":{"start":{"line":2759,"column":8},"end":{"line":2759,"column":55}},"853":{"start":{"line":2760,"column":8},"end":{"line":2764,"column":11}},"854":{"start":{"line":2769,"column":0},"end":{"line":2777,"column":3}},"855":{"start":{"line":2770,"column":4},"end":{"line":2770,"column":35}},"856":{"start":{"line":2771,"column":4},"end":{"line":2776,"column":7}},"857":{"start":{"line":2780,"column":0},"end":{"line":2812,"column":3}},"858":{"start":{"line":2781,"column":4},"end":{"line":2781,"column":64}},"859":{"start":{"line":2784,"column":4},"end":{"line":2788,"column":7}},"860":{"start":{"line":2791,"column":28},"end":{"line":2799,"column":5}},"861":{"start":{"line":2801,"column":24},"end":{"line":2803,"column":5}},"862":{"start":{"line":2802,"column":8},"end":{"line":2802,"column":72}},"863":{"start":{"line":2805,"column":4},"end":{"line":2811,"column":7}},"864":{"start":{"line":2816,"column":4},"end":{"line":2848,"column":7}},"865":{"start":{"line":2817,"column":24},"end":{"line":2817,"column":54}},"866":{"start":{"line":2818,"column":25},"end":{"line":2818,"column":51}},"867":{"start":{"line":2819,"column":26},"end":{"line":2819,"column":49}},"868":{"start":{"line":2821,"column":8},"end":{"line":2821,"column":78}},"869":{"start":{"line":2822,"column":8},"end":{"line":2822,"column":57}},"870":{"start":{"line":2824,"column":8},"end":{"line":2831,"column":9}},"871":{"start":{"line":2825,"column":12},"end":{"line":2825,"column":61}},"872":{"start":{"line":2826,"column":12},"end":{"line":2826,"column":64}},"873":{"start":{"line":2827,"column":12},"end":{"line":2827,"column":62}},"874":{"start":{"line":2829,"column":12},"end":{"line":2829,"column":59}},"875":{"start":{"line":2830,"column":12},"end":{"line":2830,"column":61}},"876":{"start":{"line":2833,"column":8},"end":{"line":2833,"column":64}},"877":{"start":{"line":2834,"column":8},"end":{"line":2834,"column":61}},"878":{"start":{"line":2835,"column":8},"end":{"line":2835,"column":73}},"879":{"start":{"line":2836,"column":8},"end":{"line":2836,"column":89}},"880":{"start":{"line":2838,"column":8},"end":{"line":2847,"column":9}},"881":{"start":{"line":2839,"column":12},"end":{"line":2839,"column":62}},"882":{"start":{"line":2840,"column":12},"end":{"line":2840,"column":67}},"883":{"start":{"line":2841,"column":12},"end":{"line":2841,"column":78}},"884":{"start":{"line":2842,"column":12},"end":{"line":2842,"column":34}},"885":{"start":{"line":2844,"column":12},"end":{"line":2844,"column":50}},"886":{"start":{"line":2845,"column":12},"end":{"line":2845,"column":55}},"887":{"start":{"line":2846,"column":12},"end":{"line":2846,"column":28}},"888":{"start":{"line":2852,"column":0},"end":{"line":2852,"column":18}},"889":{"start":{"line":2859,"column":20},"end":{"line":2859,"column":57}},"890":{"start":{"line":2860,"column":4},"end":{"line":2860,"column":42}},"891":{"start":{"line":2862,"column":4},"end":{"line":2865,"column":5}},"892":{"start":{"line":2863,"column":8},"end":{"line":2863,"column":107}},"893":{"start":{"line":2864,"column":8},"end":{"line":2864,"column":15}},"894":{"start":{"line":2867,"column":4},"end":{"line":2867,"column":50}},"895":{"start":{"line":2868,"column":4},"end":{"line":2871,"column":7}},"896":{"start":{"line":2869,"column":8},"end":{"line":2869,"column":50}},"897":{"start":{"line":2870,"column":8},"end":{"line":2870,"column":24}},"898":{"start":{"line":2874,"column":0},"end":{"line":2874,"column":57}},"899":{"start":{"line":2874,"column":28},"end":{"line":2874,"column":55}},"900":{"start":{"line":2875,"column":0},"end":{"line":2875,"column":55}},"901":{"start":{"line":2875,"column":27},"end":{"line":2875,"column":53}},"902":{"start":{"line":2877,"column":0},"end":{"line":2877,"column":21}}},"fnMap":{"0":{"name":"(anonymous_0)","decl":{"start":{"line":24,"column":23},"end":{"line":24,"column":24}},"loc":{"start":{"line":24,"column":29},"end":{"line":26,"column":1}},"line":24},"1":{"name":"(anonymous_1)","decl":{"start":{"line":29,"column":12},"end":{"line":29,"column":13}},"loc":{"start":{"line":29,"column":18},"end":{"line":68,"column":1}},"line":29},"2":{"name":"(anonymous_2)","decl":{"start":{"line":42,"column":31},"end":{"line":42,"column":32}},"loc":{"start":{"line":42,"column":47},"end":{"line":46,"column":5}},"line":42},"3":{"name":"(anonymous_3)","decl":{"start":{"line":71,"column":29},"end":{"line":71,"column":30}},"loc":{"start":{"line":71,"column":47},"end":{"line":81,"column":1}},"line":71},"4":{"name":"(anonymous_4)","decl":{"start":{"line":73,"column":24},"end":{"line":73,"column":25}},"loc":{"start":{"line":73,"column":34},"end":{"line":80,"column":5}},"line":73},"5":{"name":"(anonymous_5)","decl":{"start":{"line":84,"column":32},"end":{"line":84,"column":33}},"loc":{"start":{"line":84,"column":42},"end":{"line":87,"column":1}},"line":84},"6":{"name":"(anonymous_6)","decl":{"start":{"line":142,"column":12},"end":{"line":142,"column":13}},"loc":{"start":{"line":142,"column":40},"end":{"line":169,"column":5}},"line":142},"7":{"name":"(anonymous_7)","decl":{"start":{"line":156,"column":46},"end":{"line":156,"column":47}},"loc":{"start":{"line":156,"column":57},"end":{"line":160,"column":9}},"line":156},"8":{"name":"(anonymous_8)","decl":{"start":{"line":184,"column":8},"end":{"line":184,"column":9}},"loc":{"start":{"line":184,"column":28},"end":{"line":187,"column":1}},"line":184},"9":{"name":"(anonymous_9)","decl":{"start":{"line":190,"column":24},"end":{"line":190,"column":25}},"loc":{"start":{"line":190,"column":44},"end":{"line":194,"column":1}},"line":190},"10":{"name":"(anonymous_10)","decl":{"start":{"line":197,"column":21},"end":{"line":197,"column":22}},"loc":{"start":{"line":197,"column":34},"end":{"line":280,"column":1}},"line":197},"11":{"name":"(anonymous_11)","decl":{"start":{"line":207,"column":60},"end":{"line":207,"column":61}},"loc":{"start":{"line":207,"column":70},"end":{"line":224,"column":9}},"line":207},"12":{"name":"(anonymous_12)","decl":{"start":{"line":224,"column":17},"end":{"line":224,"column":18}},"loc":{"start":{"line":224,"column":24},"end":{"line":226,"column":9}},"line":224},"13":{"name":"(anonymous_13)","decl":{"start":{"line":259,"column":21},"end":{"line":259,"column":22}},"loc":{"start":{"line":259,"column":34},"end":{"line":269,"column":5}},"line":259},"14":{"name":"(anonymous_14)","decl":{"start":{"line":271,"column":19},"end":{"line":271,"column":20}},"loc":{"start":{"line":271,"column":25},"end":{"line":275,"column":5}},"line":271},"15":{"name":"(anonymous_15)","decl":{"start":{"line":277,"column":19},"end":{"line":277,"column":20}},"loc":{"start":{"line":277,"column":30},"end":{"line":279,"column":5}},"line":277},"16":{"name":"handleAnalyticsEvent","decl":{"start":{"line":283,"column":15},"end":{"line":283,"column":35}},"loc":{"start":{"line":283,"column":46},"end":{"line":380,"column":1}},"line":283},"17":{"name":"broadcastAnalyticsUpdate","decl":{"start":{"line":383,"column":9},"end":{"line":383,"column":33}},"loc":{"start":{"line":383,"column":36},"end":{"line":408,"column":1}},"line":383},"18":{"name":"(anonymous_18)","decl":{"start":{"line":401,"column":24},"end":{"line":401,"column":25}},"loc":{"start":{"line":401,"column":34},"end":{"line":407,"column":5}},"line":401},"19":{"name":"(anonymous_19)","decl":{"start":{"line":411,"column":13},"end":{"line":411,"column":14}},"loc":{"start":{"line":411,"column":27},"end":{"line":413,"column":1}},"line":411},"20":{"name":"(anonymous_20)","decl":{"start":{"line":416,"column":23},"end":{"line":416,"column":24}},"loc":{"start":{"line":416,"column":37},"end":{"line":428,"column":1}},"line":416},"21":{"name":"(anonymous_21)","decl":{"start":{"line":433,"column":26},"end":{"line":433,"column":27}},"loc":{"start":{"line":433,"column":46},"end":{"line":456,"column":1}},"line":433},"22":{"name":"(anonymous_22)","decl":{"start":{"line":459,"column":30},"end":{"line":459,"column":31}},"loc":{"start":{"line":459,"column":50},"end":{"line":484,"column":1}},"line":459},"23":{"name":"(anonymous_23)","decl":{"start":{"line":487,"column":27},"end":{"line":487,"column":28}},"loc":{"start":{"line":487,"column":47},"end":{"line":525,"column":1}},"line":487},"24":{"name":"(anonymous_24)","decl":{"start":{"line":528,"column":30},"end":{"line":528,"column":31}},"loc":{"start":{"line":528,"column":50},"end":{"line":555,"column":1}},"line":528},"25":{"name":"(anonymous_25)","decl":{"start":{"line":558,"column":33},"end":{"line":558,"column":34}},"loc":{"start":{"line":558,"column":53},"end":{"line":583,"column":1}},"line":558},"26":{"name":"(anonymous_26)","decl":{"start":{"line":588,"column":22},"end":{"line":588,"column":23}},"loc":{"start":{"line":588,"column":42},"end":{"line":620,"column":1}},"line":588},"27":{"name":"(anonymous_27)","decl":{"start":{"line":591,"column":63},"end":{"line":591,"column":64}},"loc":{"start":{"line":591,"column":68},"end":{"line":591,"column":76}},"line":591},"28":{"name":"authenticateJWT","decl":{"start":{"line":643,"column":9},"end":{"line":643,"column":24}},"loc":{"start":{"line":643,"column":41},"end":{"line":667,"column":1}},"line":643},"29":{"name":"authenticateAPIKey","decl":{"start":{"line":670,"column":9},"end":{"line":670,"column":27}},"loc":{"start":{"line":670,"column":44},"end":{"line":732,"column":1}},"line":670},"30":{"name":"(anonymous_30)","decl":{"start":{"line":737,"column":31},"end":{"line":737,"column":32}},"loc":{"start":{"line":737,"column":51},"end":{"line":818,"column":1}},"line":737},"31":{"name":"(anonymous_31)","decl":{"start":{"line":750,"column":70},"end":{"line":750,"column":71}},"loc":{"start":{"line":750,"column":75},"end":{"line":750,"column":92}},"line":750},"32":{"name":"(anonymous_32)","decl":{"start":{"line":821,"column":28},"end":{"line":821,"column":29}},"loc":{"start":{"line":821,"column":48},"end":{"line":889,"column":1}},"line":821},"33":{"name":"(anonymous_33)","decl":{"start":{"line":833,"column":62},"end":{"line":833,"column":63}},"loc":{"start":{"line":833,"column":67},"end":{"line":833,"column":84}},"line":833},"34":{"name":"(anonymous_34)","decl":{"start":{"line":859,"column":20},"end":{"line":859,"column":21}},"loc":{"start":{"line":859,"column":35},"end":{"line":859,"column":58}},"line":859},"35":{"name":"(anonymous_35)","decl":{"start":{"line":860,"column":17},"end":{"line":860,"column":18}},"loc":{"start":{"line":860,"column":35},"end":{"line":865,"column":13}},"line":860},"36":{"name":"(anonymous_36)","decl":{"start":{"line":892,"column":46},"end":{"line":892,"column":47}},"loc":{"start":{"line":892,"column":60},"end":{"line":934,"column":1}},"line":892},"37":{"name":"(anonymous_37)","decl":{"start":{"line":905,"column":20},"end":{"line":905,"column":21}},"loc":{"start":{"line":905,"column":35},"end":{"line":905,"column":58}},"line":905},"38":{"name":"(anonymous_38)","decl":{"start":{"line":906,"column":17},"end":{"line":906,"column":18}},"loc":{"start":{"line":906,"column":35},"end":{"line":912,"column":13}},"line":906},"39":{"name":"(anonymous_39)","decl":{"start":{"line":937,"column":51},"end":{"line":937,"column":52}},"loc":{"start":{"line":937,"column":65},"end":{"line":979,"column":1}},"line":937},"40":{"name":"(anonymous_40)","decl":{"start":{"line":982,"column":47},"end":{"line":982,"column":48}},"loc":{"start":{"line":982,"column":61},"end":{"line":1012,"column":1}},"line":982},"41":{"name":"(anonymous_41)","decl":{"start":{"line":1026,"column":24},"end":{"line":1026,"column":25}},"loc":{"start":{"line":1026,"column":30},"end":{"line":1052,"column":1}},"line":1026},"42":{"name":"(anonymous_42)","decl":{"start":{"line":1035,"column":24},"end":{"line":1035,"column":25}},"loc":{"start":{"line":1035,"column":34},"end":{"line":1051,"column":5}},"line":1035},"43":{"name":"(anonymous_43)","decl":{"start":{"line":1057,"column":48},"end":{"line":1057,"column":49}},"loc":{"start":{"line":1057,"column":68},"end":{"line":1088,"column":1}},"line":1057},"44":{"name":"(anonymous_44)","decl":{"start":{"line":1091,"column":54},"end":{"line":1091,"column":55}},"loc":{"start":{"line":1091,"column":74},"end":{"line":1130,"column":1}},"line":1091},"45":{"name":"(anonymous_45)","decl":{"start":{"line":1098,"column":18},"end":{"line":1098,"column":19}},"loc":{"start":{"line":1098,"column":28},"end":{"line":1098,"column":45}},"line":1098},"46":{"name":"(anonymous_46)","decl":{"start":{"line":1106,"column":39},"end":{"line":1106,"column":40}},"loc":{"start":{"line":1106,"column":59},"end":{"line":1118,"column":13}},"line":1106},"47":{"name":"(anonymous_47)","decl":{"start":{"line":1133,"column":53},"end":{"line":1133,"column":54}},"loc":{"start":{"line":1133,"column":73},"end":{"line":1184,"column":1}},"line":1133},"48":{"name":"(anonymous_48)","decl":{"start":{"line":1148,"column":46},"end":{"line":1148,"column":47}},"loc":{"start":{"line":1148,"column":56},"end":{"line":1148,"column":73}},"line":1148},"49":{"name":"(anonymous_49)","decl":{"start":{"line":1149,"column":51},"end":{"line":1149,"column":52}},"loc":{"start":{"line":1149,"column":56},"end":{"line":1149,"column":67}},"line":1149},"50":{"name":"(anonymous_50)","decl":{"start":{"line":1187,"column":49},"end":{"line":1187,"column":50}},"loc":{"start":{"line":1187,"column":69},"end":{"line":1252,"column":1}},"line":1187},"51":{"name":"generateLobbyId","decl":{"start":{"line":1261,"column":9},"end":{"line":1261,"column":24}},"loc":{"start":{"line":1261,"column":27},"end":{"line":1263,"column":1}},"line":1261},"52":{"name":"generateQueueId","decl":{"start":{"line":1266,"column":9},"end":{"line":1266,"column":24}},"loc":{"start":{"line":1266,"column":27},"end":{"line":1268,"column":1}},"line":1266},"53":{"name":"calculateMatchQuality","decl":{"start":{"line":1271,"column":9},"end":{"line":1271,"column":30}},"loc":{"start":{"line":1271,"column":40},"end":{"line":1290,"column":1}},"line":1271},"54":{"name":"(anonymous_54)","decl":{"start":{"line":1274,"column":29},"end":{"line":1274,"column":30}},"loc":{"start":{"line":1274,"column":34},"end":{"line":1274,"column":39}},"line":1274},"55":{"name":"(anonymous_55)","decl":{"start":{"line":1275,"column":31},"end":{"line":1275,"column":32}},"loc":{"start":{"line":1275,"column":45},"end":{"line":1275,"column":54}},"line":1275},"56":{"name":"findMatches","decl":{"start":{"line":1293,"column":9},"end":{"line":1293,"column":20}},"loc":{"start":{"line":1293,"column":39},"end":{"line":1331,"column":1}},"line":1293},"57":{"name":"(anonymous_57)","decl":{"start":{"line":1298,"column":71},"end":{"line":1298,"column":72}},"loc":{"start":{"line":1299,"column":8},"end":{"line":1299,"column":96}},"line":1299},"58":{"name":"(anonymous_58)","decl":{"start":{"line":1303,"column":23},"end":{"line":1303,"column":24}},"loc":{"start":{"line":1303,"column":33},"end":{"line":1303,"column":56}},"line":1303},"59":{"name":"(anonymous_59)","decl":{"start":{"line":1309,"column":55},"end":{"line":1309,"column":56}},"loc":{"start":{"line":1310,"column":12},"end":{"line":1311,"column":47}},"line":1310},"60":{"name":"(anonymous_60)","decl":{"start":{"line":1326,"column":33},"end":{"line":1326,"column":34}},"loc":{"start":{"line":1326,"column":38},"end":{"line":1326,"column":63}},"line":1326},"61":{"name":"notifyPlayer","decl":{"start":{"line":1334,"column":9},"end":{"line":1334,"column":21}},"loc":{"start":{"line":1334,"column":49},"end":{"line":1344,"column":1}},"line":1334},"62":{"name":"(anonymous_62)","decl":{"start":{"line":1335,"column":24},"end":{"line":1335,"column":25}},"loc":{"start":{"line":1335,"column":34},"end":{"line":1343,"column":5}},"line":1335},"63":{"name":"broadcastToLobby","decl":{"start":{"line":1347,"column":9},"end":{"line":1347,"column":25}},"loc":{"start":{"line":1347,"column":52},"end":{"line":1354,"column":1}},"line":1347},"64":{"name":"(anonymous_64)","decl":{"start":{"line":1351,"column":26},"end":{"line":1351,"column":27}},"loc":{"start":{"line":1351,"column":36},"end":{"line":1353,"column":5}},"line":1351},"65":{"name":"(anonymous_65)","decl":{"start":{"line":1357,"column":55},"end":{"line":1357,"column":56}},"loc":{"start":{"line":1357,"column":75},"end":{"line":1441,"column":1}},"line":1357},"66":{"name":"(anonymous_66)","decl":{"start":{"line":1444,"column":56},"end":{"line":1444,"column":57}},"loc":{"start":{"line":1444,"column":76},"end":{"line":1490,"column":1}},"line":1444},"67":{"name":"(anonymous_67)","decl":{"start":{"line":1452,"column":53},"end":{"line":1452,"column":54}},"loc":{"start":{"line":1452,"column":58},"end":{"line":1452,"column":81}},"line":1452},"68":{"name":"(anonymous_68)","decl":{"start":{"line":1455,"column":53},"end":{"line":1455,"column":54}},"loc":{"start":{"line":1455,"column":58},"end":{"line":1455,"column":77}},"line":1455},"69":{"name":"(anonymous_69)","decl":{"start":{"line":1458,"column":53},"end":{"line":1458,"column":54}},"loc":{"start":{"line":1458,"column":58},"end":{"line":1458,"column":77}},"line":1458},"70":{"name":"(anonymous_70)","decl":{"start":{"line":1462,"column":46},"end":{"line":1462,"column":47}},"loc":{"start":{"line":1462,"column":56},"end":{"line":1471,"column":9}},"line":1462},"71":{"name":"(anonymous_71)","decl":{"start":{"line":1469,"column":56},"end":{"line":1469,"column":57}},"loc":{"start":{"line":1469,"column":68},"end":{"line":1469,"column":79}},"line":1469},"72":{"name":"(anonymous_72)","decl":{"start":{"line":1493,"column":58},"end":{"line":1493,"column":59}},"loc":{"start":{"line":1493,"column":78},"end":{"line":1664,"column":1}},"line":1493},"73":{"name":"(anonymous_73)","decl":{"start":{"line":1527,"column":35},"end":{"line":1527,"column":36}},"loc":{"start":{"line":1527,"column":40},"end":{"line":1527,"column":63}},"line":1527},"74":{"name":"(anonymous_74)","decl":{"start":{"line":1571,"column":56},"end":{"line":1571,"column":57}},"loc":{"start":{"line":1571,"column":61},"end":{"line":1571,"column":84}},"line":1571},"75":{"name":"(anonymous_75)","decl":{"start":{"line":1667,"column":61},"end":{"line":1667,"column":62}},"loc":{"start":{"line":1667,"column":81},"end":{"line":1707,"column":1}},"line":1667},"76":{"name":"(anonymous_76)","decl":{"start":{"line":1710,"column":55},"end":{"line":1710,"column":56}},"loc":{"start":{"line":1710,"column":75},"end":{"line":1784,"column":1}},"line":1710},"77":{"name":"(anonymous_77)","decl":{"start":{"line":1754,"column":20},"end":{"line":1754,"column":21}},"loc":{"s
[...]
":0},"end":{"line":12,"column":16}},"6":{"start":{"line":13,"column":0},"end":{"line":13,"column":41}},"7":{"start":{"line":14,"column":0},"end":{"line":14,"column":63}},"8":{"start":{"line":17,"column":23},"end":{"line":23,"column":2}},"9":{"start":{"line":25,"column":17},"end":{"line":25,"column":58}},"10":{"start":{"line":27,"column":35},"end":{"line":35,"column":1}},"11":{"start":{"line":28,"column":16},"end":{"line":28,"column":26}},"12":{"start":{"line":29,"column":22},"end":{"line":29,"column":56}},"13":{"start":{"line":30,"column":4},"end":{"line":34,"column":5}},"14":{"start":{"line":31,"column":8},"end":{"line":31,"column":38}},"15":{"start":{"line":32,"column":8},"end":{"line":32,"column":46}},"16":{"start":{"line":33,"column":8},"end":{"line":33,"column":53}},"17":{"start":{"line":38,"column":0},"end":{"line":49,"column":3}},"18":{"start":{"line":39,"column":4},"end":{"line":48,"column":7}},"19":{"start":{"line":52,"column":0},"end":{"line":81,"column":3}},"20":{"start":{"line":53,"column":4},"end":{"line":80,"column":7}},"21":{"start":{"line":84,"column":0},"end":{"line":97,"column":3}},"22":{"start":{"line":85,"column":21},"end":{"line":85,"column":29}},"23":{"start":{"line":86,"column":4},"end":{"line":96,"column":7}},"24":{"start":{"line":100,"column":0},"end":{"line":113,"column":3}},"25":{"start":{"line":101,"column":4},"end":{"line":112,"column":7}},"26":{"start":{"line":116,"column":0},"end":{"line":134,"column":3}},"27":{"start":{"line":117,"column":4},"end":{"line":117,"column":33}},"28":{"start":{"line":118,"column":4},"end":{"line":118,"column":36}},"29":{"start":{"line":120,"column":22},"end":{"line":120,"column":72}},"30":{"start":{"line":121,"column":4},"end":{"line":123,"column":5}},"31":{"start":{"line":122,"column":8},"end":{"line":122,"column":53}},"32":{"start":{"line":125,"column":4},"end":{"line":133,"column":7}},"33":{"start":{"line":137,"column":0},"end":{"line":150,"column":3}},"34":{"start":{"line":138,"column":4},"end":{"line":149,"column":7}},"35":{"start":{"line":153,"column":0},"end":{"line":173,"column":3}},"36":{"start":{"line":154,"column":4},"end":{"line":154,"column":33}},"37":{"start":{"line":155,"column":4},"end":{"line":155,"column":35}},"38":{"start":{"line":156,"column":4},"end":{"line":156,"column":35}},"39":{"start":{"line":158,"column":22},"end":{"line":158,"column":82}},"40":{"start":{"line":159,"column":4},"end":{"line":161,"column":5}},"41":{"start":{"line":160,"column":8},"end":{"line":160,"column":53}},"42":{"start":{"line":163,"column":4},"end":{"line":172,"column":7}},"43":{"start":{"line":176,"column":0},"end":{"line":202,"column":3}},"44":{"start":{"line":177,"column":20},"end":{"line":177,"column":93}},"45":{"start":{"line":178,"column":20},"end":{"line":187,"column":5}},"46":{"start":{"line":189,"column":4},"end":{"line":189,"column":30}},"47":{"start":{"line":192,"column":4},"end":{"line":194,"column":5}},"48":{"start":{"line":193,"column":8},"end":{"line":193,"column":30}},"49":{"start":{"line":196,"column":4},"end":{"line":201,"column":7}},"50":{"start":{"line":205,"column":0},"end":{"line":244,"column":3}},"51":{"start":{"line":206,"column":20},"end":{"line":206,"column":72}},"52":{"start":{"line":208,"column":4},"end":{"line":213,"column":5}},"53":{"start":{"line":209,"column":8},"end":{"line":212,"column":11}},"54":{"start":{"line":215,"column":14},"end":{"line":215,"column":35}},"55":{"start":{"line":216,"column":16},"end":{"line":216,"column":18}},"56":{"start":{"line":217,"column":24},"end":{"line":217,"column":26}},"57":{"start":{"line":220,"column":4},"end":{"line":235,"column":5}},"58":{"start":{"line":221,"column":8},"end":{"line":221,"column":161}},"59":{"start":{"line":222,"column":8},"end":{"line":222,"column":91}},"60":{"start":{"line":223,"column":11},"end":{"line":235,"column":5}},"61":{"start":{"line":224,"column":8},"end":{"line":224,"column":238}},"62":{"start":{"line":225,"column":8},"end":{"line":225,"column":66}},"63":{"start":{"line":226,"column":11},"end":{"line":235,"column":5}},"64":{"start":{"line":227,"column":8},"end":{"line":227,"column":297}},"65":{"start":{"line":228,"column":8},"end":{"line":228,"column":71}},"66":{"start":{"line":229,"column":11},"end":{"line":235,"column":5}},"67":{"start":{"line":230,"column":8},"end":{"line":230,"column":214}},"68":{"start":{"line":231,"column":8},"end":{"line":231,"column":60}},"69":{"start":{"line":233,"column":8},"end":{"line":233,"column":144}},"70":{"start":{"line":234,"column":8},"end":{"line":234,"column":86}},"71":{"start":{"line":237,"column":4},"end":{"line":243,"column":7}},"72":{"start":{"line":247,"column":0},"end":{"line":340,"column":3}},"73":{"start":{"line":248,"column":19},"end":{"line":248,"column":71}},"74":{"start":{"line":250,"column":4},"end":{"line":255,"column":5}},"75":{"start":{"line":251,"column":8},"end":{"line":254,"column":11}},"76":{"start":{"line":258,"column":14},"end":{"line":258,"column":34}},"77":{"start":{"line":259,"column":15},"end":{"line":259,"column":17}},"78":{"start":{"line":260,"column":19},"end":{"line":260,"column":31}},"79":{"start":{"line":261,"column":22},"end":{"line":261,"column":24}},"80":{"start":{"line":263,"column":4},"end":{"line":329,"column":5}},"81":{"start":{"line":264,"column":8},"end":{"line":264,"column":32}},"82":{"start":{"line":265,"column":8},"end":{"line":277,"column":5}},"83":{"start":{"line":278,"column":8},"end":{"line":278,"column":79}},"84":{"start":{"line":279,"column":11},"end":{"line":329,"column":5}},"85":{"start":{"line":280,"column":8},"end":{"line":280,"column":32}},"86":{"start":{"line":281,"column":8},"end":{"line":296,"column":29}},"87":{"start":{"line":297,"column":8},"end":{"line":297,"column":68}},"88":{"start":{"line":298,"column":11},"end":{"line":329,"column":5}},"89":{"start":{"line":299,"column":8},"end":{"line":299,"column":32}},"90":{"start":{"line":300,"column":8},"end":{"line":317,"column":3}},"91":{"start":{"line":318,"column":8},"end":{"line":318,"column":70}},"92":{"start":{"line":320,"column":8},"end":{"line":327,"column":13}},"93":{"start":{"line":328,"column":8},"end":{"line":328,"column":71}},"94":{"start":{"line":331,"column":4},"end":{"line":339,"column":7}},"95":{"start":{"line":343,"column":0},"end":{"line":422,"column":3}},"96":{"start":{"line":344,"column":21},"end":{"line":344,"column":48}},"97":{"start":{"line":346,"column":22},"end":{"line":411,"column":5}},"98":{"start":{"line":413,"column":30},"end":{"line":413,"column":76}},"99":{"start":{"line":415,"column":4},"end":{"line":421,"column":7}},"100":{"start":{"line":425,"column":0},"end":{"line":446,"column":3}},"101":{"start":{"line":426,"column":31},"end":{"line":426,"column":39}},"102":{"start":{"line":428,"column":4},"end":{"line":433,"column":5}},"103":{"start":{"line":429,"column":8},"end":{"line":432,"column":11}},"104":{"start":{"line":437,"column":4},"end":{"line":445,"column":7}},"105":{"start":{"line":449,"column":0},"end":{"line":476,"column":3}},"106":{"start":{"line":450,"column":48},"end":{"line":450,"column":56}},"107":{"start":{"line":452,"column":4},"end":{"line":457,"column":5}},"108":{"start":{"line":453,"column":8},"end":{"line":456,"column":11}},"109":{"start":{"line":460,"column":4},"end":{"line":475,"column":7}},"110":{"start":{"line":479,"column":0},"end":{"line":501,"column":3}},"111":{"start":{"line":480,"column":4},"end":{"line":500,"column":7}},"112":{"start":{"line":504,"column":0},"end":{"line":504,"column":21}}},"fnMap":{"0":{"name":"(anonymous_0)","decl":{"start":{"line":27,"column":35},"end":{"line":27,"column":36}},"loc":{"start":{"line":27,"column":41},"end":{"line":35,"column":1}},"line":27},"1":{"name":"(anonymous_1)","decl":{"start":{"line":38,"column":23},"end":{"line":38,"column":24}},"loc":{"start":{"line":38,"column":37},"end":{"line":49,"column":1}},"line":38},"2":{"name":"(anonymous_2)","decl":{"start":{"line":52,"column":26},"end":{"line":52,"column":27}},"loc":{"start":{"line":52,"column":40},"end":{"line":81,"column":1}},"line":52},"3":{"name":"(anonymous_3)","decl":{"start":{"line":84,"column":27},"end":{"line":84,"column":28}},"loc":{"start":{"line":84,"column":41},"end":{"line":97,"column":1}},"line":84},"4":{"name":"(anonymous_4)","decl":{"start":{"line":100,"column":26},"end":{"line":100,"column":27}},"loc":{"start":{"line":100,"column":40},"end":{"line":113,"column":1}},"line":100},"5":{"name":"(anonymous_5)","decl":{"start":{"line":116,"column":22},"end":{"line":116,"column":23}},"loc":{"start":{"line":116,"column":36},"end":{"line":134,"column":1}},"line":116},"6":{"name":"(anonymous_6)","decl":{"start":{"line":137,"column":34},"end":{"line":137,"column":35}},"loc":{"start":{"line":137,"column":48},"end":{"line":150,"column":1}},"line":137},"7":{"name":"(anonymous_7)","decl":{"start":{"line":153,"column":32},"end":{"line":153,"column":33}},"loc":{"start":{"line":153,"column":46},"end":{"line":173,"column":1}},"line":153},"8":{"name":"(anonymous_8)","decl":{"start":{"line":176,"column":28},"end":{"line":176,"column":29}},"loc":{"start":{"line":176,"column":42},"end":{"line":202,"column":1}},"line":176},"9":{"name":"(anonymous_9)","decl":{"start":{"line":205,"column":22},"end":{"line":205,"column":23}},"loc":{"start":{"line":205,"column":36},"end":{"line":244,"column":1}},"line":205},"10":{"name":"(anonymous_10)","decl":{"start":{"line":247,"column":26},"end":{"line":247,"column":27}},"loc":{"start":{"line":247,"column":40},"end":{"line":340,"column":1}},"line":247},"11":{"name":"(anonymous_11)","decl":{"start":{"line":343,"column":32},"end":{"line":343,"column":33}},"loc":{"start":{"line":343,"column":46},"end":{"line":422,"column":1}},"line":343},"12":{"name":"(anonymous_12)","decl":{"start":{"line":425,"column":22},"end":{"line":425,"column":23}},"loc":{"start":{"line":425,"column":36},"end":{"line":446,"column":1}},"line":425},"13":{"name":"(anonymous_13)","decl":{"start":{"line":449,"column":31},"end":{"line":449,"column":32}},"loc":{"start":{"line":449,"column":45},"end":{"line":476,"column":1}},"line":449},"14":{"name":"(anonymous_14)","decl":{"start":{"line":479,"column":18},"end":{"line":479,"column":19}},"loc":{"start":{"line":479,"column":32},"end":{"line":501,"column":1}},"line":479}},"branchMap":{"0":{"loc":{"start":{"line":17,"column":23},"end":{"line":23,"column":2}},"type":"binary-expr","locations":[{"start":{"line":17,"column":23},"end":{"line":17,"column":44}},{"start":{"line":17,"column":49},"end":{"line":23,"column":1}}],"line":17},"1":{"loc":{"start":{"line":25,"column":17},"end":{"line":25,"column":58}},"type":"binary-expr","locations":[{"start":{"line":25,"column":17},"end":{"line":25,"column":32}},{"start":{"line":25,"column":37},"end":{"line":25,"column":57}}],"line":25},"2":{"loc":{"start":{"line":30,"column":4},"end":{"line":34,"column":5}},"type":"if","locations":[{"start":{"line":30,"column":4},"end":{"line":34,"column":5}},{"start":{},"end":{}}],"line":30},"3":{"loc":{"start":{"line":43,"column":21},"end":{"line":43,"column":57}},"type":"binary-expr","locations":[{"start":{"line":43,"column":21},"end":{"line":43,"column":41}},{"start":{"line":43,"column":45},"end":{"line":43,"column":57}}],"line":43},"4":{"loc":{"start":{"line":120,"column":22},"end":{"line":120,"column":72}},"type":"binary-expr","locations":[{"start":{"line":120,"column":22},"end":{"line":120,"column":49}},{"start":{"line":120,"column":53},"end":{"line":120,"column":72}}],"line":120},"5":{"loc":{"start":{"line":121,"column":4},"end":{"line":123,"column":5}},"type":"if","locations":[{"start":{"line":121,"column":4},"end":{"line":123,"column":5}},{"start":{},"end":{}}],"line":121},"6":{"loc":{"start":{"line":130,"column":33},"end":{"line":130,"column":72}},"type":"binary-expr","locations":[{"start":{"line":130,"column":33},"end":{"line":130,"column":67}},{"start":{"line":130,"column":71},"end":{"line":130,"column":72}}],"line":130},"7":{"loc":{"start":{"line":158,"column":22},"end":{"line":158,"column":82}},"type":"binary-expr","locations":[{"start":{"line":158,"column":22},"end":{"line":158,"column":41}},{"start":{"line":158,"column":45},"end":{"line":158,"column":72}},{"start":{"line":158,"column":76},"end":{"line":158,"column":82}}],"line":158},"8":{"loc":{"start":{"line":159,"column":4},"end":{"line":161,"column":5}},"type":"if","locations":[{"start":{"line":159,"column":4},"end":{"line":161,"column":5}},{"start":{},"end":{}}],"line":159},"9":{"loc":{"start":{"line":180,"column":17},"end":{"line":180,"column":53}},"type":"binary-expr","locations":[{"start":{"line":180,"column":17},"end":{"line":180,"column":34}},{"start":{"line":180,"column":38},"end":{"line":180,"column":53}}],"line":180},"10":{"loc":{"start":{"line":181,"column":14},"end":{"line":181,"column":45}},"type":"binary-expr","locations":[{"start":{"line":181,"column":14},"end":{"line":181,"column":28}},{"start":{"line":181,"column":32},"end":{"line":181,"column":45}}],"line":181},"11":{"loc":{"start":{"line":182,"column":15},"end":{"line":182,"column":38}},"type":"binary-expr","locations":[{"start":{"line":182,"column":15},"end":{"line":182,"column":30}},{"start":{"line":182,"column":34},"end":{"line":182,"column":38}}],"line":182},"12":{"loc":{"start":{"line":183,"column":13},"end":{"line":183,"column":34}},"type":"binary-expr","locations":[{"start":{"line":183,"column":13},"end":{"line":183,"column":26}},{"start":{"line":183,"column":30},"end":{"line":183,"column":34}}],"line":183},"13":{"loc":{"start":{"line":184,"column":17},"end":{"line":184,"column":40}},"type":"binary-expr","locations":[{"start":{"line":184,"column":17},"end":{"line":184,"column":34}},{"start":{"line":184,"column":38},"end":{"line":184,"column":40}}],"line":184},"14":{"loc":{"start":{"line":185,"column":19},"end":{"line":185,"column":67}},"type":"binary-expr","locations":[{"start":{"line":185,"column":19},"end":{"line":185,"column":38}},{"start":{"line":185,"column":42},"end":{"line":185,"column":67}}],"line":185},"15":{"loc":{"start":{"line":192,"column":4},"end":{"line":194,"column":5}},"type":"if","locations":[{"start":{"line":192,"column":4},"end":{"line":194,"column":5}},{"start":{},"end":{}}],"line":192},"16":{"loc":{"start":{"line":206,"column":21},"end":{"line":206,"column":64}},"type":"binary-expr","locations":[{"start":{"line":206,"column":21},"end":{"line":206,"column":38}},{"start":{"line":206,"column":42},"end":{"line":206,"column":58}},{"start":{"line":206,"column":62},"end":{"line":206,"column":64}}],"line":206},"17":{"loc":{"start":{"line":208,"column":4},"end":{"line":213,"column":5}},"type":"if","locations":[{"start":{"line":208,"column":4},"end":{"line":213,"column":5}},{"start":{},"end":{}}],"line":208},"18":{"loc":{"start":{"line":220,"column":4},"end":{"line":235,"column":5}},"type":"if","locations":[{"start":{"line":220,"column":4},"end":{"line":235,"column":5}},{"start":{"line":223,"column":11},"end":{"line":235,"column":5}}],"line":220},"19":{"loc":{"start":{"line":220,"column":8},"end":{"line":220,"column":73}},"type":"binary-expr","locations":[{"start":{"line":220,"column":8},"end":{"line":220,"column":44}},{"start":{"line":220,"column":48},"end":{"line":220,"column":73}}],"line":220},"20":{"loc":{"start":{"line":223,"column":11},"end":{"line":235,"column":5}},"type":"if","locations":[{"start":{"line":223,"column":11},"end":{"line":235,"column":5}},{"start":{"line":226,"column":11},"end":{"line":235,"column":5}}],"line":223},"21":{"loc":{"start":{"line":226,"column":11},"end":{"line":235,"column":5}},"type":"if","locations":[{"start":{"line":226,"column":11},"end":{"line":235,"column":5}},{"start":{"line":229,"column":11},"end":{"line":235,"column":5}}],"line":226},"22":{"loc":{"start":{"line":229,"column":11},"end":{"line":235,"column":5}},"type":"if","locations":[{"start":{"line":229,"column":11},"end":{"line":235,"column":5}},{"start":{"line":232,"column":11},"end":{"line":235,"column":5}}],"line":229},"23":{"loc":{"start":{"line":248,"column":20},"end":{"line":248,"column":63}},"type":"binary-expr","locations":[{"start":{"line":248,"column":20},"end":{"line":248,"column":36}},{"start":{"line":248,"column":40},"end":{"line":248,"column":57}},{"start":{"line":248,"column":61},"end":{"line":248,"column":63}}],"line":248},"24":{"loc":{"start":{"line":250,"column":4},"end":{"line":255,"column":5}},"type":"if","locations":[{"start":{"line":250,"column":4},"end":{"line":255,"column":5}},{"start":{},"end":{}}],"line":250},"25":{"loc":{"start":{"line":263,"column":4},"end":{"line":329,"column":5}},"type":"if","locations":[{"start":{"line":263,"column":4},"end":{"line":329,"column":5}},{"start":{"line":279,"column":11},"end":{"line":329,"column":5}}],"line":263},"26":{"loc":{"start":{"line":279,"column":11},"end":{"line":329,"column":5}},"type":"if","locations":[{"start":{"line":279,"column":11},"end":{"line":329,"column":5}},{"start":{"line":298,"column":11},"end":{"line":329,"column":5}}],"line":279},"27":{"loc":{"start":{"line":298,"column":11},"end":{"line":329,"column":5}},"type":"if","locations":[{"start":{"line":298,"column":11},"end":{"line":329,"column":5}},{"start":{"line":319,"column":11},"end":{"line":329,"column":5}}],"line":298},"28":{"loc":{"start":{"line":344,"column":21},"end":{"line":344,"column":48}},"type":"binary-expr","locations":[{"start":{"line":344,"column":21},"end":{"line":344,"column":35}},{"start":{"line":344,"column":39},"end":{"line":344,"column":48}}],"line":344},"29":{"loc":{"start":{"line":413,"column":30},"end":{"line":413,"column":76}},"type":"binary-expr","locations":[{"start":{"line":413,"column":30},"end":{"line":413,"column":49}},{"start":{"line":413,"column":53},"end":{"line":413,"column":76}}],"line":413},"30":{"loc":{"start":{"line":428,"column":4},"end":{"line":433,"column":5}},"type":"if","locations":[{"start":{"line":428,"column":4},"end":{"line":433,"column":5}},{"start":{},"end":{}}],"line":428},"31":{"loc":{"start":{"line":442,"column":18},"end":{"line":442,"column":42}},"type":"binary-expr","locations":[{"start":{"line":442,"column":18},"end":{"line":442,"column":26}},{"start":{"line":442,"column":30},"end":{"line":442,"column":42}}],"line":442},"32":{"loc":{"start":{"line":452,"column":4},"end":{"line":457,"column":5}},"type":"if","locations":[{"start":{"line":452,"column":4},"end":{"line":457,"column":5}},{"start":{},"end":{}}],"line":452},"33":{"loc":{"start":{"line":452,"column":8},"end":{"line":452,"column":28}},"type":"binary-expr","locations":[{"start":{"line":452,"column":8},"end":{"line":452,"column":15}},{"start":{"line":452,"column":19},"end":{"line":452,"column":28}}],"line":452}},"s":{"0":1,"1":1,"2":1,"3":1,"4":1,"5":1,"6":1,"7":1,"8":1,"9":1,"10":1,"11":2,"12":2,"13":2,"14":0,"15":0,"16":0,"17":1,"18":1,"19":1,"20":1,"21":1,"22":1,"23":1,"24":1,"25":1,"26":1,"27":1,"28":1,"29":1,"30":1,"31":0,"32":1,"33":1,"34":1,"35":1,"36":1,"37":1,"38":1,"39":1,"40":1,"41":1,"42":1,"43":1,"44":1,"45":1,"46":1,"47":1,"48":0,"49":1,"50":1,"51":1,"52":1,"53":0,"54":1,"55":1,"56":1,"57":1,"58":1,"59":1,"60":0,"61":0,"62":0,"63":0,"64":0,"65":0,"66":0,"67":0,"68":0,"69":0,"70":0,"71":1,"72":1,"73":1,"74":1,"75":0,"76":1,"77":1,"78":1,"79":1,"80":1,"81":0,"82":0,"83":0,"84":1,"85":0,"86":0,"87":0,"88":1,"89":1,"90":1,"91":1,"92":0,"93":0,"94":1,"95":1,"96":1,"97":1,"98":1,"99":1,"100":1,"101":0,"102":0,"103":0,"104":0,"105":1,"106":0,"107":0,"108":0,"109":0,"110":1,"111":0,"112":1},"f":{"0":2,"1":1,"2":1,"3":1,"4":1,"5":1,"6":1,"7":1,"8":1,"9":1,"10":1,"11":1,"12":0,"13":0,"14":0},"b":{"0":[1,1],"1":[1,1],"2":[0,2],"3":[1,0],"4":[1,1],"5":[0,1],"6":[1,1],"7":[1,0,0],"8":[1,0],"9":[1,0],"10":[1,0],"11":[1,1],"12":[1,0],"13":[1,1],"14":[1,1],"15":[0,1],"16":[1,0,0],"17":[0,1],"18":[1,0],"19":[1,0],"20":[0,0],"21":[0,0],"22":[0,0],"23":[1,0,0],"24":[0,1],"25":[0,1],"26":[0,1],"27":[1,0],"28":[1,1],"29":[1,1],"30":[0,0],"31":[0,0],"32":[0,0],"33":[0,0]},"_coverageSchema":"1a1c01bbd47fc00a2c39e90264f33305004495a9","hash":"69a5870dc4159a1b8f00a93332b5caaef2349449"}
}
