TN:
SF:server.js
FN:24,(anonymous_0)
FN:29,(anonymous_1)
FN:42,(anonymous_2)
FN:71,(anonymous_3)
FN:73,(anonymous_4)
FN:84,(anonymous_5)
FN:142,(anonymous_6)
FN:156,(anonymous_7)
FN:184,(anonymous_8)
FN:190,(anonymous_9)
FN:197,(anonymous_10)
FN:207,(anonymous_11)
FN:224,(anonymous_12)
FN:259,(anonymous_13)
FN:271,(anonymous_14)
FN:277,(anonymous_15)
FN:283,handleAnalyticsEvent
FN:383,broadcastAnalyticsUpdate
FN:401,(anonymous_18)
FN:411,(anonymous_19)
FN:416,(anonymous_20)
FN:433,(anonymous_21)
FN:459,(anonymous_22)
FN:487,(anonymous_23)
FN:528,(anonymous_24)
FN:558,(anonymous_25)
FN:588,(anonymous_26)
FN:591,(anonymous_27)
FN:643,authenticateJWT
FN:670,authenticateAPIKey
FN:737,(anonymous_30)
FN:750,(anonymous_31)
FN:821,(anonymous_32)
FN:833,(anonymous_33)
FN:859,(anonymous_34)
FN:860,(anonymous_35)
FN:892,(anonymous_36)
FN:905,(anonymous_37)
FN:906,(anonymous_38)
FN:937,(anonymous_39)
FN:982,(anonymous_40)
FN:1026,(anonymous_41)
FN:1035,(anonymous_42)
FN:1057,(anonymous_43)
FN:1091,(anonymous_44)
FN:1098,(anonymous_45)
FN:1106,(anonymous_46)
FN:1133,(anonymous_47)
FN:1148,(anonymous_48)
FN:1149,(anonymous_49)
FN:1187,(anonymous_50)
FN:1261,generateLobbyId
FN:1266,generateQueueId
FN:1271,calculateMatchQuality
FN:1274,(anonymous_54)
FN:1275,(anonymous_55)
FN:1293,findMatches
FN:1298,(anonymous_57)
FN:1303,(anonymous_58)
FN:1309,(anonymous_59)
FN:1326,(anonymous_60)
FN:1334,notifyPlayer
FN:1335,(anonymous_62)
FN:1347,broadcastToLobby
FN:1351,(anonymous_64)
FN:1357,(anonymous_65)
FN:1444,(anonymous_66)
FN:1452,(anonymous_67)
FN:1455,(anonymous_68)
FN:1458,(anonymous_69)
FN:1462,(anonymous_70)
FN:1469,(anonymous_71)
FN:1493,(anonymous_72)
FN:1527,(anonymous_73)
FN:1571,(anonymous_74)
FN:1667,(anonymous_75)
FN:1710,(anonymous_76)
FN:1754,(anonymous_77)
FN:1755,(anonymous_78)
FN:1757,(anonymous_79)
FN:1787,(anonymous_80)
FN:1833,(anonymous_81)
FN:1851,(anonymous_82)
FN:1870,(anonymous_83)
FN:1892,handleRealtimeMessage
FN:1952,(anonymous_85)
FN:1953,(anonymous_86)
FN:1955,(anonymous_87)
FN:1972,(anonymous_88)
FN:1992,(anonymous_89)
FN:2018,(anonymous_90)
FN:2064,(anonymous_91)
FN:2095,(anonymous_92)
FN:2110,(anonymous_93)
FN:2135,(anonymous_94)
FN:2156,(anonymous_95)
FN:2164,(anonymous_96)
FN:2172,(anonymous_97)
FN:2189,(anonymous_98)
FN:2214,(anonymous_99)
FN:2240,(anonymous_100)
FN:2268,(anonymous_101)
FN:2307,(anonymous_102)
FN:2336,(anonymous_103)
FN:2365,(anonymous_104)
FN:2393,(anonymous_105)
FN:2423,(anonymous_106)
FN:2450,(anonymous_107)
FN:2492,(anonymous_108)
FN:2503,section
FN:2507,code
FN:2585,(anonymous_111)
FN:2599,(anonymous_112)
FN:2608,(anonymous_113)
FN:2617,(anonymous_114)
FN:2626,(anonymous_115)
FN:2646,(anonymous_116)
FN:2666,(anonymous_117)
FN:2681,(anonymous_118)
FN:2714,(anonymous_119)
FN:2740,(anonymous_120)
FN:2769,(anonymous_121)
FN:2780,(anonymous_122)
FN:2801,(anonymous_123)
FN:2815,startServer
FN:2816,(anonymous_125)
FN:2837,(anonymous_126)
FN:2858,gracefulShutdown
FN:2868,(anonymous_128)
FN:2874,(anonymous_129)
FN:2875,(anonymous_130)
FNF:131
FNH:0
FNDA:0,(anonymous_0)
FNDA:0,(anonymous_1)
FNDA:0,(anonymous_2)
FNDA:0,(anonymous_3)
FNDA:0,(anonymous_4)
FNDA:0,(anonymous_5)
FNDA:0,(anonymous_6)
FNDA:0,(anonymous_7)
FNDA:0,(anonymous_8)
FNDA:0,(anonymous_9)
FNDA:0,(anonymous_10)
FNDA:0,(anonymous_11)
FNDA:0,(anonymous_12)
FNDA:0,(anonymous_13)
FNDA:0,(anonymous_14)
FNDA:0,(anonymous_15)
FNDA:0,handleAnalyticsEvent
FNDA:0,broadcastAnalyticsUpdate
FNDA:0,(anonymous_18)
FNDA:0,(anonymous_19)
FNDA:0,(anonymous_20)
FNDA:0,(anonymous_21)
FNDA:0,(anonymous_22)
FNDA:0,(anonymous_23)
FNDA:0,(anonymous_24)
FNDA:0,(anonymous_25)
FNDA:0,(anonymous_26)
FNDA:0,(anonymous_27)
FNDA:0,authenticateJWT
FNDA:0,authenticateAPIKey
FNDA:0,(anonymous_30)
FNDA:0,(anonymous_31)
FNDA:0,(anonymous_32)
FNDA:0,(anonymous_33)
FNDA:0,(anonymous_34)
FNDA:0,(anonymous_35)
FNDA:0,(anonymous_36)
FNDA:0,(anonymous_37)
FNDA:0,(anonymous_38)
FNDA:0,(anonymous_39)
FNDA:0,(anonymous_40)
FNDA:0,(anonymous_41)
FNDA:0,(anonymous_42)
FNDA:0,(anonymous_43)
FNDA:0,(anonymous_44)
FNDA:0,(anonymous_45)
FNDA:0,(anonymous_46)
FNDA:0,(anonymous_47)
FNDA:0,(anonymous_48)
FNDA:0,(anonymous_49)
FNDA:0,(anonymous_50)
FNDA:0,generateLobbyId
FNDA:0,generateQueueId
FNDA:0,calculateMatchQuality
FNDA:0,(anonymous_54)
FNDA:0,(anonymous_55)
FNDA:0,findMatches
FNDA:0,(anonymous_57)
FNDA:0,(anonymous_58)
FNDA:0,(anonymous_59)
FNDA:0,(anonymous_60)
FNDA:0,notifyPlayer
FNDA:0,(anonymous_62)
FNDA:0,broadcastToLobby
FNDA:0,(anonymous_64)
FNDA:0,(anonymous_65)
FNDA:0,(anonymous_66)
FNDA:0,(anonymous_67)
FNDA:0,(anonymous_68)
FNDA:0,(anonymous_69)
FNDA:0,(anonymous_70)
FNDA:0,(anonymous_71)
FNDA:0,(anonymous_72)
FNDA:0,(anonymous_73)
FNDA:0,(anonymous_74)
FNDA:0,(anonymous_75)
FNDA:0,(anonymous_76)
FNDA:0,(anonymous_77)
FNDA:0,(anonymous_78)
FNDA:0,(anonymous_79)
FNDA:0,(anonymous_80)
FNDA:0,(anonymous_81)
FNDA:0,(anonymous_82)
FNDA:0,(anonymous_83)
FNDA:0,handleRealtimeMessage
FNDA:0,(anonymous_85)
FNDA:0,(anonymous_86)
FNDA:0,(anonymous_87)
FNDA:0,(anonymous_88)
FNDA:0,(anonymous_89)
FNDA:0,(anonymous_90)
FNDA:0,(anonymous_91)
FNDA:0,(anonymous_92)
FNDA:0,(anonymous_93)
FNDA:0,(anonymous_94)
FNDA:0,(anonymous_95)
FNDA:0,(anonymous_96)
FNDA:0,(anonymous_97)
FNDA:0,(anonymous_98)
FNDA:0,(anonymous_99)
FNDA:0,(anonymous_100)
FNDA:0,(anonymous_101)
FNDA:0,(anonymous_102)
FNDA:0,(anonymous_103)
FNDA:0,(anonymous_104)
FNDA:0,(anonymous_105)
FNDA:0,(anonymous_106)
FNDA:0,(anonymous_107)
FNDA:0,(anonymous_108)
FNDA:0,section
FNDA:0,code
FNDA:0,(anonymous_111)
FNDA:0,(anonymous_112)
FNDA:0,(anonymous_113)
FNDA:0,(anonymous_114)
FNDA:0,(anonymous_115)
FNDA:0,(anonymous_116)
FNDA:0,(anonymous_117)
FNDA:0,(anonymous_118)
FNDA:0,(anonymous_119)
FNDA:0,(anonymous_120)
FNDA:0,(anonymous_121)
FNDA:0,(anonymous_122)
FNDA:0,(anonymous_123)
FNDA:0,startServer
FNDA:0,(anonymous_125)
FNDA:0,(anonymous_126)
FNDA:0,gracefulShutdown
FNDA:0,(anonymous_128)
FNDA:0,(anonymous_129)
FNDA:0,(anonymous_130)
DA:1,0
DA:2,0
DA:3,0
DA:4,0
DA:5,0
DA:6,0
DA:7,0
DA:8,0
DA:9,0
DA:10,0
DA:11,0
DA:12,0
DA:13,0
DA:14,0
DA:15,0
DA:16,0
DA:17,0
DA:19,0
DA:20,0
DA:21,0
DA:24,0
DA:25,0
DA:29,0
DA:30,0
DA:31,0
DA:32,0
DA:33,0
DA:36,0
DA:37,0
DA:41,0
DA:42,0
DA:43,0
DA:44,0
DA:49,0
DA:50,0
DA:53,0
DA:56,0
DA:57,0
DA:71,0
DA:73,0
DA:74,0
DA:75,0
DA:84,0
DA:86,0
DA:90,0
DA:96,0
DA:99,0
DA:109,0
DA:119,0
DA:138,0
DA:141,0
DA:144,0
DA:146,0
DA:156,0
DA:157,0
DA:158,0
DA:159,0
DA:162,0
DA:163,0
DA:165,0
DA:166,0
DA:167,0
DA:175,0
DA:176,0
DA:177,0
DA:178,0
DA:181,0
DA:184,0
DA:185,0
DA:186,0
DA:190,0
DA:193,0
DA:197,0
DA:198,0
DA:199,0
DA:202,0
DA:203,0
DA:206,0
DA:207,0
DA:208,0
DA:209,0
DA:210,0
DA:211,0
DA:212,0
DA:219,0
DA:225,0
DA:230,0
DA:237,0
DA:244,0
DA:259,0
DA:260,0
DA:261,0
DA:263,0
DA:265,0
DA:267,0
DA:271,0
DA:272,0
DA:273,0
DA:274,0
DA:277,0
DA:278,0
DA:285,0
DA:286,0
DA:289,0
DA:290,0
DA:291,0
DA:292,0
DA:295,0
DA:301,0
DA:302,0
DA:309,0
DA:313,0
DA:314,0
DA:316,0
DA:317,0
DA:318,0
DA:323,0
DA:325,0
DA:327,0
DA:328,0
DA:330,0
DA:331,0
DA:336,0
DA:338,0
DA:342,0
DA:343,0
DA:345,0
DA:351,0
DA:352,0
DA:359,0
DA:363,0
DA:364,0
DA:366,0
DA:367,0
DA:369,0
DA:370,0
DA:372,0
DA:373,0
DA:377,0
DA:378,0
DA:384,0
DA:401,0
DA:402,0
DA:404,0
DA:405,0
DA:411,0
DA:412,0
DA:416,0
DA:418,0
DA:433,0
DA:434,0
DA:435,0
DA:440,0
DA:442,0
DA:449,0
DA:450,0
DA:459,0
DA:460,0
DA:461,0
DA:463,0
DA:464,0
DA:471,0
DA:477,0
DA:478,0
DA:487,0
DA:488,0
DA:489,0
DA:491,0
DA:492,0
DA:499,0
DA:509,0
DA:511,0
DA:518,0
DA:519,0
DA:528,0
DA:529,0
DA:530,0
DA:531,0
DA:533,0
DA:534,0
DA:541,0
DA:548,0
DA:549,0
DA:558,0
DA:559,0
DA:560,0
DA:562,0
DA:563,0
DA:570,0
DA:576,0
DA:577,0
DA:588,0
DA:589,0
DA:590,0
DA:591,0
DA:594,0
DA:611,0
DA:613,0
DA:614,0
DA:625,0
DA:626,0
DA:629,0
DA:636,0
DA:644,0
DA:646,0
DA:647,0
DA:654,0
DA:656,0
DA:657,0
DA:658,0
DA:659,0
DA:661,0
DA:671,0
DA:673,0
DA:674,0
DA:681,0
DA:683,0
DA:684,0
DA:692,0
DA:693,0
DA:695,0
DA:696,0
DA:702,0
DA:705,0
DA:706,0
DA:707,0
DA:711,0
DA:712,0
DA:713,0
DA:723,0
DA:724,0
DA:727,0
DA:728,0
DA:729,0
DA:731,0
DA:737,0
DA:738,0
DA:739,0
DA:742,0
DA:743,0
DA:750,0
DA:751,0
DA:752,0
DA:759,0
DA:762,0
DA:763,0
DA:773,0
DA:776,0
DA:777,0
DA:785,0
DA:788,0
DA:794,0
DA:808,0
DA:811,0
DA:812,0
DA:821,0
DA:822,0
DA:823,0
DA:825,0
DA:826,0
DA:833,0
DA:834,0
DA:835,0
DA:842,0
DA:843,0
DA:844,0
DA:851,0
DA:858,0
DA:859,0
DA:860,0
DA:867,0
DA:882,0
DA:883,0
DA:892,0
DA:893,0
DA:894,0
DA:896,0
DA:897,0
DA:904,0
DA:905,0
DA:906,0
DA:914,0
DA:928,0
DA:937,0
DA:938,0
DA:939,0
DA:940,0
DA:942,0
DA:943,0
DA:950,0
DA:951,0
DA:959,0
DA:961,0
DA:973,0
DA:982,0
DA:983,0
DA:984,0
DA:985,0
DA:987,0
DA:988,0
DA:989,0
DA:991,0
DA:1006,0
DA:1018,0
DA:1026,0
DA:1027,0
DA:1035,0
DA:1036,0
DA:1054,0
DA:1057,0
DA:1058,0
DA:1059,0
DA:1079,0
DA:1081,0
DA:1082,0
DA:1091,0
DA:1092,0
DA:1093,0
DA:1096,0
DA:1097,0
DA:1098,0
DA:1101,0
DA:1106,0
DA:1121,0
DA:1123,0
DA:1124,0
DA:1133,0
DA:1134,0
DA:1135,0
DA:1136,0
DA:1138,0
DA:1139,0
DA:1147,0
DA:1148,0
DA:1149,0
DA:1151,0
DA:1175,0
DA:1177,0
DA:1178,0
DA:1187,0
DA:1188,0
DA:1189,0
DA:1191,0
DA:1192,0
DA:1200,0
DA:1211,0
DA:1214,0
DA:1215,0
DA:1216,0
DA:1217,0
DA:1218,0
DA:1220,0
DA:1221,0
DA:1222,0
DA:1223,0
DA:1224,0
DA:1225,0
DA:1228,0
DA:1229,0
DA:1230,0
DA:1233,0
DA:1237,0
DA:1245,0
DA:1246,0
DA:1257,0
DA:1258,0
DA:1262,0
DA:1267,0
DA:1272,0
DA:1274,0
DA:1275,0
DA:1276,0
DA:1283,0
DA:1285,0
DA:1294,0
DA:1295,0
DA:1298,0
DA:1299,0
DA:1303,0
DA:1305,0
DA:1306,0
DA:1309,0
DA:1310,0
DA:1315,0
DA:1316,0
DA:1317,0
DA:1319,0
DA:1326,0
DA:1330,0
DA:1335,0
DA:1336,0
DA:1337,0
DA:1348,0
DA:1349,0
DA:1351,0
DA:1352,0
DA:1357,0
DA:1358,0
DA:1359,0
DA:1362,0
DA:1363,0
DA:1371,0
DA:1372,0
DA:1373,0
DA:1381,0
DA:1382,0
DA:1383,0
DA:1391,0
DA:1392,0
DA:1415,0
DA:1417,0
DA:1419,0
DA:1434,0
DA:1435,0
DA:1444,0
DA:1445,0
DA:1446,0
DA:1449,0
DA:1451,0
DA:1452,0
DA:1454,0
DA:1455,0
DA:1457,0
DA:1458,0
DA:1462,0
DA:1469,0
DA:1473,0
DA:1483,0
DA:1484,0
DA:1493,0
DA:1494,0
DA:1495,0
DA:1496,0
DA:1498,0
DA:1499,0
DA:1500,0
DA:1508,0
DA:1509,0
DA:1510,0
DA:1518,0
DA:1519,0
DA:1527,0
DA:1528,0
DA:1536,0
DA:1545,0
DA:1548,0
DA:1549,0
DA:1553,0
DA:1560,0
DA:1562,0
DA:1563,0
DA:1564,0
DA:1571,0
DA:1572,0
DA:1573,0
DA:1580,0
DA:1583,0
DA:1584,0
DA:1585,0
DA:1593,0
DA:1594,0
DA:1597,0
DA:1603,0
DA:1604,0
DA:1605,0
DA:1612,0
DA:1613,0
DA:1614,0
DA:1621,0
DA:1623,0
DA:1624,0
DA:1626,0
DA:1627,0
DA:1630,0
DA:1636,0
DA:1643,0
DA:1657,0
DA:1658,0
DA:1667,0
DA:1668,0
DA:1669,0
DA:1671,0
DA:1672,0
DA:1673,0
DA:1681,0
DA:1686,0
DA:1688,0
DA:1690,0
DA:1700,0
DA:1701,0
DA:1710,0
DA:1711,0
DA:1712,0
DA:1715,0
DA:1716,0
DA:1724,0
DA:1725,0
DA:1726,0
DA:1738,0
DA:1739,0
DA:1750,0
DA:1753,0
DA:1754,0
DA:1755,0
DA:1757,0
DA:1758,0
DA:1760,0
DA:1762,0
DA:1777,0
DA:1778,0
DA:1787,0
DA:1788,0
DA:1789,0
DA:1791,0
DA:1792,0
DA:1799,0
DA:1800,0
DA:1801,0
DA:1808,0
DA:1809,0
DA:1811,0
DA:1813,0
DA:1823,0
DA:1824,0
DA:1833,0
DA:1834,0
DA:1835,0
DA:1837,0
DA:1839,0
DA:1840,0
DA:1841,0
DA:1843,0
DA:1845,0
DA:1846,0
DA:1851,0
DA:1867,0
DA:1870,0
DA:1871,0
DA:1882,0
DA:1885,0
DA:1886,0
DA:1893,0
DA:1894,0
DA:1896,0
DA:1898,0
DA:1899,0
DA:1900,0
DA:1901,0
DA:1903,0
DA:1904,0
DA:1905,0
DA:1906,0
DA:1907,0
DA:1915,0
DA:1918,0
DA:1919,0
DA:1920,0
DA:1921,0
DA:1922,0
DA:1923,0
DA:1925,0
DA:1929,0
DA:1930,0
DA:1931,0
DA:1932,0
DA:1935,0
DA:1936,0
DA:1937,0
DA:1941,0
DA:1946,0
DA:1947,0
DA:1948,0
DA:1950,0
DA:1951,0
DA:1952,0
DA:1953,0
DA:1955,0
DA:1957,0
DA:1965,0
DA:1972,0
DA:1973,0
DA:1974,0
DA:1975,0
DA:1977,0
DA:1979,0
DA:1981,0
DA:1982,0
DA:1986,0
DA:1987,0
DA:1992,0
DA:1993,0
DA:1994,0
DA:1995,0
DA:1997,0
DA:1998,0
DA:1999,0
DA:2000,0
DA:2002,0
DA:2010,0
DA:2011,0
DA:2018,0
DA:2019,0
DA:2020,0
DA:2023,0
DA:2024,0
DA:2031,0
DA:2035,0
DA:2036,0
DA:2042,0
DA:2053,0
DA:2055,0
DA:2056,0
DA:2064,0
DA:2065,0
DA:2066,0
DA:2067,0
DA:2070,0
DA:2072,0
DA:2073,0
DA:2079,0
DA:2084,0
DA:2086,0
DA:2087,0
DA:2095,0
DA:2096,0
DA:2097,0
DA:2098,0
DA:2099,0
DA:2101,0
DA:2102,0
DA:2110,0
DA:2111,0
DA:2112,0
DA:2114,0
DA:2115,0
DA:2121,0
DA:2126,0
DA:2127,0
DA:2135,0
DA:2136,0
DA:2137,0
DA:2141,0
DA:2147,0
DA:2148,0
DA:2156,0
DA:2157,0
DA:2164,0
DA:2165,0
DA:2172,0
DA:2173,0
DA:2175,0
DA:2176,0
DA:2182,0
DA:2189,0
DA:2190,0
DA:2192,0
DA:2193,0
DA:2199,0
DA:2200,0
DA:2201,0
DA:2203,0
DA:2204,0
DA:2214,0
DA:2215,0
DA:2216,0
DA:2221,0
DA:2223,0
DA:2230,0
DA:2231,0
DA:2240,0
DA:2241,0
DA:2242,0
DA:2244,0
DA:2245,0
DA:2252,0
DA:2258,0
DA:2259,0
DA:2268,0
DA:2269,0
DA:2270,0
DA:2272,0
DA:2273,0
DA:2280,0
DA:2288,0
DA:2290,0
DA:2297,0
DA:2298,0
DA:2307,0
DA:2308,0
DA:2309,0
DA:2311,0
DA:2312,0
DA:2319,0
DA:2326,0
DA:2327,0
DA:2336,0
DA:2337,0
DA:2338,0
DA:2340,0
DA:2341,0
DA:2348,0
DA:2354,0
DA:2355,0
DA:2365,0
DA:2366,0
DA:2367,0
DA:2368,0
DA:2370,0
DA:2384,0
DA:2385,0
DA:2393,0
DA:2394,0
DA:2395,0
DA:2398,0
DA:2404,0
DA:2411,0
DA:2412,0
DA:2423,0
DA:2424,0
DA:2425,0
DA:2426,0
DA:2427,0
DA:2429,0
DA:2440,0
DA:2441,0
DA:2450,0
DA:2451,0
DA:2452,0
DA:2455,0
DA:2463,0
DA:2464,0
DA:2466,0
DA:2473,0
DA:2475,0
DA:2482,0
DA:2483,0
DA:2492,0
DA:2493,0
DA:2494,0
DA:2495,0
DA:2496,0
DA:2500,0
DA:2501,0
DA:2504,0
DA:2508,0
DA:2511,0
DA:2512,0
DA:2515,0
DA:2516,0
DA:2517,0
DA:2520,0
DA:2521,0
DA:2524,0
DA:2527,0
DA:2528,0
DA:2535,0
DA:2538,0
DA:2539,0
DA:2543,0
DA:2546,0
DA:2547,0
DA:2552,0
DA:2555,0
DA:2556,0
DA:2557,0
DA:2559,0
DA:2560,0
DA:2561,0
DA:2563,0
DA:2564,0
DA:2565,0
DA:2566,0
DA:2568,0
DA:2569,0
DA:2573,0
DA:2574,0
DA:2575,0
DA:2579,0
DA:2580,0
DA:2584,0
DA:2585,0
DA:2586,0
DA:2599,0
DA:2600,0
DA:2608,0
DA:2609,0
DA:2617,0
DA:2618,0
DA:2626,0
DA:2627,0
DA:2629,0
DA:2630,0
DA:2636,0
DA:2638,0
DA:2646,0
DA:2647,0
DA:2649,0
DA:2650,0
DA:2656,0
DA:2658,0
DA:2666,0
DA:2667,0
DA:2669,0
DA:2671,0
DA:2681,0
DA:2682,0
DA:2683,0
DA:2692,0
DA:2695,0
DA:2697,0
DA:2704,0
DA:2705,0
DA:2714,0
DA:2715,0
DA:2716,0
DA:2721,0
DA:2723,0
DA:2730,0
DA:2731,0
DA:2740,0
DA:2741,0
DA:2742,0
DA:2744,0
DA:2745,0
DA:2752,0
DA:2759,0
DA:2760,0
DA:2769,0
DA:2770,0
DA:2771,0
DA:2780,0
DA:2781,0
DA:2784,0
DA:2791,0
DA:2801,0
DA:2802,0
DA:2805,0
DA:2816,0
DA:2817,0
DA:2818,0
DA:2819,0
DA:2821,0
DA:2822,0
DA:2824,0
DA:2825,0
DA:2826,0
DA:2827,0
DA:2829,0
DA:2830,0
DA:2833,0
DA:2834,0
DA:2835,0
DA:2836,0
DA:2838,0
DA:2839,0
DA:2840,0
DA:2841,0
DA:2842,0
DA:2844,0
DA:2845,0
DA:2846,0
DA:2852,0
DA:2859,0
DA:2860,0
DA:2862,0
DA:2863,0
DA:2864,0
DA:2867,0
DA:2868,0
DA:2869,0
DA:2870,0
DA:2874,0
DA:2875,0
DA:2877,0
LF:874
LH:0
BRDA:36,0,0,0
BRDA:36,0,1,0
BRDA:43,1,0,0
BRDA:43,1,1,0
BRDA:49,2,0,0
BRDA:49,2,1,0
BRDA:56,3,0,0
BRDA:56,3,1,0
BRDA:74,4,0,0
BRDA:74,4,1,0
BRDA:74,5,0,0
BRDA:74,5,1,0
BRDA:96,6,0,0
BRDA:96,6,1,0
BRDA:144,7,0,0
BRDA:144,7,1,0
BRDA:157,8,0,0
BRDA:157,8,1,0
BRDA:158,9,0,0
BRDA:158,9,1,0
BRDA:162,10,0,0
BRDA:162,10,1,0
BRDA:206,11,0,0
BRDA:206,11,1,0
BRDA:208,12,0,0
BRDA:208,12,1,0
BRDA:221,13,0,0
BRDA:221,13,1,0
BRDA:285,14,0,0
BRDA:285,14,1,0
BRDA:285,15,0,0
BRDA:285,15,1,0
BRDA:289,16,0,0
BRDA:289,16,1,0
BRDA:289,17,0,0
BRDA:289,17,1,0
BRDA:291,18,0,0
BRDA:291,18,1,0
BRDA:292,19,0,0
BRDA:292,19,1,0
BRDA:306,20,0,0
BRDA:306,20,1,0
BRDA:313,21,0,0
BRDA:313,21,1,0
BRDA:314,22,0,0
BRDA:314,22,1,0
BRDA:314,22,2,0
BRDA:319,23,0,0
BRDA:319,23,1,0
BRDA:338,24,0,0
BRDA:338,24,1,0
BRDA:342,25,0,0
BRDA:342,25,1,0
BRDA:342,26,0,0
BRDA:342,26,1,0
BRDA:353,27,0,0
BRDA:353,27,1,0
BRDA:363,28,0,0
BRDA:363,28,1,0
BRDA:363,29,0,0
BRDA:363,29,1,0
BRDA:364,30,0,0
BRDA:364,30,1,0
BRDA:364,30,2,0
BRDA:402,31,0,0
BRDA:402,31,1,0
BRDA:423,32,0,0
BRDA:423,32,1,0
BRDA:463,33,0,0
BRDA:463,33,1,0
BRDA:491,34,0,0
BRDA:491,34,1,0
BRDA:491,35,0,0
BRDA:491,35,1,0
BRDA:491,35,2,0
BRDA:503,36,0,0
BRDA:503,36,1,0
BRDA:504,37,0,0
BRDA:504,37,1,0
BRDA:505,38,0,0
BRDA:505,38,1,0
BRDA:506,39,0,0
BRDA:506,39,1,0
BRDA:533,40,0,0
BRDA:533,40,1,0
BRDA:562,41,0,0
BRDA:562,41,1,0
BRDA:595,42,0,0
BRDA:595,42,1,0
BRDA:596,43,0,0
BRDA:596,43,1,0
BRDA:597,44,0,0
BRDA:597,44,1,0
BRDA:599,45,0,0
BRDA:599,45,1,0
BRDA:605,46,0,0
BRDA:605,46,1,0
BRDA:608,47,0,0
BRDA:608,47,1,0
BRDA:625,48,0,0
BRDA:625,48,1,0
BRDA:646,49,0,0
BRDA:646,49,1,0
BRDA:646,50,0,0
BRDA:646,50,1,0
BRDA:673,51,0,0
BRDA:673,51,1,0
BRDA:683,52,0,0
BRDA:683,52,1,0
BRDA:695,53,0,0
BRDA:695,53,1,0
BRDA:705,54,0,0
BRDA:705,54,1,0
BRDA:711,55,0,0
BRDA:711,55,1,0
BRDA:718,56,0,0
BRDA:718,56,1,0
BRDA:739,57,0,0
BRDA:742,58,0,0
BRDA:742,58,1,0
BRDA:742,59,0,0
BRDA:742,59,1,0
BRDA:751,60,0,0
BRDA:751,60,1,0
BRDA:766,61,0,0
BRDA:766,61,1,0
BRDA:768,62,0,0
BRDA:768,62,1,0
BRDA:768,63,0,0
BRDA:768,63,1,0
BRDA:825,64,0,0
BRDA:825,64,1,0
BRDA:825,65,0,0
BRDA:825,65,1,0
BRDA:834,66,0,0
BRDA:834,66,1,0
BRDA:843,67,0,0
BRDA:843,67,1,0
BRDA:896,68,0,0
BRDA:896,68,1,0
BRDA:939,69,0,0
BRDA:942,70,0,0
BRDA:942,70,1,0
BRDA:987,71,0,0
BRDA:987,71,1,0
BRDA:988,72,0,0
BRDA:988,72,1,0
BRDA:996,73,0,0
BRDA:996,73,1,0
BRDA:1061,74,0,0
BRDA:1061,74,1,0
BRDA:1066,75,0,0
BRDA:1066,75,1,0
BRDA:1067,76,0,0
BRDA:1067,76,1,0
BRDA:1093,77,0,0
BRDA:1093,78,0,0
BRDA:1093,79,0,0
BRDA:1138,80,0,0
BRDA:1138,80,1,0
BRDA:1172,81,0,0
BRDA:1172,81,1,0
BRDA:1191,82,0,0
BRDA:1191,82,1,0
BRDA:1191,83,0,0
BRDA:1191,83,1,0
BRDA:1191,83,2,0
BRDA:1191,83,3,0
BRDA:1204,84,0,0
BRDA:1204,84,1,0
BRDA:1205,85,0,0
BRDA:1205,85,1,0
BRDA:1206,86,0,0
BRDA:1206,86,1,0
BRDA:1216,87,0,0
BRDA:1216,87,1,0
BRDA:1220,88,0,0
BRDA:1220,88,1,0
BRDA:1224,89,0,0
BRDA:1224,89,1,0
BRDA:1272,90,0,0
BRDA:1272,90,1,0
BRDA:1272,91,0,0
BRDA:1272,91,1,0
BRDA:1299,92,0,0
BRDA:1299,92,1,0
BRDA:1299,92,2,0
BRDA:1306,93,0,0
BRDA:1306,93,1,0
BRDA:1310,94,0,0
BRDA:1310,94,1,0
BRDA:1315,95,0,0
BRDA:1315,95,1,0
BRDA:1336,96,0,0
BRDA:1336,96,1,0
BRDA:1336,97,0,0
BRDA:1336,97,1,0
BRDA:1349,98,0,0
BRDA:1349,98,1,0
BRDA:1362,99,0,0
BRDA:1362,99,1,0
BRDA:1362,100,0,0
BRDA:1362,100,1,0
BRDA:1362,100,2,0
BRDA:1372,101,0,0
BRDA:1372,101,1,0
BRDA:1382,102,0,0
BRDA:1382,102,1,0
BRDA:1400,103,0,0
BRDA:1400,103,1,0
BRDA:1401,104,0,0
BRDA:1401,104,1,0
BRDA:1407,105,0,0
BRDA:1407,105,1,0
BRDA:1451,106,0,0
BRDA:1451,106,1,0
BRDA:1454,107,0,0
BRDA:1454,107,1,0
BRDA:1457,108,0,0
BRDA:1457,108,1,0
BRDA:1499,109,0,0
BRDA:1499,109,1,0
BRDA:1508,110,0,0
BRDA:1508,110,1,0
BRDA:1509,111,0,0
BRDA:1509,111,1,0
BRDA:1518,112,0,0
BRDA:1518,112,1,0
BRDA:1527,113,0,0
BRDA:1527,113,1,0
BRDA:1538,114,0,0
BRDA:1538,114,1,0
BRDA:1539,115,0,0
BRDA:1539,115,1,0
BRDA:1548,116,0,0
BRDA:1548,116,1,0
BRDA:1562,117,0,0
BRDA:1562,117,1,0
BRDA:1563,118,0,0
BRDA:1563,118,1,0
BRDA:1572,119,0,0
BRDA:1572,119,1,0
BRDA:1583,120,0,0
BRDA:1583,120,1,0
BRDA:1593,121,0,0
BRDA:1593,121,1,0
BRDA:1593,122,0,0
BRDA:1593,122,1,0
BRDA:1603,123,0,0
BRDA:1603,123,1,0
BRDA:1604,124,0,0
BRDA:1604,124,1,0
BRDA:1613,125,0,0
BRDA:1613,125,1,0
BRDA:1623,126,0,0
BRDA:1623,126,1,0
BRDA:1623,127,0,0
BRDA:1623,127,1,0
BRDA:1626,128,0,0
BRDA:1626,128,1,0
BRDA:1626,129,0,0
BRDA:1626,129,1,0
BRDA:1672,130,0,0
BRDA:1672,130,1,0
BRDA:1715,131,0,0
BRDA:1715,131,1,0
BRDA:1715,132,0,0
BRDA:1715,132,1,0
BRDA:1715,132,2,0
BRDA:1724,133,0,0
BRDA:1724,133,1,0
BRDA:1742,134,0,0
BRDA:1742,134,1,0
BRDA:1743,135,0,0
BRDA:1743,135,1,0
BRDA:1754,136,0,0
BRDA:1754,136,1,0
BRDA:1791,137,0,0
BRDA:1791,137,1,0
BRDA:1800,138,0,0
BRDA:1800,138,1,0
BRDA:1856,139,0,0
BRDA:1856,139,1,0
BRDA:1893,140,0,0
BRDA:1893,140,1,0
BRDA:1893,141,0,0
BRDA:1893,141,1,0
BRDA:1894,142,0,0
BRDA:1894,142,1,0
BRDA:1894,142,2,0
BRDA:1896,143,0,0
BRDA:1896,143,1,0
BRDA:1896,143,2,0
BRDA:1896,143,3,0
BRDA:1896,143,4,0
BRDA:1898,144,0,0
BRDA:1898,144,1,0
BRDA:1898,144,2,0
BRDA:1898,144,3,0
BRDA:1899,145,0,0
BRDA:1899,145,1,0
BRDA:1904,146,0,0
BRDA:1904,146,1,0
BRDA:1904,146,2,0
BRDA:1904,146,3,0
BRDA:1905,147,0,0
BRDA:1905,147,1,0
BRDA:1905,147,2,0
BRDA:1905,147,3,0
BRDA:1923,148,0,0
BRDA:1923,148,1,0
BRDA:1929,149,0,0
BRDA:1929,149,1,0
BRDA:1929,149,2,0
BRDA:1930,150,0,0
BRDA:1930,150,1,0
BRDA:1946,151,0,0
BRDA:1946,151,1,0
BRDA:1950,152,0,0
BRDA:1950,152,1,0
BRDA:1952,153,0,0
BRDA:1952,153,1,0
BRDA:1979,154,0,0
BRDA:1979,154,1,0
BRDA:1979,155,0,0
BRDA:1979,155,1,0
BRDA:1979,155,2,0
BRDA:1986,156,0,0
BRDA:1986,156,1,0
BRDA:1998,157,0,0
BRDA:1998,157,1,0
BRDA:2010,158,0,0
BRDA:2010,158,1,0
BRDA:2023,159,0,0
BRDA:2023,159,1,0
BRDA:2023,160,0,0
BRDA:2023,160,1,0
BRDA:2023,160,2,0
BRDA:2023,160,3,0
BRDA:2031,161,0,0
BRDA:2031,161,1,0
BRDA:2035,162,0,0
BRDA:2035,162,1,0
BRDA:2070,163,0,0
BRDA:2070,163,1,0
BRDA:2072,164,0,0
BRDA:2072,164,1,0
BRDA:2072,165,0,0
BRDA:2072,165,1,0
BRDA:2080,166,0,0
BRDA:2080,166,1,0
BRDA:2081,167,0,0
BRDA:2081,167,1,0
BRDA:2114,168,0,0
BRDA:2114,168,1,0
BRDA:2175,169,0,0
BRDA:2175,169,1,0
BRDA:2175,170,0,0
BRDA:2175,170,1,0
BRDA:2192,171,0,0
BRDA:2192,171,1,0
BRDA:2192,172,0,0
BRDA:2192,172,1,0
BRDA:2217,173,0,0
BRDA:2217,173,1,0
BRDA:2217,174,0,0
BRDA:2217,174,1,0
BRDA:2244,175,0,0
BRDA:2244,175,1,0
BRDA:2272,176,0,0
BRDA:2272,176,1,0
BRDA:2272,177,0,0
BRDA:2272,177,1,0
BRDA:2272,177,2,0
BRDA:2282,178,0,0
BRDA:2282,178,1,0
BRDA:2285,179,0,0
BRDA:2285,179,1,0
BRDA:2311,180,0,0
BRDA:2311,180,1,0
BRDA:2340,181,0,0
BRDA:2340,181,1,0
BRDA:2456,182,0,0
BRDA:2456,182,1,0
BRDA:2457,183,0,0
BRDA:2457,183,1,0
BRDA:2463,184,0,0
BRDA:2463,184,1,0
BRDA:2493,185,0,0
BRDA:2493,185,1,0
BRDA:2493,185,2,0
BRDA:2493,185,3,0
BRDA:2494,186,0,0
BRDA:2494,186,1,0
BRDA:2495,187,0,0
BRDA:2495,187,1,0
BRDA:2515,188,0,0
BRDA:2515,188,1,0
BRDA:2515,189,0,0
BRDA:2515,189,1,0
BRDA:2520,190,0,0
BRDA:2520,190,1,0
BRDA:2527,191,0,0
BRDA:2527,191,1,0
BRDA:2538,192,0,0
BRDA:2538,192,1,0
BRDA:2546,193,0,0
BRDA:2546,193,1,0
BRDA:2555,194,0,0
BRDA:2555,194,1,0
BRDA:2556,195,0,0
BRDA:2556,195,1,0
BRDA:2560,196,0,0
BRDA:2560,196,1,0
BRDA:2564,197,0,0
BRDA:2564,197,1,0
BRDA:2573,198,0,0
BRDA:2573,198,1,0
BRDA:2591,199,0,0
BRDA:2591,199,1,0
BRDA:2629,200,0,0
BRDA:2629,200,1,0
BRDA:2649,201,0,0
BRDA:2649,201,1,0
BRDA:2649,202,0,0
BRDA:2649,202,1,0
BRDA:2686,203,0,0
BRDA:2686,203,1,0
BRDA:2689,204,0,0
BRDA:2689,204,1,0
BRDA:2717,205,0,0
BRDA:2717,205,1,0
BRDA:2717,206,0,0
BRDA:2717,206,1,0
BRDA:2744,207,0,0
BRDA:2744,207,1,0
BRDA:2774,208,0,0
BRDA:2774,208,1,0
BRDA:2809,209,0,0
BRDA:2809,209,1,0
BRDA:2817,210,0,0
BRDA:2817,210,1,0
BRDA:2824,211,0,0
BRDA:2824,211,1,0
BRDA:2838,212,0,0
BRDA:2838,212,1,0
BRDA:2862,213,0,0
BRDA:2862,213,1,0
BRF:448
BRH:0
end_of_record
TN:
SF:api\index.js
FN:27,(anonymous_0)
FN:38,(anonymous_1)
FN:52,(anonymous_2)
FN:84,(anonymous_3)
FN:100,(anonymous_4)
FN:116,(anonymous_5)
FN:137,(anonymous_6)
FN:153,(anonymous_7)
FN:176,(anonymous_8)
FN:205,(anonymous_9)
FN:247,(anonymous_10)
FN:343,(anonymous_11)
FN:425,(anonymous_12)
FN:449,(anonymous_13)
FN:479,(anonymous_14)
FNF:15
FNH:12
FNDA:2,(anonymous_0)
FNDA:1,(anonymous_1)
FNDA:1,(anonymous_2)
FNDA:1,(anonymous_3)
FNDA:1,(anonymous_4)
FNDA:1,(anonymous_5)
FNDA:1,(anonymous_6)
FNDA:1,(anonymous_7)
FNDA:1,(anonymous_8)
FNDA:1,(anonymous_9)
FNDA:1,(anonymous_10)
FNDA:1,(anonymous_11)
FNDA:0,(anonymous_12)
FNDA:0,(anonymous_13)
FNDA:0,(anonymous_14)
DA:2,1
DA:3,1
DA:4,1
DA:6,1
DA:9,1
DA:12,1
DA:13,1
DA:14,1
DA:17,1
DA:25,1
DA:27,1
DA:28,2
DA:29,2
DA:30,2
DA:31,0
DA:32,0
DA:33,0
DA:38,1
DA:39,1
DA:52,1
DA:53,1
DA:84,1
DA:85,1
DA:86,1
DA:100,1
DA:101,1
DA:116,1
DA:117,1
DA:118,1
DA:120,1
DA:121,1
DA:122,0
DA:125,1
DA:137,1
DA:138,1
DA:153,1
DA:154,1
DA:155,1
DA:156,1
DA:158,1
DA:159,1
DA:160,1
DA:163,1
DA:176,1
DA:177,1
DA:178,1
DA:189,1
DA:192,1
DA:193,0
DA:196,1
DA:205,1
DA:206,1
DA:208,1
DA:209,0
DA:215,1
DA:216,1
DA:217,1
DA:220,1
DA:221,1
DA:222,1
DA:223,0
DA:224,0
DA:225,0
DA:226,0
DA:227,0
DA:228,0
DA:229,0
DA:230,0
DA:231,0
DA:233,0
DA:234,0
DA:237,1
DA:247,1
DA:248,1
DA:250,1
DA:251,0
DA:258,1
DA:259,1
DA:260,1
DA:261,1
DA:263,1
DA:264,0
DA:265,0
DA:278,0
DA:279,1
DA:280,0
DA:281,0
DA:297,0
DA:298,1
DA:299,1
DA:300,1
DA:318,1
DA:320,0
DA:328,0
DA:331,1
DA:343,1
DA:344,1
DA:346,1
DA:413,1
DA:415,1
DA:425,1
DA:426,0
DA:428,0
DA:429,0
DA:437,0
DA:449,1
DA:450,0
DA:452,0
DA:453,0
DA:460,0
DA:479,1
DA:480,0
DA:504,1
LF:113
LH:78
BRDA:17,0,0,1
BRDA:17,0,1,1
BRDA:25,1,0,1
BRDA:25,1,1,1
BRDA:30,2,0,0
BRDA:30,2,1,2
BRDA:43,3,0,1
BRDA:43,3,1,0
BRDA:120,4,0,1
BRDA:120,4,1,1
BRDA:121,5,0,0
BRDA:121,5,1,1
BRDA:130,6,0,1
BRDA:130,6,1,1
BRDA:158,7,0,1
BRDA:158,7,1,0
BRDA:158,7,2,0
BRDA:159,8,0,1
BRDA:159,8,1,0
BRDA:180,9,0,1
BRDA:180,9,1,0
BRDA:181,10,0,1
BRDA:181,10,1,0
BRDA:182,11,0,1
BRDA:182,11,1,1
BRDA:183,12,0,1
BRDA:183,12,1,0
BRDA:184,13,0,1
BRDA:184,13,1,1
BRDA:185,14,0,1
BRDA:185,14,1,1
BRDA:192,15,0,0
BRDA:192,15,1,1
BRDA:206,16,0,1
BRDA:206,16,1,0
BRDA:206,16,2,0
BRDA:208,17,0,0
BRDA:208,17,1,1
BRDA:220,18,0,1
BRDA:220,18,1,0
BRDA:220,19,0,1
BRDA:220,19,1,0
BRDA:223,20,0,0
BRDA:223,20,1,0
BRDA:226,21,0,0
BRDA:226,21,1,0
BRDA:229,22,0,0
BRDA:229,22,1,0
BRDA:248,23,0,1
BRDA:248,23,1,0
BRDA:248,23,2,0
BRDA:250,24,0,0
BRDA:250,24,1,1
BRDA:263,25,0,0
BRDA:263,25,1,1
BRDA:279,26,0,0
BRDA:279,26,1,1
BRDA:298,27,0,1
BRDA:298,27,1,0
BRDA:344,28,0,1
BRDA:344,28,1,1
BRDA:413,29,0,1
BRDA:413,29,1,1
BRDA:428,30,0,0
BRDA:428,30,1,0
BRDA:442,31,0,0
BRDA:442,31,1,0
BRDA:452,32,0,0
BRDA:452,32,1,0
BRDA:452,33,0,0
BRDA:452,33,1,0
BRF:71
BRH:36
end_of_record
